;  LST file generated by mikroListExporter - v.2.0 
; Date/Time: 29/03/2021 19:17:14
;----------------------------------------------

;Address Opcode 	ASM
0x0000	0xF000EF3C  	GOTO        120
_interrupt:
;kitt_timer.c,85 :: 		void interrupt()
0x0008	0xF015C000  	MOVFF       R0, 21
;kitt_timer.c,87 :: 		if (INTCON.RBIF)
0x000C	0xA0F2      	BTFSS       INTCON, 0 
0x000E	0xD021      	BRA         L_interrupt8
;kitt_timer.c,89 :: 		if (PORTB.RB7)
0x0010	0xAE81      	BTFSS       PORTB, 7 
0x0012	0xD00E      	BRA         L_interrupt9
;kitt_timer.c,91 :: 		if (kitt_delay < 5000)
0x0014	0x0E80      	MOVLW       128
0x0016	0x1817      	XORWF       _kitt_delay+1, 0 
0x0018	0x6E00      	MOVWF       R0 
0x001A	0x0E80      	MOVLW       128
0x001C	0x0A13      	XORLW       19
0x001E	0x5C00      	SUBWF       R0, 0 
0x0020	0xE102      	BNZ         L__interrupt19
0x0022	0x0E88      	MOVLW       136
0x0024	0x5C16      	SUBWF       _kitt_delay, 0 
L__interrupt19:
0x0026	0xE204      	BC          L_interrupt10
;kitt_timer.c,93 :: 		kitt_delay += 50;
0x0028	0x0E32      	MOVLW       50
0x002A	0x2616      	ADDWF       _kitt_delay, 1 
0x002C	0x0E00      	MOVLW       0
0x002E	0x2217      	ADDWFC      _kitt_delay+1, 1 
;kitt_timer.c,94 :: 		}
L_interrupt10:
;kitt_timer.c,95 :: 		}
L_interrupt9:
;kitt_timer.c,96 :: 		if (PORTB.RB6)
0x0030	0xAC81      	BTFSS       PORTB, 6 
0x0032	0xD00D      	BRA         L_interrupt11
;kitt_timer.c,98 :: 		if (kitt_delay > 50)
0x0034	0x0E80      	MOVLW       128
0x0036	0x6E00      	MOVWF       R0 
0x0038	0x0E80      	MOVLW       128
0x003A	0x1817      	XORWF       _kitt_delay+1, 0 
0x003C	0x5C00      	SUBWF       R0, 0 
0x003E	0xE102      	BNZ         L__interrupt20
0x0040	0x5016      	MOVF        _kitt_delay, 0 
0x0042	0x0832      	SUBLW       50
L__interrupt20:
0x0044	0xE204      	BC          L_interrupt12
;kitt_timer.c,100 :: 		kitt_delay -= 50;
0x0046	0x0E32      	MOVLW       50
0x0048	0x5E16      	SUBWF       _kitt_delay, 1 
0x004A	0x0E00      	MOVLW       0
0x004C	0x5A17      	SUBWFB      _kitt_delay+1, 1 
;kitt_timer.c,101 :: 		}
L_interrupt12:
;kitt_timer.c,102 :: 		}
L_interrupt11:
;kitt_timer.c,103 :: 		INTCON.RBIF = 0; //pulisco l'interrupt flag
0x004E	0x90F2      	BCF         INTCON, 0 
;kitt_timer.c,104 :: 		}
0x0050	0xD008      	BRA         L_interrupt13
L_interrupt8:
;kitt_timer.c,105 :: 		else if (INTCON.TMR0IF)
0x0052	0xA4F2      	BTFSS       INTCON, 2 
0x0054	0xD006      	BRA         L_interrupt14
;kitt_timer.c,107 :: 		INTCON.TMR0IF = 0;
0x0056	0x94F2      	BCF         INTCON, 2 
;kitt_timer.c,108 :: 		INTCON.TMR0IF = 0;
0x0058	0x94F2      	BCF         INTCON, 2 
;kitt_timer.c,110 :: 		kitt_ms += 33;
0x005A	0x0E21      	MOVLW       33
0x005C	0x2618      	ADDWF       _kitt_ms, 1 
0x005E	0x0E00      	MOVLW       0
0x0060	0x2219      	ADDWFC      _kitt_ms+1, 1 
;kitt_timer.c,115 :: 		}
L_interrupt14:
L_interrupt13:
;kitt_timer.c,116 :: 		}
L_end_interrupt:
L__interrupt18:
0x0062	0xF000C015  	MOVFF       21, R0
0x0066	0x0011      	RETFIE      1
; end of _interrupt
___CC2DW:
;__Lib_System.c,21 :: 		
;__Lib_System.c,23 :: 		
_CC2DL_Loop1:
;__Lib_System.c,24 :: 		
0x0068	0x0009      	TBLRD*+
;__Lib_System.c,25 :: 		
0x006A	0xFFE6CFF5  	MOVFF       TABLAT, POSTINC1
;__Lib_System.c,26 :: 		
0x006E	0x0600      	DECF        R0, 1, 0
;__Lib_System.c,27 :: 		
0x0070	0xE1FB      	BNZ         _CC2DL_Loop1
;__Lib_System.c,28 :: 		
0x0072	0x0601      	DECF        R1, 1, 0
;__Lib_System.c,29 :: 		
0x0074	0xE1F9      	BNZ         _CC2DL_Loop1
;__Lib_System.c,31 :: 		
L_end___CC2DW:
0x0076	0x0012      	RETURN      0
; end of ___CC2DW
_main:
0x0078	0x0EE8      	MOVLW       232
0x007A	0x6E16      	MOVWF       _kitt_delay 
0x007C	0x0E03      	MOVLW       3
0x007E	0x6E17      	MOVWF       23 
0x0080	0x6A18      	CLRF        _kitt_ms 
0x0082	0x6A19      	CLRF        25 
;kitt_timer.c,3 :: 		void main()
;kitt_timer.c,5 :: 		short unsigned int dir = 1; //usato in while 1
0x0084	0x0E01      	MOVLW       1
0x0086	0x6E1A      	MOVWF       main_dir_L0 
;kitt_timer.c,7 :: 		T0CON = 0b11000111;
0x0088	0x0EC7      	MOVLW       199
0x008A	0x6ED5      	MOVWF       T0CON 
;kitt_timer.c,21 :: 		TRISB.RB6 = 1;  //RB6 input
0x008C	0x8C93      	BSF         TRISB, 6 
;kitt_timer.c,22 :: 		TRISB.RB7 = 1;  //RB7 input
0x008E	0x8E93      	BSF         TRISB, 7 
;kitt_timer.c,23 :: 		ANSELB.RB6 = 0; //RB6 digital input
0x0090	0x010F      	MOVLB       15
0x0092	0x9D39      	BCF         ANSELB, 6, 1
;kitt_timer.c,24 :: 		ANSELB.RB7 = 0; //RB7 digital inpunt
0x0094	0x9F39      	BCF         ANSELB, 7, 1
;kitt_timer.c,25 :: 		IOCB = 0b11000000;
0x0096	0x0EC0      	MOVLW       192
0x0098	0x6E62      	MOVWF       IOCB 
;kitt_timer.c,28 :: 		TRISC = 0b00000000; //all port as output
0x009A	0x6A94      	CLRF        TRISC 
;kitt_timer.c,29 :: 		LATC = 0b00000001;  //RC0 high
0x009C	0x0E01      	MOVLW       1
0x009E	0x6E8B      	MOVWF       LATC 
;kitt_timer.c,32 :: 		INTCON.TMR0IE = 1;
0x00A0	0x8AF2      	BSF         INTCON, 5 
;kitt_timer.c,33 :: 		INTCON.TMR0IF = 0;
0x00A2	0x94F2      	BCF         INTCON, 2 
;kitt_timer.c,34 :: 		INTCON.RBIE = 1;
0x00A4	0x86F2      	BSF         INTCON, 3 
;kitt_timer.c,35 :: 		INTCON.RBIF = 0;
0x00A6	0x90F2      	BCF         INTCON, 0 
;kitt_timer.c,36 :: 		INTCON.GIE = 1;
0x00A8	0x8EF2      	BSF         INTCON, 7 
;kitt_timer.c,51 :: 		while(1){
L_main0:
;kitt_timer.c,52 :: 		if(kitt_ms>=kitt_delay){
0x00AA	0x0E80      	MOVLW       128
0x00AC	0x1819      	XORWF       _kitt_ms+1, 0 
0x00AE	0x6E00      	MOVWF       R0 
0x00B0	0x0E80      	MOVLW       128
0x00B2	0x1817      	XORWF       _kitt_delay+1, 0 
0x00B4	0x5C00      	SUBWF       R0, 0 
0x00B6	0xE102      	BNZ         L__main16
0x00B8	0x5016      	MOVF        _kitt_delay, 0 
0x00BA	0x5C18      	SUBWF       _kitt_ms, 0 
L__main16:
0x00BC	0xE31B      	BNC         L_main2
;kitt_timer.c,54 :: 		kitt_ms = 0;
0x00BE	0x6A18      	CLRF        _kitt_ms 
0x00C0	0x6A19      	CLRF        _kitt_ms+1 
;kitt_timer.c,57 :: 		if(dir)
0x00C2	0x521A      	MOVF        main_dir_L0, 1 
0x00C4	0xE007      	BZ          L_main3
;kitt_timer.c,58 :: 		LATC <<= 1;
0x00C6	0xF000CF8B  	MOVFF       LATC, R0
0x00CA	0x3600      	RLCF        R0, 1 
0x00CC	0x9000      	BCF         R0, 0 
0x00CE	0xFF8BC000  	MOVFF       R0, LATC
0x00D2	0xD006      	BRA         L_main4
L_main3:
;kitt_timer.c,60 :: 		LATC >>= 1;
0x00D4	0xF000CF8B  	MOVFF       LATC, R0
0x00D8	0x3200      	RRCF        R0, 1 
0x00DA	0x9E00      	BCF         R0, 7 
0x00DC	0xFF8BC000  	MOVFF       R0, LATC
L_main4:
;kitt_timer.c,71 :: 		if(LATC == 0b00000001)
0x00E0	0x508B      	MOVF        LATC, 0 
0x00E2	0x0A01      	XORLW       1
0x00E4	0xE103      	BNZ         L_main5
;kitt_timer.c,72 :: 		dir = 1;
0x00E6	0x0E01      	MOVLW       1
0x00E8	0x6E1A      	MOVWF       main_dir_L0 
0x00EA	0xD004      	BRA         L_main6
L_main5:
;kitt_timer.c,73 :: 		else if(LATC == 0b10000000)
0x00EC	0x508B      	MOVF        LATC, 0 
0x00EE	0x0A80      	XORLW       128
0x00F0	0xB4D8      	BTFSC       STATUS, 2 
;kitt_timer.c,74 :: 		dir = 0;
0x00F2	0x6A1A      	CLRF        main_dir_L0 
L_main7:
L_main6:
;kitt_timer.c,79 :: 		}
L_main2:
;kitt_timer.c,82 :: 		}
0x00F4	0xD7DA      	BRA         L_main0
;kitt_timer.c,83 :: 		}
L_end_main:
0x00F6	0xD7FF      	BRA         $+0
; end of _main
Symbol List:
//** Routines locations **
//ADDRESS    SIZE    PROCEDURE
//----------------------------------------------
0x0008      [96]    _interrupt
0x0068      [16]    ___CC2DW
0x0078     [128]    _main
//** Variables locations ** 
//ADDRESS    SIZE    VARIABLE
//----------------------------------------------
0x0000       [1]    R0
0x0001       [1]    R1
0x0002       [1]    R2
0x0003       [1]    R3
0x0004       [1]    R4
0x0005       [1]    R5
0x0006       [1]    R6
0x0007       [1]    R7
0x0008       [1]    R8
0x0009       [1]    R9
0x000A       [1]    R10
0x000B       [1]    R11
0x000C       [1]    R12
0x000D       [1]    R13
0x000E       [1]    R14
0x000F       [1]    R15
0x0010       [1]    R16
0x0011       [1]    R17
0x0012       [1]    R18
0x0013       [1]    R19
0x0014       [1]    R20
0x0016       [2]    _kitt_delay
0x0018       [2]    _kitt_ms
0x001A       [1]    main_dir_L0
0x0F39       [1]    ANSELB
0x0F62       [1]    IOCB
0x0F81       [1]    PORTB
0x0F8B       [1]    LATC
0x0F93       [1]    TRISB
0x0F94       [1]    TRISC
0x0FD5       [1]    T0CON
0x0FD8       [1]    STATUS
0x0FD9       [1]    FSR2L
0x0FDA       [1]    FSR2H
0x0FDE       [1]    POSTINC2
0x0FE0       [1]    BSR
0x0FE1       [1]    FSR1L
0x0FE2       [1]    FSR1H
0x0FE4       [1]    PREINC1
0x0FE6       [1]    POSTINC1
0x0FE7       [1]    INDF1
0x0FE8       [1]    WREG
0x0FE9       [1]    FSR0L
0x0FEA       [1]    FSR0H
0x0FEE       [1]    POSTINC0
0x0FF2       [1]    INTCON
0x0FF3       [1]    PRODL
0x0FF4       [1]    PRODH
0x0FF5       [1]    TABLAT
0x0FF6       [1]    TBLPTRL
0x0FF7       [1]    TBLPTRH
0x0FF8       [1]    TBLPTRU
