;  LST file generated by mikroListExporter - v.2.0 
; Date/Time: 26/04/2021 13:31:33
;----------------------------------------------

;Address Opcode 	ASM
0x0000	0xF002EF20  	GOTO        1088
_interrupt:
;LAB4_Step3.c,170 :: 		void interrupt()
0x0008	0xF015C000  	MOVFF       R0, 21
;LAB4_Step3.c,172 :: 		if (INTCON.TMR0IF)
0x000C	0xA4F2      	BTFSS       INTCON, 2 
0x000E	0xD00D      	BRA         L_interrupt33
;LAB4_Step3.c,174 :: 		INTCON.TMR0IF = 0;
0x0010	0x94F2      	BCF         INTCON, 2 
;LAB4_Step3.c,175 :: 		TMR0L = 248;
0x0012	0x0EF8      	MOVLW       248
0x0014	0x6ED6      	MOVWF       TMR0L 
;LAB4_Step3.c,176 :: 		if (timer_go == 1)
0x0016	0x0E00      	MOVLW       0
0x0018	0x1819      	XORWF       _timer_go+1, 0 
0x001A	0xE102      	BNZ         L__interrupt46
0x001C	0x0E01      	MOVLW       1
0x001E	0x1818      	XORWF       _timer_go, 0 
L__interrupt46:
0x0020	0xE102      	BNZ         L_interrupt34
;LAB4_Step3.c,178 :: 		counter_ms++;
0x0022	0x4A27      	INFSNZ      _counter_ms, 1 
0x0024	0x2A28      	INCF        _counter_ms+1, 1 
;LAB4_Step3.c,179 :: 		}
L_interrupt34:
;LAB4_Step3.c,180 :: 		counter_kitt++;
0x0026	0x4A1F      	INFSNZ      _counter_kitt, 1 
0x0028	0x2A20      	INCF        _counter_kitt+1, 1 
;LAB4_Step3.c,181 :: 		}
L_interrupt33:
;LAB4_Step3.c,182 :: 		}
L_end_interrupt:
L__interrupt45:
0x002A	0xF000C015  	MOVFF       21, R0
0x002E	0x0011      	RETFIE      1
; end of _interrupt
_Delay_5500us:
;__Lib_Delays.c,31 :: 		void Delay_5500us() {
;__Lib_Delays.c,32 :: 		Delay_us(5500);
0x0030	0x0E0F      	MOVLW       15
0x0032	0x6E0C      	MOVWF       R12, 0
0x0034	0x0E47      	MOVLW       71
0x0036	0x6E0D      	MOVWF       R13, 0
L_Delay_5500us5:
0x0038	0x2E0D      	DECFSZ      R13, 1, 0
0x003A	0xD7FE      	BRA         L_Delay_5500us5
0x003C	0x2E0C      	DECFSZ      R12, 1, 0
0x003E	0xD7FC      	BRA         L_Delay_5500us5
0x0040	0x0000      	NOP
0x0042	0x0000      	NOP
;__Lib_Delays.c,33 :: 		}
L_end_Delay_5500us:
0x0044	0x0012      	RETURN      0
; end of _Delay_5500us
_Delay_50us:
;__Lib_Delays.c,19 :: 		void Delay_50us() {
;__Lib_Delays.c,20 :: 		Delay_us(50);
0x0046	0x0E21      	MOVLW       33
0x0048	0x6E0D      	MOVWF       R13, 0
L_Delay_50us2:
0x004A	0x2E0D      	DECFSZ      R13, 1, 0
0x004C	0xD7FE      	BRA         L_Delay_50us2
;__Lib_Delays.c,21 :: 		}
L_end_Delay_50us:
0x004E	0x0012      	RETURN      0
; end of _Delay_50us
_Delay_1us:
;__Lib_Delays.c,7 :: 		void Delay_1us() {
;__Lib_Delays.c,8 :: 		Delay_us(1);
0x0050	0x0000      	NOP
0x0052	0x0000      	NOP
;__Lib_Delays.c,9 :: 		}
L_end_Delay_1us:
0x0054	0x0012      	RETURN      0
; end of _Delay_1us
_Lcd_Cmd:
;__Lib_Lcd.c,18 :: 		
;__Lib_Lcd.c,20 :: 		
0x0056	0x0100      	MOVLB       0
0x0058	0xBF75      	BTFSC       FARG_Lcd_Cmd_out_char, 7, 1
0x005A	0xD002      	BRA         L__Lcd_Cmd21
0x005C	0x968A      	BCF         LCD_D7, BitPos(LCD_D7+0) 
0x005E	0xD001      	BRA         L__Lcd_Cmd22
L__Lcd_Cmd21:
0x0060	0x868A      	BSF         LCD_D7, BitPos(LCD_D7+0) 
L__Lcd_Cmd22:
;__Lib_Lcd.c,21 :: 		
0x0062	0xBD75      	BTFSC       FARG_Lcd_Cmd_out_char, 6, 1
0x0064	0xD002      	BRA         L__Lcd_Cmd23
0x0066	0x948A      	BCF         LCD_D6, BitPos(LCD_D6+0) 
0x0068	0xD001      	BRA         L__Lcd_Cmd24
L__Lcd_Cmd23:
0x006A	0x848A      	BSF         LCD_D6, BitPos(LCD_D6+0) 
L__Lcd_Cmd24:
;__Lib_Lcd.c,22 :: 		
0x006C	0xBB75      	BTFSC       FARG_Lcd_Cmd_out_char, 5, 1
0x006E	0xD002      	BRA         L__Lcd_Cmd25
0x0070	0x928A      	BCF         LCD_D5, BitPos(LCD_D5+0) 
0x0072	0xD001      	BRA         L__Lcd_Cmd26
L__Lcd_Cmd25:
0x0074	0x828A      	BSF         LCD_D5, BitPos(LCD_D5+0) 
L__Lcd_Cmd26:
;__Lib_Lcd.c,23 :: 		
0x0076	0xB975      	BTFSC       FARG_Lcd_Cmd_out_char, 4, 1
0x0078	0xD002      	BRA         L__Lcd_Cmd27
0x007A	0x908A      	BCF         LCD_D4, BitPos(LCD_D4+0) 
0x007C	0xD001      	BRA         L__Lcd_Cmd28
L__Lcd_Cmd27:
0x007E	0x808A      	BSF         LCD_D4, BitPos(LCD_D4+0) 
L__Lcd_Cmd28:
;__Lib_Lcd.c,25 :: 		
0x0080	0xB02B      	BTFSC       __Lib_Lcd_cmd_status, BitPos(__Lib_Lcd_cmd_status+0) 
0x0082	0xD002      	BRA         L__Lcd_Cmd29
0x0084	0x888A      	BSF         LCD_RS, BitPos(LCD_RS+0) 
0x0086	0xD001      	BRA         L__Lcd_Cmd30
L__Lcd_Cmd29:
0x0088	0x988A      	BCF         LCD_RS, BitPos(LCD_RS+0) 
L__Lcd_Cmd30:
;__Lib_Lcd.c,28 :: 		
0x008A	0x8A8A      	BSF         LCD_EN, BitPos(LCD_EN+0) 
;__Lib_Lcd.c,29 :: 		
0x008C	0xDFE1      	RCALL       _Delay_1us
;__Lib_Lcd.c,30 :: 		
0x008E	0x9A8A      	BCF         LCD_EN, BitPos(LCD_EN+0) 
;__Lib_Lcd.c,33 :: 		
0x0090	0xB775      	BTFSC       FARG_Lcd_Cmd_out_char, 3, 1
0x0092	0xD002      	BRA         L__Lcd_Cmd31
0x0094	0x968A      	BCF         LCD_D7, BitPos(LCD_D7+0) 
0x0096	0xD001      	BRA         L__Lcd_Cmd32
L__Lcd_Cmd31:
0x0098	0x868A      	BSF         LCD_D7, BitPos(LCD_D7+0) 
L__Lcd_Cmd32:
;__Lib_Lcd.c,34 :: 		
0x009A	0xB575      	BTFSC       FARG_Lcd_Cmd_out_char, 2, 1
0x009C	0xD002      	BRA         L__Lcd_Cmd33
0x009E	0x948A      	BCF         LCD_D6, BitPos(LCD_D6+0) 
0x00A0	0xD001      	BRA         L__Lcd_Cmd34
L__Lcd_Cmd33:
0x00A2	0x848A      	BSF         LCD_D6, BitPos(LCD_D6+0) 
L__Lcd_Cmd34:
;__Lib_Lcd.c,35 :: 		
0x00A4	0xB375      	BTFSC       FARG_Lcd_Cmd_out_char, 1, 1
0x00A6	0xD002      	BRA         L__Lcd_Cmd35
0x00A8	0x928A      	BCF         LCD_D5, BitPos(LCD_D5+0) 
0x00AA	0xD001      	BRA         L__Lcd_Cmd36
L__Lcd_Cmd35:
0x00AC	0x828A      	BSF         LCD_D5, BitPos(LCD_D5+0) 
L__Lcd_Cmd36:
;__Lib_Lcd.c,36 :: 		
0x00AE	0xB175      	BTFSC       FARG_Lcd_Cmd_out_char, 0, 1
0x00B0	0xD002      	BRA         L__Lcd_Cmd37
0x00B2	0x908A      	BCF         LCD_D4, BitPos(LCD_D4+0) 
0x00B4	0xD001      	BRA         L__Lcd_Cmd38
L__Lcd_Cmd37:
0x00B6	0x808A      	BSF         LCD_D4, BitPos(LCD_D4+0) 
L__Lcd_Cmd38:
;__Lib_Lcd.c,38 :: 		
0x00B8	0xB02B      	BTFSC       __Lib_Lcd_cmd_status, BitPos(__Lib_Lcd_cmd_status+0) 
0x00BA	0xD002      	BRA         L__Lcd_Cmd39
0x00BC	0x888A      	BSF         LCD_RS, BitPos(LCD_RS+0) 
0x00BE	0xD001      	BRA         L__Lcd_Cmd40
L__Lcd_Cmd39:
0x00C0	0x988A      	BCF         LCD_RS, BitPos(LCD_RS+0) 
L__Lcd_Cmd40:
;__Lib_Lcd.c,40 :: 		
0x00C2	0x8A8A      	BSF         LCD_EN, BitPos(LCD_EN+0) 
;__Lib_Lcd.c,41 :: 		
0x00C4	0xDFC5      	RCALL       _Delay_1us
;__Lib_Lcd.c,42 :: 		
0x00C6	0x9A8A      	BCF         LCD_EN, BitPos(LCD_EN+0) 
;__Lib_Lcd.c,44 :: 		
0x00C8	0xA02B      	BTFSS       __Lib_Lcd_cmd_status, BitPos(__Lib_Lcd_cmd_status+0) 
0x00CA	0xD002      	BRA         L_Lcd_Cmd0
;__Lib_Lcd.c,45 :: 		
0x00CC	0xDFB1      	RCALL       _Delay_5500us
0x00CE	0xD001      	BRA         L_Lcd_Cmd1
L_Lcd_Cmd0:
;__Lib_Lcd.c,47 :: 		
0x00D0	0xDFBA      	RCALL       _Delay_50us
L_Lcd_Cmd1:
;__Lib_Lcd.c,48 :: 		
L_end_Lcd_Cmd:
0x00D2	0x0012      	RETURN      0
; end of _Lcd_Cmd
_Div_16X16_U:
;__Lib_Math.c,102 :: 		
;__Lib_Math.c,109 :: 		
0x00D4	0x6A08      	CLRF        R8, 0
;__Lib_Math.c,110 :: 		
0x00D6	0x6A09      	CLRF        R9, 0
;__Lib_Math.c,111 :: 		
0x00D8	0x0E10      	MOVLW       16
;__Lib_Math.c,112 :: 		
0x00DA	0x6E0C      	MOVWF       R12, 0
;__Lib_Math.c,113 :: 		
0x00DC	0x3401      	RLCF        R1, 0, 0
;__Lib_Math.c,114 :: 		
0x00DE	0x3608      	RLCF        R8, 1, 0
;__Lib_Math.c,115 :: 		
0x00E0	0x3609      	RLCF        R9, 1, 0
;__Lib_Math.c,116 :: 		
0x00E2	0x5004      	MOVF        R4, 0, 0
;__Lib_Math.c,117 :: 		
0x00E4	0x5E08      	SUBWF       R8, 1, 0
;__Lib_Math.c,118 :: 		
0x00E6	0x5005      	MOVF        R5, 0, 0
;__Lib_Math.c,119 :: 		
0x00E8	0xA0D8      	BTFSS       STATUS, 0, 0
;__Lib_Math.c,120 :: 		
0x00EA	0x3C05      	INCFSZ      R5, 0, 0
;__Lib_Math.c,121 :: 		
0x00EC	0x5E09      	SUBWF       R9, 1, 0
;__Lib_Math.c,122 :: 		
0x00EE	0xB0D8      	BTFSC       STATUS, 0, 0
;__Lib_Math.c,123 :: 		
0x00F0	0xD007      	BRA         $+16
;__Lib_Math.c,124 :: 		
0x00F2	0x5004      	MOVF        R4, 0, 0
;__Lib_Math.c,125 :: 		
0x00F4	0x2608      	ADDWF       R8, 1, 0
;__Lib_Math.c,126 :: 		
0x00F6	0x5005      	MOVF        R5, 0, 0
;__Lib_Math.c,127 :: 		
0x00F8	0xB0D8      	BTFSC       STATUS, 0, 0
;__Lib_Math.c,128 :: 		
0x00FA	0x3C05      	INCFSZ      R5, 0, 0
;__Lib_Math.c,129 :: 		
0x00FC	0x2609      	ADDWF       R9, 1, 0
;__Lib_Math.c,130 :: 		
0x00FE	0x90D8      	BCF         STATUS, 0, 0
;__Lib_Math.c,131 :: 		
0x0100	0x3600      	RLCF        R0, 1, 0
;__Lib_Math.c,132 :: 		
0x0102	0x3601      	RLCF        R1, 1, 0
;__Lib_Math.c,133 :: 		
0x0104	0x2E0C      	DECFSZ      R12, 1, 0
;__Lib_Math.c,134 :: 		
0x0106	0xD7EA      	BRA         $-42
;__Lib_Math.c,136 :: 		
L_end_Div_16X16_U:
0x0108	0x0012      	RETURN      0
; end of _Div_16X16_U
_Lcd_Chr_CP:
;__Lib_Lcd.c,50 :: 		
;__Lib_Lcd.c,52 :: 		
0x010A	0x902B      	BCF         __Lib_Lcd_cmd_status, BitPos(__Lib_Lcd_cmd_status+0) 
;__Lib_Lcd.c,53 :: 		
0x010C	0xF075C06E  	MOVFF       FARG_Lcd_Chr_CP_out_char, FARG_Lcd_Cmd_out_char
0x0110	0xDFA2      	RCALL       _Lcd_Cmd
;__Lib_Lcd.c,54 :: 		
0x0112	0x802B      	BSF         __Lib_Lcd_cmd_status, BitPos(__Lib_Lcd_cmd_status+0) 
;__Lib_Lcd.c,55 :: 		
L_end_Lcd_Chr_CP:
0x0114	0x0012      	RETURN      0
; end of _Lcd_Chr_CP
_WordToStr:
;__Lib_Conversions.c,98 :: 		
;__Lib_Conversions.c,103 :: 		
0x0116	0x0100      	MOVLB       0
0x0118	0x6B72      	CLRF        WordToStr_len_L0, 1
L_WordToStr11:
0x011A	0x0E05      	MOVLW       5
0x011C	0x5D72      	SUBWF       WordToStr_len_L0, 0, 1
0x011E	0xE20A      	BC          L_WordToStr12
;__Lib_Conversions.c,104 :: 		
0x0120	0x5172      	MOVF        WordToStr_len_L0, 0, 1
0x0122	0x2570      	ADDWF       FARG_WordToStr_output, 0, 1
0x0124	0x6EE1      	MOVWF       FSR1L 
0x0126	0x0E00      	MOVLW       0
0x0128	0x2171      	ADDWFC      FARG_WordToStr_output+1, 0, 1
0x012A	0x6EE2      	MOVWF       FSR1L+1 
0x012C	0x0E20      	MOVLW       32
0x012E	0x6EE6      	MOVWF       POSTINC1 
;__Lib_Conversions.c,103 :: 		
0x0130	0x2B72      	INCF        WordToStr_len_L0, 1, 1
;__Lib_Conversions.c,104 :: 		
0x0132	0xD7F3      	BRA         L_WordToStr11
L_WordToStr12:
;__Lib_Conversions.c,105 :: 		
0x0134	0x5172      	MOVF        WordToStr_len_L0, 0, 1
0x0136	0x2570      	ADDWF       FARG_WordToStr_output, 0, 1
0x0138	0x6EE1      	MOVWF       FSR1L 
0x013A	0x0E00      	MOVLW       0
0x013C	0x2171      	ADDWFC      FARG_WordToStr_output+1, 0, 1
0x013E	0x6EE2      	MOVWF       FSR1L+1 
0x0140	0x6AE6      	CLRF        POSTINC1 
0x0142	0x0772      	DECF        WordToStr_len_L0, 1, 1
;__Lib_Conversions.c,107 :: 		
L_WordToStr14:
;__Lib_Conversions.c,108 :: 		
0x0144	0x5172      	MOVF        WordToStr_len_L0, 0, 1
0x0146	0x2570      	ADDWF       FARG_WordToStr_output, 0, 1
0x0148	0x6F73      	MOVWF       FLOC__WordToStr, 1
0x014A	0x0E00      	MOVLW       0
0x014C	0x2171      	ADDWFC      FARG_WordToStr_output+1, 0, 1
0x014E	0x6F74      	MOVWF       FLOC__WordToStr+1, 1
0x0150	0x0E0A      	MOVLW       10
0x0152	0x6E04      	MOVWF       R4 
0x0154	0x0E00      	MOVLW       0
0x0156	0x6E05      	MOVWF       R5 
0x0158	0xF000C06E  	MOVFF       FARG_WordToStr_input, R0
0x015C	0xF001C06F  	MOVFF       FARG_WordToStr_input+1, R1
0x0160	0xDFB9      	RCALL       _Div_16X16_U
0x0162	0xF000C008  	MOVFF       R8, R0
0x0166	0xF001C009  	MOVFF       R9, R1
0x016A	0x0E30      	MOVLW       48
0x016C	0x2600      	ADDWF       R0, 1 
0x016E	0xFFE1C073  	MOVFF       FLOC__WordToStr, FSR1L
0x0172	0xFFE2C074  	MOVFF       FLOC__WordToStr+1, FSR1H
0x0176	0xFFE6C000  	MOVFF       R0, POSTINC1
;__Lib_Conversions.c,109 :: 		
0x017A	0x0E0A      	MOVLW       10
0x017C	0x6E04      	MOVWF       R4 
0x017E	0x0E00      	MOVLW       0
0x0180	0x6E05      	MOVWF       R5 
0x0182	0xF000C06E  	MOVFF       FARG_WordToStr_input, R0
0x0186	0xF001C06F  	MOVFF       FARG_WordToStr_input+1, R1
0x018A	0xDFA4      	RCALL       _Div_16X16_U
0x018C	0xF06EC000  	MOVFF       R0, FARG_WordToStr_input
0x0190	0xF06FC001  	MOVFF       R1, FARG_WordToStr_input+1
;__Lib_Conversions.c,110 :: 		
0x0194	0x0E00      	MOVLW       0
0x0196	0x1801      	XORWF       R1, 0 
0x0198	0xE102      	BNZ         L__WordToStr379
0x019A	0x0E00      	MOVLW       0
0x019C	0x1800      	XORWF       R0, 0 
L__WordToStr379:
0x019E	0xE101      	BNZ         L_WordToStr16
;__Lib_Conversions.c,111 :: 		
0x01A0	0xD002      	BRA         L_WordToStr15
L_WordToStr16:
;__Lib_Conversions.c,112 :: 		
0x01A2	0x0772      	DECF        WordToStr_len_L0, 1, 1
;__Lib_Conversions.c,113 :: 		
0x01A4	0xD7CF      	BRA         L_WordToStr14
L_WordToStr15:
;__Lib_Conversions.c,114 :: 		
L_end_WordToStr:
0x01A6	0x0012      	RETURN      0
; end of _WordToStr
_strlen:
;__Lib_CString.c,136 :: 		
;__Lib_CString.c,139 :: 		
0x01A8	0xF002C064  	MOVFF       FARG_strlen_s, R2
0x01AC	0xF003C065  	MOVFF       FARG_strlen_s+1, R3
;__Lib_CString.c,140 :: 		
L_strlen36:
0x01B0	0xF000C002  	MOVFF       R2, R0
0x01B4	0xF001C003  	MOVFF       R3, R1
0x01B8	0x4A02      	INFSNZ      R2, 1 
0x01BA	0x2A03      	INCF        R3, 1 
0x01BC	0xFFE9C000  	MOVFF       R0, FSR0L
0x01C0	0xFFEAC001  	MOVFF       R1, FSR0H
0x01C4	0x52EE      	MOVF        POSTINC0, 1 
0x01C6	0xE001      	BZ          L_strlen37
;__Lib_CString.c,141 :: 		
0x01C8	0xD7F3      	BRA         L_strlen36
L_strlen37:
;__Lib_CString.c,142 :: 		
0x01CA	0x0100      	MOVLB       0
0x01CC	0x5164      	MOVF        FARG_strlen_s, 0, 1
0x01CE	0x5C02      	SUBWF       R2, 0 
0x01D0	0x6E00      	MOVWF       R0 
0x01D2	0x5165      	MOVF        FARG_strlen_s+1, 0, 1
0x01D4	0x5803      	SUBWFB      R3, 0 
0x01D6	0x6E01      	MOVWF       R1 
0x01D8	0x0E01      	MOVLW       1
0x01DA	0x5E00      	SUBWF       R0, 1 
0x01DC	0x0E00      	MOVLW       0
0x01DE	0x5A01      	SUBWFB      R1, 1 
;__Lib_CString.c,143 :: 		
L_end_strlen:
0x01E0	0x0012      	RETURN      0
; end of _strlen
___CC2DW:
;__Lib_System.c,21 :: 		
;__Lib_System.c,23 :: 		
_CC2DL_Loop1:
;__Lib_System.c,24 :: 		
0x01E2	0x0009      	TBLRD*+
;__Lib_System.c,25 :: 		
0x01E4	0xFFE6CFF5  	MOVFF       TABLAT, POSTINC1
;__Lib_System.c,26 :: 		
0x01E8	0x0600      	DECF        R0, 1, 0
;__Lib_System.c,27 :: 		
0x01EA	0xE1FB      	BNZ         _CC2DL_Loop1
;__Lib_System.c,28 :: 		
0x01EC	0x0601      	DECF        R1, 1, 0
;__Lib_System.c,29 :: 		
0x01EE	0xE1F9      	BNZ         _CC2DL_Loop1
;__Lib_System.c,31 :: 		
L_end___CC2DW:
0x01F0	0x0012      	RETURN      0
; end of ___CC2DW
_Lcd_Init:
;__Lib_Lcd.c,84 :: 		
;__Lib_Lcd.c,86 :: 		
0x01F2	0x9A93      	BCF         LCD_EN_Direction, BitPos(LCD_EN_Direction+0) 
;__Lib_Lcd.c,87 :: 		
0x01F4	0x9893      	BCF         LCD_RS_Direction, BitPos(LCD_RS_Direction+0) 
;__Lib_Lcd.c,88 :: 		
0x01F6	0x9093      	BCF         LCD_D4_Direction, BitPos(LCD_D4_Direction+0) 
;__Lib_Lcd.c,89 :: 		
0x01F8	0x9293      	BCF         LCD_D5_Direction, BitPos(LCD_D5_Direction+0) 
;__Lib_Lcd.c,90 :: 		
0x01FA	0x9493      	BCF         LCD_D6_Direction, BitPos(LCD_D6_Direction+0) 
;__Lib_Lcd.c,91 :: 		
0x01FC	0x9693      	BCF         LCD_D7_Direction, BitPos(LCD_D7_Direction+0) 
;__Lib_Lcd.c,93 :: 		
0x01FE	0x9A8A      	BCF         LCD_EN, BitPos(LCD_EN+0) 
;__Lib_Lcd.c,94 :: 		
0x0200	0x988A      	BCF         LCD_RS, BitPos(LCD_RS+0) 
;__Lib_Lcd.c,95 :: 		
0x0202	0x968A      	BCF         LCD_D7, BitPos(LCD_D7+0) 
;__Lib_Lcd.c,96 :: 		
0x0204	0x948A      	BCF         LCD_D6, BitPos(LCD_D6+0) 
;__Lib_Lcd.c,97 :: 		
0x0206	0x928A      	BCF         LCD_D5, BitPos(LCD_D5+0) 
;__Lib_Lcd.c,98 :: 		
0x0208	0x908A      	BCF         LCD_D4, BitPos(LCD_D4+0) 
;__Lib_Lcd.c,100 :: 		
0x020A	0xDF12      	RCALL       _Delay_5500us
;__Lib_Lcd.c,101 :: 		
0x020C	0xDF11      	RCALL       _Delay_5500us
;__Lib_Lcd.c,102 :: 		
0x020E	0xDF10      	RCALL       _Delay_5500us
;__Lib_Lcd.c,105 :: 		
0x0210	0x828A      	BSF         LCD_D5, BitPos(LCD_D5+0) 
;__Lib_Lcd.c,106 :: 		
0x0212	0x808A      	BSF         LCD_D4, BitPos(LCD_D4+0) 
;__Lib_Lcd.c,107 :: 		
0x0214	0x8A8A      	BSF         LCD_EN, BitPos(LCD_EN+0) 
;__Lib_Lcd.c,108 :: 		
0x0216	0xDF1C      	RCALL       _Delay_1us
;__Lib_Lcd.c,109 :: 		
0x0218	0x9A8A      	BCF         LCD_EN, BitPos(LCD_EN+0) 
;__Lib_Lcd.c,110 :: 		
0x021A	0xDF0A      	RCALL       _Delay_5500us
;__Lib_Lcd.c,112 :: 		
0x021C	0x8A8A      	BSF         LCD_EN, BitPos(LCD_EN+0) 
;__Lib_Lcd.c,113 :: 		
0x021E	0xDF18      	RCALL       _Delay_1us
;__Lib_Lcd.c,114 :: 		
0x0220	0x9A8A      	BCF         LCD_EN, BitPos(LCD_EN+0) 
;__Lib_Lcd.c,115 :: 		
0x0222	0xDF06      	RCALL       _Delay_5500us
;__Lib_Lcd.c,117 :: 		
0x0224	0x8A8A      	BSF         LCD_EN, BitPos(LCD_EN+0) 
;__Lib_Lcd.c,118 :: 		
0x0226	0xDF14      	RCALL       _Delay_1us
;__Lib_Lcd.c,119 :: 		
0x0228	0x9A8A      	BCF         LCD_EN, BitPos(LCD_EN+0) 
;__Lib_Lcd.c,120 :: 		
0x022A	0xDF02      	RCALL       _Delay_5500us
;__Lib_Lcd.c,123 :: 		
0x022C	0x908A      	BCF         LCD_D4, BitPos(LCD_D4+0) 
;__Lib_Lcd.c,124 :: 		
0x022E	0x8A8A      	BSF         LCD_EN, BitPos(LCD_EN+0) 
;__Lib_Lcd.c,125 :: 		
0x0230	0xDF0F      	RCALL       _Delay_1us
;__Lib_Lcd.c,126 :: 		
0x0232	0x9A8A      	BCF         LCD_EN, BitPos(LCD_EN+0) 
;__Lib_Lcd.c,127 :: 		
0x0234	0xDEFD      	RCALL       _Delay_5500us
;__Lib_Lcd.c,130 :: 		
0x0236	0x8A8A      	BSF         LCD_EN, BitPos(LCD_EN+0) 
;__Lib_Lcd.c,131 :: 		
0x0238	0xDF0B      	RCALL       _Delay_1us
;__Lib_Lcd.c,132 :: 		
0x023A	0x9A8A      	BCF         LCD_EN, BitPos(LCD_EN+0) 
;__Lib_Lcd.c,134 :: 		
0x023C	0x928A      	BCF         LCD_D5, BitPos(LCD_D5+0) 
;__Lib_Lcd.c,135 :: 		
0x023E	0x868A      	BSF         LCD_D7, BitPos(LCD_D7+0) 
;__Lib_Lcd.c,136 :: 		
0x0240	0x8A8A      	BSF         LCD_EN, BitPos(LCD_EN+0) 
;__Lib_Lcd.c,137 :: 		
0x0242	0xDF06      	RCALL       _Delay_1us
;__Lib_Lcd.c,138 :: 		
0x0244	0x9A8A      	BCF         LCD_EN, BitPos(LCD_EN+0) 
;__Lib_Lcd.c,139 :: 		
0x0246	0xDEF4      	RCALL       _Delay_5500us
;__Lib_Lcd.c,142 :: 		
0x0248	0x968A      	BCF         LCD_D7, BitPos(LCD_D7+0) 
;__Lib_Lcd.c,143 :: 		
0x024A	0x808A      	BSF         LCD_D4, BitPos(LCD_D4+0) 
;__Lib_Lcd.c,144 :: 		
0x024C	0x8A8A      	BSF         LCD_EN, BitPos(LCD_EN+0) 
;__Lib_Lcd.c,145 :: 		
0x024E	0xDF00      	RCALL       _Delay_1us
;__Lib_Lcd.c,146 :: 		
0x0250	0x9A8A      	BCF         LCD_EN, BitPos(LCD_EN+0) 
;__Lib_Lcd.c,148 :: 		
0x0252	0x908A      	BCF         LCD_D4, BitPos(LCD_D4+0) 
;__Lib_Lcd.c,149 :: 		
0x0254	0x8A8A      	BSF         LCD_EN, BitPos(LCD_EN+0) 
;__Lib_Lcd.c,150 :: 		
0x0256	0xDEFC      	RCALL       _Delay_1us
;__Lib_Lcd.c,151 :: 		
0x0258	0x9A8A      	BCF         LCD_EN, BitPos(LCD_EN+0) 
;__Lib_Lcd.c,152 :: 		
0x025A	0xDEEA      	RCALL       _Delay_5500us
;__Lib_Lcd.c,155 :: 		
0x025C	0x8A8A      	BSF         LCD_EN, BitPos(LCD_EN+0) 
;__Lib_Lcd.c,156 :: 		
0x025E	0xDEF8      	RCALL       _Delay_1us
;__Lib_Lcd.c,157 :: 		
0x0260	0x9A8A      	BCF         LCD_EN, BitPos(LCD_EN+0) 
;__Lib_Lcd.c,159 :: 		
0x0262	0x808A      	BSF         LCD_D4, BitPos(LCD_D4+0) 
;__Lib_Lcd.c,160 :: 		
0x0264	0x8A8A      	BSF         LCD_EN, BitPos(LCD_EN+0) 
;__Lib_Lcd.c,161 :: 		
0x0266	0xDEF4      	RCALL       _Delay_1us
;__Lib_Lcd.c,162 :: 		
0x0268	0x9A8A      	BCF         LCD_EN, BitPos(LCD_EN+0) 
;__Lib_Lcd.c,163 :: 		
0x026A	0xDEE2      	RCALL       _Delay_5500us
;__Lib_Lcd.c,166 :: 		
0x026C	0x908A      	BCF         LCD_D4, BitPos(LCD_D4+0) 
;__Lib_Lcd.c,167 :: 		
0x026E	0x8A8A      	BSF         LCD_EN, BitPos(LCD_EN+0) 
;__Lib_Lcd.c,168 :: 		
0x0270	0xDEEF      	RCALL       _Delay_1us
;__Lib_Lcd.c,169 :: 		
0x0272	0x9A8A      	BCF         LCD_EN, BitPos(LCD_EN+0) 
;__Lib_Lcd.c,171 :: 		
0x0274	0x868A      	BSF         LCD_D7, BitPos(LCD_D7+0) 
;__Lib_Lcd.c,172 :: 		
0x0276	0x848A      	BSF         LCD_D6, BitPos(LCD_D6+0) 
;__Lib_Lcd.c,173 :: 		
0x0278	0x828A      	BSF         LCD_D5, BitPos(LCD_D5+0) 
;__Lib_Lcd.c,174 :: 		
0x027A	0x808A      	BSF         LCD_D4, BitPos(LCD_D4+0) 
;__Lib_Lcd.c,175 :: 		
0x027C	0x8A8A      	BSF         LCD_EN, BitPos(LCD_EN+0) 
;__Lib_Lcd.c,176 :: 		
0x027E	0xDEE8      	RCALL       _Delay_1us
;__Lib_Lcd.c,177 :: 		
0x0280	0x9A8A      	BCF         LCD_EN, BitPos(LCD_EN+0) 
;__Lib_Lcd.c,179 :: 		
0x0282	0xDED6      	RCALL       _Delay_5500us
;__Lib_Lcd.c,181 :: 		
0x0284	0x802B      	BSF         __Lib_Lcd_cmd_status, BitPos(__Lib_Lcd_cmd_status+0) 
;__Lib_Lcd.c,182 :: 		
L_end_Lcd_Init:
0x0286	0x0012      	RETURN      0
; end of _Lcd_Init
_IntToStr:
;__Lib_Conversions.c,195 :: 		
;__Lib_Conversions.c,201 :: 		
0x0288	0x0100      	MOVLB       0
0x028A	0x6B6A      	CLRF        IntToStr_negative_L0, 1
0x028C	0x6B6B      	CLRF        IntToStr_negative_L0+1, 1
;__Lib_Conversions.c,202 :: 		
0x028E	0xF06CC064  	MOVFF       FARG_IntToStr_input, IntToStr_inword_L0
0x0292	0xF06DC065  	MOVFF       FARG_IntToStr_input+1, IntToStr_inword_L0+1
;__Lib_Conversions.c,203 :: 		
0x0296	0x0E80      	MOVLW       128
0x0298	0x1965      	XORWF       FARG_IntToStr_input+1, 0, 1
0x029A	0x6E00      	MOVWF       R0 
0x029C	0x0E80      	MOVLW       128
0x029E	0x5C00      	SUBWF       R0, 0 
0x02A0	0xE102      	BNZ         L__IntToStr387
0x02A2	0x0E00      	MOVLW       0
0x02A4	0x5D64      	SUBWF       FARG_IntToStr_input, 0, 1
L__IntToStr387:
0x02A6	0xE20B      	BC          L_IntToStr37
;__Lib_Conversions.c,204 :: 		
0x02A8	0x0E01      	MOVLW       1
0x02AA	0x6F6A      	MOVWF       IntToStr_negative_L0, 1
0x02AC	0x0E00      	MOVLW       0
0x02AE	0x6F6B      	MOVWF       IntToStr_negative_L0+1, 1
;__Lib_Conversions.c,205 :: 		
0x02B0	0x5164      	MOVF        FARG_IntToStr_input, 0, 1
0x02B2	0x0800      	SUBLW       0
0x02B4	0x6F6C      	MOVWF       IntToStr_inword_L0, 1
0x02B6	0xF06DC065  	MOVFF       FARG_IntToStr_input+1, IntToStr_inword_L0+1
0x02BA	0x0E00      	MOVLW       0
0x02BC	0x576D      	SUBFWB      IntToStr_inword_L0+1, 1, 1
;__Lib_Conversions.c,206 :: 		
L_IntToStr37:
;__Lib_Conversions.c,207 :: 		
0x02BE	0xF06EC06C  	MOVFF       IntToStr_inword_L0, FARG_WordToStr_input
0x02C2	0xF06FC06D  	MOVFF       IntToStr_inword_L0+1, FARG_WordToStr_input+1
0x02C6	0xF070C066  	MOVFF       FARG_IntToStr_output, FARG_WordToStr_output
0x02CA	0xF071C067  	MOVFF       FARG_IntToStr_output+1, FARG_WordToStr_output+1
0x02CE	0xDF23      	RCALL       _WordToStr
;__Lib_Conversions.c,209 :: 		
0x02D0	0x0E06      	MOVLW       6
0x02D2	0x6F68      	MOVWF       IntToStr_i_L0, 1
0x02D4	0x0E00      	MOVLW       0
0x02D6	0x6F69      	MOVWF       IntToStr_i_L0+1, 1
;__Lib_Conversions.c,210 :: 		
L_IntToStr38:
0x02D8	0x0E00      	MOVLW       0
0x02DA	0x6E00      	MOVWF       R0 
0x02DC	0x5169      	MOVF        IntToStr_i_L0+1, 0, 1
0x02DE	0x5C00      	SUBWF       R0, 0 
0x02E0	0xE102      	BNZ         L__IntToStr388
0x02E2	0x5168      	MOVF        IntToStr_i_L0, 0, 1
0x02E4	0x0800      	SUBLW       0
L__IntToStr388:
0x02E6	0xE219      	BC          L_IntToStr39
;__Lib_Conversions.c,211 :: 		
0x02E8	0x5168      	MOVF        IntToStr_i_L0, 0, 1
0x02EA	0x2566      	ADDWF       FARG_IntToStr_output, 0, 1
0x02EC	0x6EE1      	MOVWF       FSR1L 
0x02EE	0x5169      	MOVF        IntToStr_i_L0+1, 0, 1
0x02F0	0x2167      	ADDWFC      FARG_IntToStr_output+1, 0, 1
0x02F2	0x6EE2      	MOVWF       FSR1L+1 
0x02F4	0x0E01      	MOVLW       1
0x02F6	0x5D68      	SUBWF       IntToStr_i_L0, 0, 1
0x02F8	0x6E00      	MOVWF       R0 
0x02FA	0x0E00      	MOVLW       0
0x02FC	0x5969      	SUBWFB      IntToStr_i_L0+1, 0, 1
0x02FE	0x6E01      	MOVWF       R1 
0x0300	0x5000      	MOVF        R0, 0 
0x0302	0x2566      	ADDWF       FARG_IntToStr_output, 0, 1
0x0304	0x6EE9      	MOVWF       FSR0L 
0x0306	0x5001      	MOVF        R1, 0 
0x0308	0x2167      	ADDWFC      FARG_IntToStr_output+1, 0, 1
0x030A	0x6EEA      	MOVWF       FSR0L+1 
0x030C	0xFFE6CFEE  	MOVFF       POSTINC0, POSTINC1
;__Lib_Conversions.c,212 :: 		
0x0310	0x0E01      	MOVLW       1
0x0312	0x5F68      	SUBWF       IntToStr_i_L0, 1, 1
0x0314	0x0E00      	MOVLW       0
0x0316	0x5B69      	SUBWFB      IntToStr_i_L0+1, 1, 1
;__Lib_Conversions.c,213 :: 		
0x0318	0xD7DF      	BRA         L_IntToStr38
L_IntToStr39:
;__Lib_Conversions.c,214 :: 		
0x031A	0xFFE1C066  	MOVFF       FARG_IntToStr_output, FSR1L
0x031E	0xFFE2C067  	MOVFF       FARG_IntToStr_output+1, FSR1H
0x0322	0x0E20      	MOVLW       32
0x0324	0x6EE6      	MOVWF       POSTINC1 
;__Lib_Conversions.c,215 :: 		
0x0326	0x516A      	MOVF        IntToStr_negative_L0, 0, 1
0x0328	0x116B      	IORWF       IntToStr_negative_L0+1, 0, 1
0x032A	0xE01A      	BZ          L_IntToStr40
;__Lib_Conversions.c,216 :: 		
0x032C	0x6B68      	CLRF        IntToStr_i_L0, 1
0x032E	0x6B69      	CLRF        IntToStr_i_L0+1, 1
;__Lib_Conversions.c,217 :: 		
L_IntToStr41:
0x0330	0x5168      	MOVF        IntToStr_i_L0, 0, 1
0x0332	0x2566      	ADDWF       FARG_IntToStr_output, 0, 1
0x0334	0x6EE9      	MOVWF       FSR0L 
0x0336	0x5169      	MOVF        IntToStr_i_L0+1, 0, 1
0x0338	0x2167      	ADDWFC      FARG_IntToStr_output+1, 0, 1
0x033A	0x6EEA      	MOVWF       FSR0L+1 
0x033C	0x50EE      	MOVF        POSTINC0, 0 
0x033E	0x0A20      	XORLW       32
0x0340	0xE103      	BNZ         L_IntToStr42
0x0342	0x4B68      	INFSNZ      IntToStr_i_L0, 1, 1
0x0344	0x2B69      	INCF        IntToStr_i_L0+1, 1, 1
0x0346	0xD7F4      	BRA         L_IntToStr41
L_IntToStr42:
;__Lib_Conversions.c,218 :: 		
0x0348	0x0E01      	MOVLW       1
0x034A	0x5F68      	SUBWF       IntToStr_i_L0, 1, 1
0x034C	0x0E00      	MOVLW       0
0x034E	0x5B69      	SUBWFB      IntToStr_i_L0+1, 1, 1
;__Lib_Conversions.c,219 :: 		
0x0350	0x5168      	MOVF        IntToStr_i_L0, 0, 1
0x0352	0x2566      	ADDWF       FARG_IntToStr_output, 0, 1
0x0354	0x6EE1      	MOVWF       FSR1L 
0x0356	0x5169      	MOVF        IntToStr_i_L0+1, 0, 1
0x0358	0x2167      	ADDWFC      FARG_IntToStr_output+1, 0, 1
0x035A	0x6EE2      	MOVWF       FSR1L+1 
0x035C	0x0E2D      	MOVLW       45
0x035E	0x6EE6      	MOVWF       POSTINC1 
L_IntToStr40:
;__Lib_Conversions.c,220 :: 		
L_end_IntToStr:
0x0360	0x0012      	RETURN      0
; end of _IntToStr
_strcat:
;__Lib_CString.c,87 :: 		
;__Lib_CString.c,90 :: 		
0x0362	0xF004C064  	MOVFF       FARG_strcat_to, R4
0x0366	0xF005C065  	MOVFF       FARG_strcat_to+1, R5
;__Lib_CString.c,91 :: 		
L_strcat22:
0x036A	0xFFE9C004  	MOVFF       R4, FSR0L
0x036E	0xFFEAC005  	MOVFF       R5, FSR0H
0x0372	0x52EE      	MOVF        POSTINC0, 1 
0x0374	0xE003      	BZ          L_strcat23
;__Lib_CString.c,92 :: 		
0x0376	0x4A04      	INFSNZ      R4, 1 
0x0378	0x2A05      	INCF        R5, 1 
0x037A	0xD7F7      	BRA         L_strcat22
L_strcat23:
;__Lib_CString.c,93 :: 		
L_strcat24:
0x037C	0xF002C004  	MOVFF       R4, R2
0x0380	0xF003C005  	MOVFF       R5, R3
0x0384	0x4A04      	INFSNZ      R4, 1 
0x0386	0x2A05      	INCF        R5, 1 
0x0388	0xF000C066  	MOVFF       FARG_strcat_from, R0
0x038C	0xF001C067  	MOVFF       FARG_strcat_from+1, R1
0x0390	0x0100      	MOVLB       0
0x0392	0x4B66      	INFSNZ      FARG_strcat_from, 1, 1
0x0394	0x2B67      	INCF        FARG_strcat_from+1, 1, 1
0x0396	0xFFE9C000  	MOVFF       R0, FSR0L
0x039A	0xFFEAC001  	MOVFF       R1, FSR0H
0x039E	0xFFE1C002  	MOVFF       R2, FSR1L
0x03A2	0xFFE2C003  	MOVFF       R3, FSR1H
0x03A6	0xFFE6CFEE  	MOVFF       POSTINC0, POSTINC1
0x03AA	0xFFE9C002  	MOVFF       R2, FSR0L
0x03AE	0xFFEAC003  	MOVFF       R3, FSR0H
0x03B2	0x52EE      	MOVF        POSTINC0, 1 
0x03B4	0xE001      	BZ          L_strcat25
;__Lib_CString.c,94 :: 		
0x03B6	0xD7E2      	BRA         L_strcat24
L_strcat25:
;__Lib_CString.c,95 :: 		
0x03B8	0xF000C064  	MOVFF       FARG_strcat_to, R0
0x03BC	0xF001C065  	MOVFF       FARG_strcat_to+1, R1
;__Lib_CString.c,96 :: 		
L_end_strcat:
0x03C0	0x0012      	RETURN      0
; end of _strcat
_Lcd_Out:
;__Lib_Lcd.c,184 :: 		
;__Lib_Lcd.c,187 :: 		
0x03C2	0xD010      	BRA         L_Lcd_Out11
;__Lib_Lcd.c,188 :: 		
L_Lcd_Out13:
0x03C4	0x0E80      	MOVLW       128
0x03C6	0x0100      	MOVLB       0
0x03C8	0x6F64      	MOVWF       FARG_Lcd_Out_row, 1
0x03CA	0xD01A      	BRA         L_Lcd_Out12
;__Lib_Lcd.c,189 :: 		
L_Lcd_Out14:
0x03CC	0x0EC0      	MOVLW       192
0x03CE	0x6F64      	MOVWF       FARG_Lcd_Out_row, 1
0x03D0	0xD017      	BRA         L_Lcd_Out12
;__Lib_Lcd.c,190 :: 		
L_Lcd_Out15:
0x03D2	0x0E94      	MOVLW       148
0x03D4	0x6F64      	MOVWF       FARG_Lcd_Out_row, 1
0x03D6	0xD014      	BRA         L_Lcd_Out12
;__Lib_Lcd.c,191 :: 		
L_Lcd_Out16:
0x03D8	0x0ED4      	MOVLW       212
0x03DA	0x6F64      	MOVWF       FARG_Lcd_Out_row, 1
0x03DC	0xD011      	BRA         L_Lcd_Out12
;__Lib_Lcd.c,192 :: 		
L_Lcd_Out17:
0x03DE	0x0E80      	MOVLW       128
0x03E0	0x6F64      	MOVWF       FARG_Lcd_Out_row, 1
;__Lib_Lcd.c,193 :: 		
0x03E2	0xD00E      	BRA         L_Lcd_Out12
L_Lcd_Out11:
0x03E4	0x0100      	MOVLB       0
0x03E6	0x5164      	MOVF        FARG_Lcd_Out_row, 0, 1
0x03E8	0x0A01      	XORLW       1
0x03EA	0xE0EC      	BZ          L_Lcd_Out13
0x03EC	0x5164      	MOVF        FARG_Lcd_Out_row, 0, 1
0x03EE	0x0A02      	XORLW       2
0x03F0	0xE0ED      	BZ          L_Lcd_Out14
0x03F2	0x5164      	MOVF        FARG_Lcd_Out_row, 0, 1
0x03F4	0x0A03      	XORLW       3
0x03F6	0xE0ED      	BZ          L_Lcd_Out15
0x03F8	0x5164      	MOVF        FARG_Lcd_Out_row, 0, 1
0x03FA	0x0A04      	XORLW       4
0x03FC	0xE0ED      	BZ          L_Lcd_Out16
0x03FE	0xD7EF      	BRA         L_Lcd_Out17
L_Lcd_Out12:
;__Lib_Lcd.c,194 :: 		
0x0400	0x0565      	DECF        FARG_Lcd_Out_column, 0, 1
0x0402	0x6E00      	MOVWF       R0 
0x0404	0x5164      	MOVF        FARG_Lcd_Out_row, 0, 1
0x0406	0x2600      	ADDWF       R0, 1 
0x0408	0xF064C000  	MOVFF       R0, FARG_Lcd_Out_row
;__Lib_Lcd.c,196 :: 		
0x040C	0xF075C000  	MOVFF       R0, FARG_Lcd_Cmd_out_char
0x0410	0xDE22      	RCALL       _Lcd_Cmd
;__Lib_Lcd.c,197 :: 		
0x0412	0x902B      	BCF         __Lib_Lcd_cmd_status, BitPos(__Lib_Lcd_cmd_status+0) 
;__Lib_Lcd.c,198 :: 		
0x0414	0x6B68      	CLRF        Lcd_Out_i_L0, 1
;__Lib_Lcd.c,199 :: 		
L_Lcd_Out18:
0x0416	0x5168      	MOVF        Lcd_Out_i_L0, 0, 1
0x0418	0x2566      	ADDWF       FARG_Lcd_Out_text, 0, 1
0x041A	0x6EE9      	MOVWF       FSR0L 
0x041C	0x0E00      	MOVLW       0
0x041E	0x2167      	ADDWFC      FARG_Lcd_Out_text+1, 0, 1
0x0420	0x6EEA      	MOVWF       FSR0L+1 
0x0422	0x52EE      	MOVF        POSTINC0, 1 
0x0424	0xE00B      	BZ          L_Lcd_Out19
;__Lib_Lcd.c,200 :: 		
0x0426	0x5168      	MOVF        Lcd_Out_i_L0, 0, 1
0x0428	0x2566      	ADDWF       FARG_Lcd_Out_text, 0, 1
0x042A	0x6EE9      	MOVWF       FSR0L 
0x042C	0x0E00      	MOVLW       0
0x042E	0x2167      	ADDWFC      FARG_Lcd_Out_text+1, 0, 1
0x0430	0x6EEA      	MOVWF       FSR0L+1 
0x0432	0xF06ECFEE  	MOVFF       POSTINC0, FARG_Lcd_Chr_CP_out_char
0x0436	0xDE69      	RCALL       _Lcd_Chr_CP
0x0438	0x2B68      	INCF        Lcd_Out_i_L0, 1, 1
0x043A	0xD7ED      	BRA         L_Lcd_Out18
L_Lcd_Out19:
;__Lib_Lcd.c,201 :: 		
0x043C	0x802B      	BSF         __Lib_Lcd_cmd_status, BitPos(__Lib_Lcd_cmd_status+0) 
;__Lib_Lcd.c,202 :: 		
L_end_Lcd_Out:
0x043E	0x0012      	RETURN      0
; end of _Lcd_Out
_main:
0x0440	0xF003ECDA  	CALL        1972, 0
;LAB4_Step3.c,20 :: 		void main()
;LAB4_Step3.c,22 :: 		char pattern[5] = {0b11111111, 0b01111110, 0b00111100, 0b00011000, 0b00000000};
0x0444	0x0E82      	MOVLW       ?ICSmain_pattern_L0
0x0446	0x6EF6      	MOVWF       TBLPTRL 
0x0448	0x0E07      	MOVLW       hi_addr(?ICSmain_pattern_L0)
0x044A	0x6EF7      	MOVWF       TBLPTRL+1 
0x044C	0x0E00      	MOVLW       higher_addr(?ICSmain_pattern_L0)
0x044E	0x6EF8      	MOVWF       TBLPTRL+2 
0x0450	0x0E2C      	MOVLW       main_pattern_L0
0x0452	0x6EE1      	MOVWF       FSR1L 
0x0454	0x0E00      	MOVLW       hi_addr(main_pattern_L0)
0x0456	0x6EE2      	MOVWF       FSR1L+1 
0x0458	0x0E1D      	MOVLW       29
0x045A	0x6E00      	MOVWF       R0 
0x045C	0x0E01      	MOVLW       1
0x045E	0x6E01      	MOVWF       R1 
0x0460	0xDEC0      	RCALL       ___CC2DW
;LAB4_Step3.c,34 :: 		T0CON = 0b11000111;
0x0462	0x0EC7      	MOVLW       199
0x0464	0x6ED5      	MOVWF       T0CON 
;LAB4_Step3.c,35 :: 		TMR0L = 248;
0x0466	0x0EF8      	MOVLW       248
0x0468	0x6ED6      	MOVWF       TMR0L 
;LAB4_Step3.c,36 :: 		TRISD = 0b00000000;
0x046A	0x6A95      	CLRF        TRISD 
;LAB4_Step3.c,37 :: 		TRISA = 0b00011111;
0x046C	0x0E1F      	MOVLW       31
0x046E	0x6E92      	MOVWF       TRISA 
;LAB4_Step3.c,38 :: 		ANSELA = 0b00000000;
0x0470	0x010F      	MOVLB       15
0x0472	0x6B38      	CLRF        ANSELA, 1
;LAB4_Step3.c,40 :: 		INTCON.TMR0IE = 1;
0x0474	0x8AF2      	BSF         INTCON, 5 
;LAB4_Step3.c,41 :: 		INTCON.GIE = 1;
0x0476	0x8EF2      	BSF         INTCON, 7 
;LAB4_Step3.c,42 :: 		PORTA_Old = PORTA;
0x0478	0xF045CF80  	MOVFF       PORTA, main_PORTA_Old_L0
0x047C	0x0E00      	MOVLW       0
0x047E	0x6E46      	MOVWF       main_PORTA_Old_L0+1 
;LAB4_Step3.c,43 :: 		Lcd_Init();               // Initialize Lcd
0x0480	0xDEB8      	RCALL       _Lcd_Init
;LAB4_Step3.c,44 :: 		Lcd_Cmd(_LCD_CLEAR);      // Clear display
0x0482	0x0E01      	MOVLW       1
0x0484	0x0100      	MOVLB       0
0x0486	0x6F75      	MOVWF       FARG_Lcd_Cmd_out_char, 1
0x0488	0xDDE6      	RCALL       _Lcd_Cmd
;LAB4_Step3.c,45 :: 		Lcd_Cmd(_LCD_CURSOR_OFF); // Cursor off
0x048A	0x0E0C      	MOVLW       12
0x048C	0x6F75      	MOVWF       FARG_Lcd_Cmd_out_char, 1
0x048E	0xDDE3      	RCALL       _Lcd_Cmd
;LAB4_Step3.c,47 :: 		while (1)
L_main0:
;LAB4_Step3.c,50 :: 		if (!((PORTA_Old & 0b00011111) & (PORTA & 0b00011111)) && (PORTA & 0b00011111) != 0)
0x0490	0x0E1F      	MOVLW       31
0x0492	0x1445      	ANDWF       main_PORTA_Old_L0, 0 
0x0494	0x6E02      	MOVWF       R2 
0x0496	0xF003C046  	MOVFF       main_PORTA_Old_L0+1, R3
0x049A	0x0E00      	MOVLW       0
0x049C	0x1603      	ANDWF       R3, 1 
0x049E	0x0E1F      	MOVLW       31
0x04A0	0x1480      	ANDWF       PORTA, 0 
0x04A2	0x6E00      	MOVWF       R0 
0x04A4	0x0E00      	MOVLW       0
0x04A6	0x6E01      	MOVWF       R1 
0x04A8	0x5002      	MOVF        R2, 0 
0x04AA	0x1600      	ANDWF       R0, 1 
0x04AC	0x5003      	MOVF        R3, 0 
0x04AE	0x1601      	ANDWF       R1, 1 
0x04B0	0x5000      	MOVF        R0, 0 
0x04B2	0x1001      	IORWF       R1, 0 
0x04B4	0xE153      	BNZ         L_main4
0x04B6	0x0E1F      	MOVLW       31
0x04B8	0x1480      	ANDWF       PORTA, 0 
0x04BA	0x6E01      	MOVWF       R1 
0x04BC	0x5001      	MOVF        R1, 0 
0x04BE	0x0A00      	XORLW       0
0x04C0	0xE04D      	BZ          L_main4
L__main35:
;LAB4_Step3.c,52 :: 		PORTA_Old = PORTA;
0x04C2	0xF045CF80  	MOVFF       PORTA, main_PORTA_Old_L0
0x04C6	0x0E00      	MOVLW       0
0x04C8	0x6E46      	MOVWF       main_PORTA_Old_L0+1 
;LAB4_Step3.c,53 :: 		if (PORTA.RA0)
0x04CA	0xA080      	BTFSS       PORTA, 0 
0x04CC	0xD005      	BRA         L_main5
;LAB4_Step3.c,55 :: 		timer_go = 1;
0x04CE	0x0E01      	MOVLW       1
0x04D0	0x6E18      	MOVWF       _timer_go 
0x04D2	0x0E00      	MOVLW       0
0x04D4	0x6E19      	MOVWF       _timer_go+1 
;LAB4_Step3.c,56 :: 		}
0x04D6	0xD042      	BRA         L_main6
L_main5:
;LAB4_Step3.c,57 :: 		else if (PORTA.RA1)
0x04D8	0xA280      	BTFSS       PORTA, 1 
0x04DA	0xD003      	BRA         L_main7
;LAB4_Step3.c,59 :: 		timer_go = 0;
0x04DC	0x6A18      	CLRF        _timer_go 
0x04DE	0x6A19      	CLRF        _timer_go+1 
;LAB4_Step3.c,60 :: 		}
0x04E0	0xD03D      	BRA         L_main8
L_main7:
;LAB4_Step3.c,61 :: 		else if (PORTA.RA2)
0x04E2	0xA480      	BTFSS       PORTA, 2 
0x04E4	0xD01A      	BRA         L_main9
;LAB4_Step3.c,63 :: 		counter_sec = 0;
0x04E6	0x6A33      	CLRF        main_counter_sec_L0 
;LAB4_Step3.c,64 :: 		counter_min = 0;
0x04E8	0x6A34      	CLRF        main_counter_min_L0 
;LAB4_Step3.c,65 :: 		counter_hours = 0;
0x04EA	0x6A35      	CLRF        main_counter_hours_L0 
0x04EC	0x6A36      	CLRF        main_counter_hours_L0+1 
;LAB4_Step3.c,66 :: 		Lcd_Cmd(_LCD_CLEAR);
0x04EE	0x0E01      	MOVLW       1
0x04F0	0x6F75      	MOVWF       FARG_Lcd_Cmd_out_char, 1
0x04F2	0xDDB1      	RCALL       _Lcd_Cmd
;LAB4_Step3.c,67 :: 		Lcd_Cmd(_LCD_CURSOR_OFF);
0x04F4	0x0E0C      	MOVLW       12
0x04F6	0x6F75      	MOVWF       FARG_Lcd_Cmd_out_char, 1
0x04F8	0xDDAE      	RCALL       _Lcd_Cmd
;LAB4_Step3.c,68 :: 		Lcd_Out(1, 16-strlen(zeroes), zeroes);
0x04FA	0x0E39      	MOVLW       main_zeroes_L0
0x04FC	0x6F64      	MOVWF       FARG_strlen_s, 1
0x04FE	0x0E00      	MOVLW       hi_addr(main_zeroes_L0)
0x0500	0x6F65      	MOVWF       FARG_strlen_s+1, 1
0x0502	0xDE52      	RCALL       _strlen
0x0504	0x5000      	MOVF        R0, 0 
0x0506	0x0810      	SUBLW       16
0x0508	0x6F65      	MOVWF       FARG_Lcd_Out_column, 1
0x050A	0x0E01      	MOVLW       1
0x050C	0x6F64      	MOVWF       FARG_Lcd_Out_row, 1
0x050E	0x0E39      	MOVLW       main_zeroes_L0
0x0510	0x6F66      	MOVWF       FARG_Lcd_Out_text, 1
0x0512	0x0E00      	MOVLW       hi_addr(main_zeroes_L0)
0x0514	0x6F67      	MOVWF       FARG_Lcd_Out_text+1, 1
0x0516	0xDF55      	RCALL       _Lcd_Out
;LAB4_Step3.c,69 :: 		}
0x0518	0xD021      	BRA         L_main10
L_main9:
;LAB4_Step3.c,70 :: 		else if (PORTA.RA3)
0x051A	0xA680      	BTFSS       PORTA, 3 
0x051C	0xD00F      	BRA         L_main11
;LAB4_Step3.c,72 :: 		if (kitt_delay < 2000)
0x051E	0x0E80      	MOVLW       128
0x0520	0x1848      	XORWF       main_kitt_delay_L0+1, 0 
0x0522	0x6E00      	MOVWF       R0 
0x0524	0x0E80      	MOVLW       128
0x0526	0x0A07      	XORLW       7
0x0528	0x5C00      	SUBWF       R0, 0 
0x052A	0xE102      	BNZ         L__main37
0x052C	0x0ED0      	MOVLW       208
0x052E	0x5C47      	SUBWF       main_kitt_delay_L0, 0 
L__main37:
0x0530	0xE204      	BC          L_main12
;LAB4_Step3.c,74 :: 		kitt_delay = kitt_delay + 300;
0x0532	0x0E2C      	MOVLW       44
0x0534	0x2647      	ADDWF       main_kitt_delay_L0, 1 
0x0536	0x0E01      	MOVLW       1
0x0538	0x2248      	ADDWFC      main_kitt_delay_L0+1, 1 
;LAB4_Step3.c,75 :: 		}
L_main12:
;LAB4_Step3.c,76 :: 		}
0x053A	0xD010      	BRA         L_main13
L_main11:
;LAB4_Step3.c,77 :: 		else if (PORTA.RA4)
0x053C	0xA880      	BTFSS       PORTA, 4 
0x053E	0xD00E      	BRA         L_main14
;LAB4_Step3.c,79 :: 		if (kitt_delay > 500)
0x0540	0x0E80      	MOVLW       128
0x0542	0x0A01      	XORLW       1
0x0544	0x6E00      	MOVWF       R0 
0x0546	0x0E80      	MOVLW       128
0x0548	0x1848      	XORWF       main_kitt_delay_L0+1, 0 
0x054A	0x5C00      	SUBWF       R0, 0 
0x054C	0xE102      	BNZ         L__main38
0x054E	0x5047      	MOVF        main_kitt_delay_L0, 0 
0x0550	0x08F4      	SUBLW       244
L__main38:
0x0552	0xE204      	BC          L_main15
;LAB4_Step3.c,81 :: 		kitt_delay = kitt_delay - 300;
0x0554	0x0E2C      	MOVLW       44
0x0556	0x5E47      	SUBWF       main_kitt_delay_L0, 1 
0x0558	0x0E01      	MOVLW       1
0x055A	0x5A48      	SUBWFB      main_kitt_delay_L0+1, 1 
;LAB4_Step3.c,82 :: 		}
L_main15:
;LAB4_Step3.c,83 :: 		}
L_main14:
L_main13:
L_main10:
L_main8:
L_main6:
;LAB4_Step3.c,84 :: 		}
L_main4:
;LAB4_Step3.c,86 :: 		if (counter_kitt > kitt_delay)
0x055C	0x5020      	MOVF        _counter_kitt+1, 0 
0x055E	0x5C48      	SUBWF       main_kitt_delay_L0+1, 0 
0x0560	0xE102      	BNZ         L__main39
0x0562	0x501F      	MOVF        _counter_kitt, 0 
0x0564	0x5C47      	SUBWF       main_kitt_delay_L0, 0 
L__main39:
0x0566	0xE21B      	BC          L_main16
;LAB4_Step3.c,88 :: 		counter_kitt = 0;
0x0568	0x6A1F      	CLRF        _counter_kitt 
0x056A	0x6A20      	CLRF        _counter_kitt+1 
;LAB4_Step3.c,89 :: 		LATD = pattern[cycle];
0x056C	0x0E2C      	MOVLW       main_pattern_L0
0x056E	0x6EE9      	MOVWF       FSR0L 
0x0570	0x0E00      	MOVLW       hi_addr(main_pattern_L0)
0x0572	0x6EEA      	MOVWF       FSR0L+1 
0x0574	0x5032      	MOVF        main_cycle_L0, 0 
0x0576	0x26E9      	ADDWF       FSR0L, 1 
0x0578	0xB0D8      	BTFSC       STATUS, 0 
0x057A	0x2AEA      	INCF        FSR0L+1, 1 
0x057C	0xFF8CCFEE  	MOVFF       POSTINC0, LATD
;LAB4_Step3.c,90 :: 		if (cycle == 4)
0x0580	0x5032      	MOVF        main_cycle_L0, 0 
0x0582	0x0A04      	XORLW       4
0x0584	0xB4D8      	BTFSC       STATUS, 2 
;LAB4_Step3.c,92 :: 		dir = 0;
0x0586	0x6A31      	CLRF        main_dir_L0 
;LAB4_Step3.c,93 :: 		}
L_main17:
;LAB4_Step3.c,94 :: 		if (cycle == 0)
0x0588	0x5032      	MOVF        main_cycle_L0, 0 
0x058A	0x0A00      	XORLW       0
0x058C	0xE102      	BNZ         L_main18
;LAB4_Step3.c,96 :: 		dir = 1;
0x058E	0x0E01      	MOVLW       1
0x0590	0x6E31      	MOVWF       main_dir_L0 
;LAB4_Step3.c,97 :: 		}
L_main18:
;LAB4_Step3.c,98 :: 		if (dir == 1)
0x0592	0x5031      	MOVF        main_dir_L0, 0 
0x0594	0x0A01      	XORLW       1
0x0596	0xE102      	BNZ         L_main19
;LAB4_Step3.c,100 :: 		cycle++;
0x0598	0x2A32      	INCF        main_cycle_L0, 1 
;LAB4_Step3.c,101 :: 		}
0x059A	0xD001      	BRA         L_main20
L_main19:
;LAB4_Step3.c,104 :: 		cycle--;
0x059C	0x0632      	DECF        main_cycle_L0, 1 
;LAB4_Step3.c,105 :: 		}
L_main20:
;LAB4_Step3.c,106 :: 		}
L_main16:
;LAB4_Step3.c,108 :: 		if (counter_ms != old_counter_ms)
0x059E	0x5028      	MOVF        _counter_ms+1, 0 
0x05A0	0x1838      	XORWF       main_old_counter_ms_L0+1, 0 
0x05A2	0xE102      	BNZ         L__main40
0x05A4	0x5037      	MOVF        main_old_counter_ms_L0, 0 
0x05A6	0x1827      	XORWF       _counter_ms, 0 
L__main40:
0x05A8	0xB4D8      	BTFSC       STATUS, 2 
0x05AA	0xD0E9      	BRA         L_main21
;LAB4_Step3.c,110 :: 		if (counter_ms > 1000)
0x05AC	0x5028      	MOVF        _counter_ms+1, 0 
0x05AE	0x0803      	SUBLW       3
0x05B0	0xE102      	BNZ         L__main41
0x05B2	0x5027      	MOVF        _counter_ms, 0 
0x05B4	0x08E8      	SUBLW       232
L__main41:
0x05B6	0xE20E      	BC          L_main22
;LAB4_Step3.c,112 :: 		counter_sec++;
0x05B8	0x2A33      	INCF        main_counter_sec_L0, 1 
;LAB4_Step3.c,113 :: 		counter_ms = 0;
0x05BA	0x6A27      	CLRF        _counter_ms 
0x05BC	0x6A28      	CLRF        _counter_ms+1 
;LAB4_Step3.c,114 :: 		if (counter_sec > 60)
0x05BE	0x5033      	MOVF        main_counter_sec_L0, 0 
0x05C0	0x083C      	SUBLW       60
0x05C2	0xE208      	BC          L_main23
;LAB4_Step3.c,116 :: 		counter_min++;
0x05C4	0x2A34      	INCF        main_counter_min_L0, 1 
;LAB4_Step3.c,117 :: 		counter_sec = 0;
0x05C6	0x6A33      	CLRF        main_counter_sec_L0 
;LAB4_Step3.c,118 :: 		if (counter_min > 60)
0x05C8	0x5034      	MOVF        main_counter_min_L0, 0 
0x05CA	0x083C      	SUBLW       60
0x05CC	0xE203      	BC          L_main24
;LAB4_Step3.c,120 :: 		counter_hours++;
0x05CE	0x4A35      	INFSNZ      main_counter_hours_L0, 1 
0x05D0	0x2A36      	INCF        main_counter_hours_L0+1, 1 
;LAB4_Step3.c,121 :: 		counter_min = 0;
0x05D2	0x6A34      	CLRF        main_counter_min_L0 
;LAB4_Step3.c,122 :: 		}
L_main24:
;LAB4_Step3.c,123 :: 		}
L_main23:
;LAB4_Step3.c,124 :: 		}
L_main22:
;LAB4_Step3.c,128 :: 		output_string[0] = '\0'; //clean the ouput string
0x05D4	0x6A49      	CLRF        main_output_string_L0 
;LAB4_Step3.c,129 :: 		IntToStr(counter_hours, output_num);
0x05D6	0xF064C035  	MOVFF       main_counter_hours_L0, FARG_IntToStr_input
0x05DA	0xF065C036  	MOVFF       main_counter_hours_L0+1, FARG_IntToStr_input+1
0x05DE	0x0E5A      	MOVLW       main_output_num_L0
0x05E0	0x6F66      	MOVWF       FARG_IntToStr_output, 1
0x05E2	0x0E00      	MOVLW       hi_addr(main_output_num_L0)
0x05E4	0x6F67      	MOVWF       FARG_IntToStr_output+1, 1
0x05E6	0xDE50      	RCALL       _IntToStr
;LAB4_Step3.c,130 :: 		strcat(output_string, output_num+3);
0x05E8	0x0E49      	MOVLW       main_output_string_L0
0x05EA	0x6F64      	MOVWF       FARG_strcat_to, 1
0x05EC	0x0E00      	MOVLW       hi_addr(main_output_string_L0)
0x05EE	0x6F65      	MOVWF       FARG_strcat_to+1, 1
0x05F0	0x0E5D      	MOVLW       main_output_num_L0+3
0x05F2	0x6F66      	MOVWF       FARG_strcat_from, 1
0x05F4	0x0E00      	MOVLW       hi_addr(main_output_num_L0+3)
0x05F6	0x6F67      	MOVWF       FARG_strcat_from+1, 1
0x05F8	0xDEB4      	RCALL       _strcat
;LAB4_Step3.c,131 :: 		strcat(output_string,":");
0x05FA	0x0E49      	MOVLW       main_output_string_L0
0x05FC	0x6F64      	MOVWF       FARG_strcat_to, 1
0x05FE	0x0E00      	MOVLW       hi_addr(main_output_string_L0)
0x0600	0x6F65      	MOVWF       FARG_strcat_to+1, 1
0x0602	0x0E29      	MOVLW       ?lstr1_LAB4_Step3
0x0604	0x6F66      	MOVWF       FARG_strcat_from, 1
0x0606	0x0E00      	MOVLW       hi_addr(?lstr1_LAB4_Step3)
0x0608	0x6F67      	MOVWF       FARG_strcat_from+1, 1
0x060A	0xDEAB      	RCALL       _strcat
;LAB4_Step3.c,132 :: 		IntToStr(counter_min, output_num);
0x060C	0xF064C034  	MOVFF       main_counter_min_L0, FARG_IntToStr_input
0x0610	0x0E00      	MOVLW       0
0x0612	0x6F65      	MOVWF       FARG_IntToStr_input+1, 1
0x0614	0x0E5A      	MOVLW       main_output_num_L0
0x0616	0x6F66      	MOVWF       FARG_IntToStr_output, 1
0x0618	0x0E00      	MOVLW       hi_addr(main_output_num_L0)
0x061A	0x6F67      	MOVWF       FARG_IntToStr_output+1, 1
0x061C	0xDE35      	RCALL       _IntToStr
;LAB4_Step3.c,133 :: 		if (counter_min < 10)
0x061E	0x0E0A      	MOVLW       10
0x0620	0x5C34      	SUBWF       main_counter_min_L0, 0 
0x0622	0xE213      	BC          L_main25
;LAB4_Step3.c,135 :: 		strcat(output_string, "0");
0x0624	0x0E49      	MOVLW       main_output_string_L0
0x0626	0x6F64      	MOVWF       FARG_strcat_to, 1
0x0628	0x0E00      	MOVLW       hi_addr(main_output_string_L0)
0x062A	0x6F65      	MOVWF       FARG_strcat_to+1, 1
0x062C	0x0E25      	MOVLW       ?lstr2_LAB4_Step3
0x062E	0x6F66      	MOVWF       FARG_strcat_from, 1
0x0630	0x0E00      	MOVLW       hi_addr(?lstr2_LAB4_Step3)
0x0632	0x6F67      	MOVWF       FARG_strcat_from+1, 1
0x0634	0xDE96      	RCALL       _strcat
;LAB4_Step3.c,136 :: 		strcat(output_string, output_num+5);
0x0636	0x0E49      	MOVLW       main_output_string_L0
0x0638	0x6F64      	MOVWF       FARG_strcat_to, 1
0x063A	0x0E00      	MOVLW       hi_addr(main_output_string_L0)
0x063C	0x6F65      	MOVWF       FARG_strcat_to+1, 1
0x063E	0x0E5F      	MOVLW       main_output_num_L0+5
0x0640	0x6F66      	MOVWF       FARG_strcat_from, 1
0x0642	0x0E00      	MOVLW       hi_addr(main_output_num_L0+5)
0x0644	0x6F67      	MOVWF       FARG_strcat_from+1, 1
0x0646	0xDE8D      	RCALL       _strcat
;LAB4_Step3.c,137 :: 		}
0x0648	0xD009      	BRA         L_main26
L_main25:
;LAB4_Step3.c,139 :: 		strcat(output_string, output_num+4);
0x064A	0x0E49      	MOVLW       main_output_string_L0
0x064C	0x6F64      	MOVWF       FARG_strcat_to, 1
0x064E	0x0E00      	MOVLW       hi_addr(main_output_string_L0)
0x0650	0x6F65      	MOVWF       FARG_strcat_to+1, 1
0x0652	0x0E5E      	MOVLW       main_output_num_L0+4
0x0654	0x6F66      	MOVWF       FARG_strcat_from, 1
0x0656	0x0E00      	MOVLW       hi_addr(main_output_num_L0+4)
0x0658	0x6F67      	MOVWF       FARG_strcat_from+1, 1
0x065A	0xDE83      	RCALL       _strcat
;LAB4_Step3.c,140 :: 		}
L_main26:
;LAB4_Step3.c,141 :: 		strcat(output_string, ":");
0x065C	0x0E49      	MOVLW       main_output_string_L0
0x065E	0x6F64      	MOVWF       FARG_strcat_to, 1
0x0660	0x0E00      	MOVLW       hi_addr(main_output_string_L0)
0x0662	0x6F65      	MOVWF       FARG_strcat_to+1, 1
0x0664	0x0E21      	MOVLW       ?lstr3_LAB4_Step3
0x0666	0x6F66      	MOVWF       FARG_strcat_from, 1
0x0668	0x0E00      	MOVLW       hi_addr(?lstr3_LAB4_Step3)
0x066A	0x6F67      	MOVWF       FARG_strcat_from+1, 1
0x066C	0xDE7A      	RCALL       _strcat
;LAB4_Step3.c,142 :: 		IntToStr(counter_sec, output_num);
0x066E	0xF064C033  	MOVFF       main_counter_sec_L0, FARG_IntToStr_input
0x0672	0x0E00      	MOVLW       0
0x0674	0x6F65      	MOVWF       FARG_IntToStr_input+1, 1
0x0676	0x0E5A      	MOVLW       main_output_num_L0
0x0678	0x6F66      	MOVWF       FARG_IntToStr_output, 1
0x067A	0x0E00      	MOVLW       hi_addr(main_output_num_L0)
0x067C	0x6F67      	MOVWF       FARG_IntToStr_output+1, 1
0x067E	0xDE04      	RCALL       _IntToStr
;LAB4_Step3.c,143 :: 		if (counter_sec < 10)
0x0680	0x0E0A      	MOVLW       10
0x0682	0x5C33      	SUBWF       main_counter_sec_L0, 0 
0x0684	0xE213      	BC          L_main27
;LAB4_Step3.c,145 :: 		strcat(output_string, "0");
0x0686	0x0E49      	MOVLW       main_output_string_L0
0x0688	0x6F64      	MOVWF       FARG_strcat_to, 1
0x068A	0x0E00      	MOVLW       hi_addr(main_output_string_L0)
0x068C	0x6F65      	MOVWF       FARG_strcat_to+1, 1
0x068E	0x0E23      	MOVLW       ?lstr4_LAB4_Step3
0x0690	0x6F66      	MOVWF       FARG_strcat_from, 1
0x0692	0x0E00      	MOVLW       hi_addr(?lstr4_LAB4_Step3)
0x0694	0x6F67      	MOVWF       FARG_strcat_from+1, 1
0x0696	0xDE65      	RCALL       _strcat
;LAB4_Step3.c,146 :: 		strcat(output_string, output_num+5);
0x0698	0x0E49      	MOVLW       main_output_string_L0
0x069A	0x6F64      	MOVWF       FARG_strcat_to, 1
0x069C	0x0E00      	MOVLW       hi_addr(main_output_string_L0)
0x069E	0x6F65      	MOVWF       FARG_strcat_to+1, 1
0x06A0	0x0E5F      	MOVLW       main_output_num_L0+5
0x06A2	0x6F66      	MOVWF       FARG_strcat_from, 1
0x06A4	0x0E00      	MOVLW       hi_addr(main_output_num_L0+5)
0x06A6	0x6F67      	MOVWF       FARG_strcat_from+1, 1
0x06A8	0xDE5C      	RCALL       _strcat
;LAB4_Step3.c,147 :: 		}else{
0x06AA	0xD009      	BRA         L_main28
L_main27:
;LAB4_Step3.c,148 :: 		strcat(output_string, output_num+4);
0x06AC	0x0E49      	MOVLW       main_output_string_L0
0x06AE	0x6F64      	MOVWF       FARG_strcat_to, 1
0x06B0	0x0E00      	MOVLW       hi_addr(main_output_string_L0)
0x06B2	0x6F65      	MOVWF       FARG_strcat_to+1, 1
0x06B4	0x0E5E      	MOVLW       main_output_num_L0+4
0x06B6	0x6F66      	MOVWF       FARG_strcat_from, 1
0x06B8	0x0E00      	MOVLW       hi_addr(main_output_num_L0+4)
0x06BA	0x6F67      	MOVWF       FARG_strcat_from+1, 1
0x06BC	0xDE52      	RCALL       _strcat
;LAB4_Step3.c,149 :: 		}
L_main28:
;LAB4_Step3.c,150 :: 		strcat(output_string,":");
0x06BE	0x0E49      	MOVLW       main_output_string_L0
0x06C0	0x6F64      	MOVWF       FARG_strcat_to, 1
0x06C2	0x0E00      	MOVLW       hi_addr(main_output_string_L0)
0x06C4	0x6F65      	MOVWF       FARG_strcat_to+1, 1
0x06C6	0x0E16      	MOVLW       ?lstr5_LAB4_Step3
0x06C8	0x6F66      	MOVWF       FARG_strcat_from, 1
0x06CA	0x0E00      	MOVLW       hi_addr(?lstr5_LAB4_Step3)
0x06CC	0x6F67      	MOVWF       FARG_strcat_from+1, 1
0x06CE	0xDE49      	RCALL       _strcat
;LAB4_Step3.c,151 :: 		IntToStr(counter_ms, output_num);
0x06D0	0xF064C027  	MOVFF       _counter_ms, FARG_IntToStr_input
0x06D4	0xF065C028  	MOVFF       _counter_ms+1, FARG_IntToStr_input+1
0x06D8	0x0E5A      	MOVLW       main_output_num_L0
0x06DA	0x6F66      	MOVWF       FARG_IntToStr_output, 1
0x06DC	0x0E00      	MOVLW       hi_addr(main_output_num_L0)
0x06DE	0x6F67      	MOVWF       FARG_IntToStr_output+1, 1
0x06E0	0xDDD3      	RCALL       _IntToStr
;LAB4_Step3.c,152 :: 		if (counter_ms < 10)
0x06E2	0x0E00      	MOVLW       0
0x06E4	0x5C28      	SUBWF       _counter_ms+1, 0 
0x06E6	0xE102      	BNZ         L__main42
0x06E8	0x0E0A      	MOVLW       10
0x06EA	0x5C27      	SUBWF       _counter_ms, 0 
L__main42:
0x06EC	0xE213      	BC          L_main29
;LAB4_Step3.c,154 :: 		strcat(output_string, "00");
0x06EE	0x0E49      	MOVLW       main_output_string_L0
0x06F0	0x6F64      	MOVWF       FARG_strcat_to, 1
0x06F2	0x0E00      	MOVLW       hi_addr(main_output_string_L0)
0x06F4	0x6F65      	MOVWF       FARG_strcat_to+1, 1
0x06F6	0x0E1A      	MOVLW       ?lstr6_LAB4_Step3
0x06F8	0x6F66      	MOVWF       FARG_strcat_from, 1
0x06FA	0x0E00      	MOVLW       hi_addr(?lstr6_LAB4_Step3)
0x06FC	0x6F67      	MOVWF       FARG_strcat_from+1, 1
0x06FE	0xDE31      	RCALL       _strcat
;LAB4_Step3.c,155 :: 		strcat(output_string, output_num+5);
0x0700	0x0E49      	MOVLW       main_output_string_L0
0x0702	0x6F64      	MOVWF       FARG_strcat_to, 1
0x0704	0x0E00      	MOVLW       hi_addr(main_output_string_L0)
0x0706	0x6F65      	MOVWF       FARG_strcat_to+1, 1
0x0708	0x0E5F      	MOVLW       main_output_num_L0+5
0x070A	0x6F66      	MOVWF       FARG_strcat_from, 1
0x070C	0x0E00      	MOVLW       hi_addr(main_output_num_L0+5)
0x070E	0x6F67      	MOVWF       FARG_strcat_from+1, 1
0x0710	0xDE28      	RCALL       _strcat
;LAB4_Step3.c,156 :: 		}
0x0712	0xD022      	BRA         L_main30
L_main29:
;LAB4_Step3.c,157 :: 		else if (counter_ms < 100)
0x0714	0x0E00      	MOVLW       0
0x0716	0x5C28      	SUBWF       _counter_ms+1, 0 
0x0718	0xE102      	BNZ         L__main43
0x071A	0x0E64      	MOVLW       100
0x071C	0x5C27      	SUBWF       _counter_ms, 0 
L__main43:
0x071E	0xE213      	BC          L_main31
;LAB4_Step3.c,159 :: 		strcat(output_string, "0");
0x0720	0x0E49      	MOVLW       main_output_string_L0
0x0722	0x6F64      	MOVWF       FARG_strcat_to, 1
0x0724	0x0E00      	MOVLW       hi_addr(main_output_string_L0)
0x0726	0x6F65      	MOVWF       FARG_strcat_to+1, 1
0x0728	0x0E1D      	MOVLW       ?lstr7_LAB4_Step3
0x072A	0x6F66      	MOVWF       FARG_strcat_from, 1
0x072C	0x0E00      	MOVLW       hi_addr(?lstr7_LAB4_Step3)
0x072E	0x6F67      	MOVWF       FARG_strcat_from+1, 1
0x0730	0xDE18      	RCALL       _strcat
;LAB4_Step3.c,160 :: 		strcat(output_string, output_num+4);
0x0732	0x0E49      	MOVLW       main_output_string_L0
0x0734	0x6F64      	MOVWF       FARG_strcat_to, 1
0x0736	0x0E00      	MOVLW       hi_addr(main_output_string_L0)
0x0738	0x6F65      	MOVWF       FARG_strcat_to+1, 1
0x073A	0x0E5E      	MOVLW       main_output_num_L0+4
0x073C	0x6F66      	MOVWF       FARG_strcat_from, 1
0x073E	0x0E00      	MOVLW       hi_addr(main_output_num_L0+4)
0x0740	0x6F67      	MOVWF       FARG_strcat_from+1, 1
0x0742	0xDE0F      	RCALL       _strcat
;LAB4_Step3.c,161 :: 		}else{
0x0744	0xD009      	BRA         L_main32
L_main31:
;LAB4_Step3.c,162 :: 		strcat(output_string, output_num+3);
0x0746	0x0E49      	MOVLW       main_output_string_L0
0x0748	0x6F64      	MOVWF       FARG_strcat_to, 1
0x074A	0x0E00      	MOVLW       hi_addr(main_output_string_L0)
0x074C	0x6F65      	MOVWF       FARG_strcat_to+1, 1
0x074E	0x0E5D      	MOVLW       main_output_num_L0+3
0x0750	0x6F66      	MOVWF       FARG_strcat_from, 1
0x0752	0x0E00      	MOVLW       hi_addr(main_output_num_L0+3)
0x0754	0x6F67      	MOVWF       FARG_strcat_from+1, 1
0x0756	0xDE05      	RCALL       _strcat
;LAB4_Step3.c,163 :: 		}
L_main32:
L_main30:
;LAB4_Step3.c,164 :: 		Lcd_Out(1, 16-strlen(output_string), output_string);
0x0758	0x0E49      	MOVLW       main_output_string_L0
0x075A	0x6F64      	MOVWF       FARG_strlen_s, 1
0x075C	0x0E00      	MOVLW       hi_addr(main_output_string_L0)
0x075E	0x6F65      	MOVWF       FARG_strlen_s+1, 1
0x0760	0xDD23      	RCALL       _strlen
0x0762	0x5000      	MOVF        R0, 0 
0x0764	0x0810      	SUBLW       16
0x0766	0x6F65      	MOVWF       FARG_Lcd_Out_column, 1
0x0768	0x0E01      	MOVLW       1
0x076A	0x6F64      	MOVWF       FARG_Lcd_Out_row, 1
0x076C	0x0E49      	MOVLW       main_output_string_L0
0x076E	0x6F66      	MOVWF       FARG_Lcd_Out_text, 1
0x0770	0x0E00      	MOVLW       hi_addr(main_output_string_L0)
0x0772	0x6F67      	MOVWF       FARG_Lcd_Out_text+1, 1
0x0774	0xDE26      	RCALL       _Lcd_Out
;LAB4_Step3.c,165 :: 		old_counter_ms = counter_ms;
0x0776	0xF037C027  	MOVFF       _counter_ms, main_old_counter_ms_L0
0x077A	0xF038C028  	MOVFF       _counter_ms+1, main_old_counter_ms_L0+1
;LAB4_Step3.c,166 :: 		}
L_main21:
;LAB4_Step3.c,167 :: 		}
0x077E	0xD688      	BRA         L_main0
;LAB4_Step3.c,168 :: 		}
L_end_main:
0x0780	0xD7FF      	BRA         $+0
; end of _main
0x07B4	0xF016EE10  	LFSR        1, 22
0x07B8	0x0E15      	MOVLW       21
0x07BA	0x6E00      	MOVWF       R0 
0x07BC	0x0E01      	MOVLW       1
0x07BE	0x6E01      	MOVWF       R1 
0x07C0	0x0E9F      	MOVLW       159
0x07C2	0x6EF6      	MOVWF       TBLPTR 
0x07C4	0x0E07      	MOVLW       7
0x07C6	0x6EF7      	MOVWF       TBLPTRH 
0x07C8	0x0E00      	MOVLW       0
0x07CA	0x6EF8      	MOVWF       TBLPTRU 
0x07CC	0xF000ECF1  	CALL        482, 0
0x07D0	0x0012      	RETURN      0
;LAB4_Step3.c,0 :: ?ICSmain_pattern_L0
0x0782	0x7EFF ;?ICSmain_pattern_L0+0
0x0784	0x183C ;?ICSmain_pattern_L0+2
0x0786	0x00 ;?ICSmain_pattern_L0+4
; end of ?ICSmain_pattern_L0
;LAB4_Step3.c,0 :: ?ICSmain_dir_L0
0x0787	0x01 ;?ICSmain_dir_L0+0
; end of ?ICSmain_dir_L0
;LAB4_Step3.c,0 :: ?ICSmain_cycle_L0
0x0788	0x00 ;?ICSmain_cycle_L0+0
; end of ?ICSmain_cycle_L0
;LAB4_Step3.c,0 :: ?ICSmain_counter_sec_L0
0x0789	0x00 ;?ICSmain_counter_sec_L0+0
; end of ?ICSmain_counter_sec_L0
;LAB4_Step3.c,0 :: ?ICSmain_counter_min_L0
0x078A	0x00 ;?ICSmain_counter_min_L0+0
; end of ?ICSmain_counter_min_L0
;LAB4_Step3.c,0 :: ?ICSmain_counter_hours_L0
0x078B	0x0000 ;?ICSmain_counter_hours_L0+0
; end of ?ICSmain_counter_hours_L0
;LAB4_Step3.c,0 :: ?ICSmain_old_counter_ms_L0
0x078D	0x0000 ;?ICSmain_old_counter_ms_L0+0
; end of ?ICSmain_old_counter_ms_L0
;LAB4_Step3.c,0 :: ?ICSmain_zeroes_L0
0x078F	0x3A30 ;?ICSmain_zeroes_L0+0
0x0791	0x3030 ;?ICSmain_zeroes_L0+2
0x0793	0x303A ;?ICSmain_zeroes_L0+4
0x0795	0x3A30 ;?ICSmain_zeroes_L0+6
0x0797	0x3030 ;?ICSmain_zeroes_L0+8
0x0799	0x0030 ;?ICSmain_zeroes_L0+10
; end of ?ICSmain_zeroes_L0
;LAB4_Step3.c,0 :: ?ICSmain_PORTA_Old_L0
0x079B	0x0000 ;?ICSmain_PORTA_Old_L0+0
; end of ?ICSmain_PORTA_Old_L0
;LAB4_Step3.c,0 :: ?ICSmain_kitt_delay_L0
0x079D	0x01F4 ;?ICSmain_kitt_delay_L0+0
; end of ?ICSmain_kitt_delay_L0
;LAB4_Step3.c,0 :: ?ICS?lstr5_LAB4_Step3
0x079F	0x003A ;?ICS?lstr5_LAB4_Step3+0
; end of ?ICS?lstr5_LAB4_Step3
;LAB4_Step3.c,0 :: ?ICS_timer_go
0x07A1	0x0001 ;?ICS_timer_go+0
; end of ?ICS_timer_go
;LAB4_Step3.c,0 :: ?ICS?lstr6_LAB4_Step3
0x07A3	0x3030 ;?ICS?lstr6_LAB4_Step3+0
0x07A5	0x00 ;?ICS?lstr6_LAB4_Step3+2
; end of ?ICS?lstr6_LAB4_Step3
;LAB4_Step3.c,0 :: ?ICS?lstr7_LAB4_Step3
0x07A6	0x0030 ;?ICS?lstr7_LAB4_Step3+0
; end of ?ICS?lstr7_LAB4_Step3
;LAB4_Step3.c,0 :: ?ICS_counter_kitt
0x07A8	0x0000 ;?ICS_counter_kitt+0
; end of ?ICS_counter_kitt
;LAB4_Step3.c,0 :: ?ICS?lstr3_LAB4_Step3
0x07AA	0x003A ;?ICS?lstr3_LAB4_Step3+0
; end of ?ICS?lstr3_LAB4_Step3
;LAB4_Step3.c,0 :: ?ICS?lstr4_LAB4_Step3
0x07AC	0x0030 ;?ICS?lstr4_LAB4_Step3+0
; end of ?ICS?lstr4_LAB4_Step3
;LAB4_Step3.c,0 :: ?ICS?lstr2_LAB4_Step3
0x07AE	0x0030 ;?ICS?lstr2_LAB4_Step3+0
; end of ?ICS?lstr2_LAB4_Step3
;LAB4_Step3.c,0 :: ?ICS_counter_ms
0x07B0	0x0000 ;?ICS_counter_ms+0
; end of ?ICS_counter_ms
;LAB4_Step3.c,0 :: ?ICS?lstr1_LAB4_Step3
0x07B2	0x003A ;?ICS?lstr1_LAB4_Step3+0
; end of ?ICS?lstr1_LAB4_Step3
Symbol List:
//** Routines locations **
//ADDRESS    SIZE    PROCEDURE
//----------------------------------------------
0x0008      [40]    _interrupt
0x0030      [22]    _Delay_5500us
0x0046      [10]    _Delay_50us
0x0050       [6]    _Delay_1us
0x0056     [126]    _Lcd_Cmd
0x00D4      [54]    _Div_16X16_U
0x010A      [12]    _Lcd_Chr_CP
0x0116     [146]    _WordToStr
0x01A8      [58]    _strlen
0x01E2      [16]    ___CC2DW
0x01F2     [150]    _Lcd_Init
0x0288     [218]    _IntToStr
0x0362      [96]    _strcat
0x03C2     [126]    _Lcd_Out
0x0440     [834]    _main
//** Variables locations ** 
//ADDRESS    SIZE    VARIABLE
//----------------------------------------------
0x0000       [1]    R0
0x0001       [1]    R1
0x0001       [1]    __Lib_Conversions_Adjust_Hex_tmp_L0
0x0002       [2]    memcpy_dd_L0
0x0002       [2]    memset_pp_L0
0x0002       [2]    memchr_s_L0
0x0002       [2]    strlen_cp_L0
0x0002       [1]    R2
0x0003       [2]    Ltrim_original_L0
0x0003       [1]    R3
0x0003       [2]    memmove_tt_L0
0x0004       [2]    strncpy_cp_L0
0x0004       [2]    memcpy_ss_L0
0x0004       [1]    R4
0x0004       [2]    strncat_cp_L0
0x0004       [2]    strcat_cp_L0
0x0004       [2]    strcpy_cp_L0
0x0005       [1]    R5
0x0005       [2]    Ltrim_p_L0
0x0005       [2]    memmove_ff_L0
0x0005       [2]    LongWordToHex_input_half_L0
0x0005       [2]    LongIntToHex_input_half_L0
0x0006       [1]    R6
0x0007       [1]    R7
0x0008       [1]    R8
0x0009       [1]    R9
0x000A       [1]    R10
0x000B       [1]    R11
0x000C       [1]    R12
0x000D       [1]    R13
0x000E       [1]    R14
0x000F       [1]    R15
0x0010       [1]    R16
0x0011       [1]    R17
0x0012       [1]    R18
0x0013       [1]    R19
0x0014       [1]    R20
0x0016       [2]    ?lstr5_LAB4_Step3
0x0018       [2]    _timer_go
0x001A       [3]    ?lstr6_LAB4_Step3
0x001D       [2]    ?lstr7_LAB4_Step3
0x001F       [2]    _counter_kitt
0x0021       [2]    ?lstr3_LAB4_Step3
0x0023       [2]    ?lstr4_LAB4_Step3
0x0025       [2]    ?lstr2_LAB4_Step3
0x0027       [2]    _counter_ms
0x0029       [2]    ?lstr1_LAB4_Step3
0x002B       [0]    __Lib_Lcd_cmd_status
0x002C       [5]    main_pattern_L0
0x0031       [1]    main_dir_L0
0x0032       [1]    main_cycle_L0
0x0033       [1]    main_counter_sec_L0
0x0034       [1]    main_counter_min_L0
0x0035       [2]    main_counter_hours_L0
0x0037       [2]    main_old_counter_ms_L0
0x0039      [12]    main_zeroes_L0
0x0045       [2]    main_PORTA_Old_L0
0x0047       [2]    main_kitt_delay_L0
0x0049      [17]    main_output_string_L0
0x005A      [10]    main_output_num_L0
0x0064       [2]    FARG_strlen_s
0x0064       [2]    FARG_strcat_to
0x0064       [1]    FARG_Lcd_Out_row
0x0064       [2]    FARG_IntToStr_input
0x0065       [1]    FARG_Lcd_Out_column
0x0066       [2]    FARG_strcat_from
0x0066       [2]    FARG_IntToStr_output
0x0066       [2]    FARG_Lcd_Out_text
0x0068       [1]    Lcd_Out_i_L0
0x0068       [2]    IntToStr_i_L0
0x006A       [2]    IntToStr_negative_L0
0x006C       [2]    IntToStr_inword_L0
0x006E       [2]    FARG_WordToStr_input
0x006E       [1]    FARG_Lcd_Chr_CP_out_char
0x0070       [2]    FARG_WordToStr_output
0x0072       [1]    WordToStr_len_L0
0x0073       [2]    FLOC__WordToStr
0x0075       [1]    FARG_Lcd_Cmd_out_char
0x0F38       [1]    ANSELA
0x0F80       [1]    PORTA
0x0F8A       [0]    LCD_D7
0x0F8A       [0]    LATB4_bit
0x0F8A       [0]    LATB3_bit
0x0F8A       [0]    LATB5_bit
0x0F8A       [0]    LATB0_bit
0x0F8A       [0]    LCD_EN
0x0F8A       [0]    LATB1_bit
0x0F8A       [0]    LCD_RS
0x0F8A       [0]    LATB2_bit
0x0F8A       [0]    LCD_D6
0x0F8A       [0]    LCD_D4
0x0F8A       [0]    LCD_D5
0x0F8C       [1]    LATD
0x0F92       [1]    TRISA
0x0F93       [0]    LCD_D4_Direction
0x0F93       [0]    LCD_EN_Direction
0x0F93       [0]    LCD_RS_Direction
0x0F93       [0]    LCD_D6_Direction
0x0F93       [0]    LCD_D7_Direction
0x0F93       [0]    LCD_D5_Direction
0x0F93       [0]    TRISB3_bit
0x0F93       [0]    TRISB4_bit
0x0F93       [0]    TRISB2_bit
0x0F93       [0]    TRISB5_bit
0x0F93       [0]    TRISB0_bit
0x0F93       [0]    TRISB1_bit
0x0F95       [1]    TRISD
0x0FD5       [1]    T0CON
0x0FD6       [1]    TMR0L
0x0FD8       [1]    STATUS
0x0FD9       [1]    FSR2L
0x0FDA       [1]    FSR2H
0x0FDE       [1]    POSTINC2
0x0FE0       [1]    BSR
0x0FE1       [1]    FSR1L
0x0FE2       [1]    FSR1H
0x0FE4       [1]    PREINC1
0x0FE6       [1]    POSTINC1
0x0FE7       [1]    INDF1
0x0FE8       [1]    WREG
0x0FE9       [1]    FSR0L
0x0FEA       [1]    FSR0H
0x0FEE       [1]    POSTINC0
0x0FF2       [1]    INTCON
0x0FF3       [1]    PRODL
0x0FF4       [1]    PRODH
0x0FF5       [1]    TABLAT
0x0FF6       [3]    TBLPTR
0x0FF6       [1]    TBLPTRL
0x0FF7       [1]    TBLPTRH
0x0FF8       [1]    TBLPTRU
//** Constants locations ** 
//ADDRESS    SIZE    CONSTANT
//----------------------------------------------
0x0782       [5]    ?ICSmain_pattern_L0
0x0787       [1]    ?ICSmain_dir_L0
0x0788       [1]    ?ICSmain_cycle_L0
0x0789       [1]    ?ICSmain_counter_sec_L0
0x078A       [1]    ?ICSmain_counter_min_L0
0x078B       [2]    ?ICSmain_counter_hours_L0
0x078D       [2]    ?ICSmain_old_counter_ms_L0
0x078F      [12]    ?ICSmain_zeroes_L0
0x079B       [2]    ?ICSmain_PORTA_Old_L0
0x079D       [2]    ?ICSmain_kitt_delay_L0
0x079F       [2]    ?ICS?lstr5_LAB4_Step3
0x07A1       [2]    ?ICS_timer_go
0x07A3       [3]    ?ICS?lstr6_LAB4_Step3
0x07A6       [2]    ?ICS?lstr7_LAB4_Step3
0x07A8       [2]    ?ICS_counter_kitt
0x07AA       [2]    ?ICS?lstr3_LAB4_Step3
0x07AC       [2]    ?ICS?lstr4_LAB4_Step3
0x07AE       [2]    ?ICS?lstr2_LAB4_Step3
0x07B0       [2]    ?ICS_counter_ms
0x07B2       [2]    ?ICS?lstr1_LAB4_Step3
