;  LST file generated by mikroListExporter - v.2.0 
; Date/Time: 03/05/2021 19:05:20
;----------------------------------------------

;Address Opcode 	ASM
0x0000	0xF002EF57  	GOTO        1198
_interrupt:
;LAB5_ADC.c,96 :: 		void interrupt(){
0x0008	0xF015C000  	MOVFF       R0, 21
;LAB5_ADC.c,97 :: 		if (PIR1.ADIF)
0x000C	0xAC9E      	BTFSS       PIR1, 6 
0x000E	0xD019      	BRA         L_interrupt2
;LAB5_ADC.c,99 :: 		PIR1.ADIF = 0;
0x0010	0x9C9E      	BCF         PIR1, 6 
;LAB5_ADC.c,100 :: 		if(ADCON2.ADFM){
0x0012	0xAEC0      	BTFSS       ADCON2, 7 
0x0014	0xD00D      	BRA         L_interrupt3
;LAB5_ADC.c,101 :: 		adc_10bit_RA0 = ADRESH<<8|ADRESL;
0x0016	0xF02CCFC4  	MOVFF       ADRESH, _adc_10bit_RA0+1
0x001A	0x6A2B      	CLRF        _adc_10bit_RA0 
0x001C	0x50C3      	MOVF        ADRESL, 0 
0x001E	0x122B      	IORWF       _adc_10bit_RA0, 1 
0x0020	0x0E00      	MOVLW       0
0x0022	0x122C      	IORWF       _adc_10bit_RA0+1, 1 
;LAB5_ADC.c,102 :: 		ADCON0.CHS0=0;
0x0024	0x94C2      	BCF         ADCON0, 2 
;LAB5_ADC.c,103 :: 		ADCON0.CHS1=0;
0x0026	0x96C2      	BCF         ADCON0, 3 
;LAB5_ADC.c,104 :: 		ADCON0.CHS2=1;
0x0028	0x88C2      	BSF         ADCON0, 4 
;LAB5_ADC.c,105 :: 		ADCON0.CHS3=0;
0x002A	0x9AC2      	BCF         ADCON0, 5 
;LAB5_ADC.c,106 :: 		ADCON0.CHS4=1;
0x002C	0x8CC2      	BSF         ADCON0, 6 
;LAB5_ADC.c,108 :: 		}
0x002E	0xD007      	BRA         L_interrupt4
L_interrupt3:
;LAB5_ADC.c,110 :: 		adc_8bit_RD0 = ADRESH;
0x0030	0xF02DCFC4  	MOVFF       ADRESH, _adc_8bit_RD0
;LAB5_ADC.c,111 :: 		ADCON0.CHS0=0;
0x0034	0x94C2      	BCF         ADCON0, 2 
;LAB5_ADC.c,112 :: 		ADCON0.CHS1=0;
0x0036	0x96C2      	BCF         ADCON0, 3 
;LAB5_ADC.c,113 :: 		ADCON0.CHS2=0;
0x0038	0x98C2      	BCF         ADCON0, 4 
;LAB5_ADC.c,114 :: 		ADCON0.CHS3=0;
0x003A	0x9AC2      	BCF         ADCON0, 5 
;LAB5_ADC.c,115 :: 		ADCON0.CHS4=0;
0x003C	0x9CC2      	BCF         ADCON0, 6 
;LAB5_ADC.c,117 :: 		}
L_interrupt4:
;LAB5_ADC.c,118 :: 		ADCON2.ADFM = !ADCON2.ADFM;
0x003E	0x7EC0      	BTG         ADCON2, 7 
;LAB5_ADC.c,119 :: 		ADCON0.GO_NOT_DONE = 1;
0x0040	0x82C2      	BSF         ADCON0, 1 
;LAB5_ADC.c,120 :: 		}
L_interrupt2:
;LAB5_ADC.c,121 :: 		}
L_end_interrupt:
L__interrupt7:
0x0042	0xF000C015  	MOVFF       21, R0
0x0046	0x0011      	RETFIE      1
; end of _interrupt
_Delay_1us:
;__Lib_Delays.c,7 :: 		void Delay_1us() {
;__Lib_Delays.c,8 :: 		Delay_us(1);
0x0048	0x0000      	NOP
0x004A	0x0000      	NOP
;__Lib_Delays.c,9 :: 		}
L_end_Delay_1us:
0x004C	0x0012      	RETURN      0
; end of _Delay_1us
_Delay_5500us:
;__Lib_Delays.c,31 :: 		void Delay_5500us() {
;__Lib_Delays.c,32 :: 		Delay_us(5500);
0x004E	0x0E0F      	MOVLW       15
0x0050	0x6E0C      	MOVWF       R12, 0
0x0052	0x0E47      	MOVLW       71
0x0054	0x6E0D      	MOVWF       R13, 0
L_Delay_5500us5:
0x0056	0x2E0D      	DECFSZ      R13, 1, 0
0x0058	0xD7FE      	BRA         L_Delay_5500us5
0x005A	0x2E0C      	DECFSZ      R12, 1, 0
0x005C	0xD7FC      	BRA         L_Delay_5500us5
0x005E	0x0000      	NOP
0x0060	0x0000      	NOP
;__Lib_Delays.c,33 :: 		}
L_end_Delay_5500us:
0x0062	0x0012      	RETURN      0
; end of _Delay_5500us
_Delay_50us:
;__Lib_Delays.c,19 :: 		void Delay_50us() {
;__Lib_Delays.c,20 :: 		Delay_us(50);
0x0064	0x0E21      	MOVLW       33
0x0066	0x6E0D      	MOVWF       R13, 0
L_Delay_50us2:
0x0068	0x2E0D      	DECFSZ      R13, 1, 0
0x006A	0xD7FE      	BRA         L_Delay_50us2
;__Lib_Delays.c,21 :: 		}
L_end_Delay_50us:
0x006C	0x0012      	RETURN      0
; end of _Delay_50us
_Div_16X16_U:
;__Lib_Math.c,102 :: 		
;__Lib_Math.c,109 :: 		
0x006E	0x6A08      	CLRF        R8, 0
;__Lib_Math.c,110 :: 		
0x0070	0x6A09      	CLRF        R9, 0
;__Lib_Math.c,111 :: 		
0x0072	0x0E10      	MOVLW       16
;__Lib_Math.c,112 :: 		
0x0074	0x6E0C      	MOVWF       R12, 0
;__Lib_Math.c,113 :: 		
0x0076	0x3401      	RLCF        R1, 0, 0
;__Lib_Math.c,114 :: 		
0x0078	0x3608      	RLCF        R8, 1, 0
;__Lib_Math.c,115 :: 		
0x007A	0x3609      	RLCF        R9, 1, 0
;__Lib_Math.c,116 :: 		
0x007C	0x5004      	MOVF        R4, 0, 0
;__Lib_Math.c,117 :: 		
0x007E	0x5E08      	SUBWF       R8, 1, 0
;__Lib_Math.c,118 :: 		
0x0080	0x5005      	MOVF        R5, 0, 0
;__Lib_Math.c,119 :: 		
0x0082	0xA0D8      	BTFSS       STATUS, 0, 0
;__Lib_Math.c,120 :: 		
0x0084	0x3C05      	INCFSZ      R5, 0, 0
;__Lib_Math.c,121 :: 		
0x0086	0x5E09      	SUBWF       R9, 1, 0
;__Lib_Math.c,122 :: 		
0x0088	0xB0D8      	BTFSC       STATUS, 0, 0
;__Lib_Math.c,123 :: 		
0x008A	0xD007      	BRA         $+16
;__Lib_Math.c,124 :: 		
0x008C	0x5004      	MOVF        R4, 0, 0
;__Lib_Math.c,125 :: 		
0x008E	0x2608      	ADDWF       R8, 1, 0
;__Lib_Math.c,126 :: 		
0x0090	0x5005      	MOVF        R5, 0, 0
;__Lib_Math.c,127 :: 		
0x0092	0xB0D8      	BTFSC       STATUS, 0, 0
;__Lib_Math.c,128 :: 		
0x0094	0x3C05      	INCFSZ      R5, 0, 0
;__Lib_Math.c,129 :: 		
0x0096	0x2609      	ADDWF       R9, 1, 0
;__Lib_Math.c,130 :: 		
0x0098	0x90D8      	BCF         STATUS, 0, 0
;__Lib_Math.c,131 :: 		
0x009A	0x3600      	RLCF        R0, 1, 0
;__Lib_Math.c,132 :: 		
0x009C	0x3601      	RLCF        R1, 1, 0
;__Lib_Math.c,133 :: 		
0x009E	0x2E0C      	DECFSZ      R12, 1, 0
;__Lib_Math.c,134 :: 		
0x00A0	0xD7EA      	BRA         $-42
;__Lib_Math.c,136 :: 		
L_end_Div_16X16_U:
0x00A2	0x0012      	RETURN      0
; end of _Div_16X16_U
_Lcd_Cmd:
;__Lib_Lcd.c,18 :: 		
;__Lib_Lcd.c,20 :: 		
0x00A4	0xBE58      	BTFSC       FARG_Lcd_Cmd_out_char, 7 
0x00A6	0xD002      	BRA         L__Lcd_Cmd21
0x00A8	0x968A      	BCF         LCD_D7, BitPos(LCD_D7+0) 
0x00AA	0xD001      	BRA         L__Lcd_Cmd22
L__Lcd_Cmd21:
0x00AC	0x868A      	BSF         LCD_D7, BitPos(LCD_D7+0) 
L__Lcd_Cmd22:
;__Lib_Lcd.c,21 :: 		
0x00AE	0xBC58      	BTFSC       FARG_Lcd_Cmd_out_char, 6 
0x00B0	0xD002      	BRA         L__Lcd_Cmd23
0x00B2	0x948A      	BCF         LCD_D6, BitPos(LCD_D6+0) 
0x00B4	0xD001      	BRA         L__Lcd_Cmd24
L__Lcd_Cmd23:
0x00B6	0x848A      	BSF         LCD_D6, BitPos(LCD_D6+0) 
L__Lcd_Cmd24:
;__Lib_Lcd.c,22 :: 		
0x00B8	0xBA58      	BTFSC       FARG_Lcd_Cmd_out_char, 5 
0x00BA	0xD002      	BRA         L__Lcd_Cmd25
0x00BC	0x928A      	BCF         LCD_D5, BitPos(LCD_D5+0) 
0x00BE	0xD001      	BRA         L__Lcd_Cmd26
L__Lcd_Cmd25:
0x00C0	0x828A      	BSF         LCD_D5, BitPos(LCD_D5+0) 
L__Lcd_Cmd26:
;__Lib_Lcd.c,23 :: 		
0x00C2	0xB858      	BTFSC       FARG_Lcd_Cmd_out_char, 4 
0x00C4	0xD002      	BRA         L__Lcd_Cmd27
0x00C6	0x908A      	BCF         LCD_D4, BitPos(LCD_D4+0) 
0x00C8	0xD001      	BRA         L__Lcd_Cmd28
L__Lcd_Cmd27:
0x00CA	0x808A      	BSF         LCD_D4, BitPos(LCD_D4+0) 
L__Lcd_Cmd28:
;__Lib_Lcd.c,25 :: 		
0x00CC	0xB02E      	BTFSC       __Lib_Lcd_cmd_status, BitPos(__Lib_Lcd_cmd_status+0) 
0x00CE	0xD002      	BRA         L__Lcd_Cmd29
0x00D0	0x888A      	BSF         LCD_RS, BitPos(LCD_RS+0) 
0x00D2	0xD001      	BRA         L__Lcd_Cmd30
L__Lcd_Cmd29:
0x00D4	0x988A      	BCF         LCD_RS, BitPos(LCD_RS+0) 
L__Lcd_Cmd30:
;__Lib_Lcd.c,28 :: 		
0x00D6	0x8A8A      	BSF         LCD_EN, BitPos(LCD_EN+0) 
;__Lib_Lcd.c,29 :: 		
0x00D8	0xDFB7      	RCALL       _Delay_1us
;__Lib_Lcd.c,30 :: 		
0x00DA	0x9A8A      	BCF         LCD_EN, BitPos(LCD_EN+0) 
;__Lib_Lcd.c,33 :: 		
0x00DC	0xB658      	BTFSC       FARG_Lcd_Cmd_out_char, 3 
0x00DE	0xD002      	BRA         L__Lcd_Cmd31
0x00E0	0x968A      	BCF         LCD_D7, BitPos(LCD_D7+0) 
0x00E2	0xD001      	BRA         L__Lcd_Cmd32
L__Lcd_Cmd31:
0x00E4	0x868A      	BSF         LCD_D7, BitPos(LCD_D7+0) 
L__Lcd_Cmd32:
;__Lib_Lcd.c,34 :: 		
0x00E6	0xB458      	BTFSC       FARG_Lcd_Cmd_out_char, 2 
0x00E8	0xD002      	BRA         L__Lcd_Cmd33
0x00EA	0x948A      	BCF         LCD_D6, BitPos(LCD_D6+0) 
0x00EC	0xD001      	BRA         L__Lcd_Cmd34
L__Lcd_Cmd33:
0x00EE	0x848A      	BSF         LCD_D6, BitPos(LCD_D6+0) 
L__Lcd_Cmd34:
;__Lib_Lcd.c,35 :: 		
0x00F0	0xB258      	BTFSC       FARG_Lcd_Cmd_out_char, 1 
0x00F2	0xD002      	BRA         L__Lcd_Cmd35
0x00F4	0x928A      	BCF         LCD_D5, BitPos(LCD_D5+0) 
0x00F6	0xD001      	BRA         L__Lcd_Cmd36
L__Lcd_Cmd35:
0x00F8	0x828A      	BSF         LCD_D5, BitPos(LCD_D5+0) 
L__Lcd_Cmd36:
;__Lib_Lcd.c,36 :: 		
0x00FA	0xB058      	BTFSC       FARG_Lcd_Cmd_out_char, 0 
0x00FC	0xD002      	BRA         L__Lcd_Cmd37
0x00FE	0x908A      	BCF         LCD_D4, BitPos(LCD_D4+0) 
0x0100	0xD001      	BRA         L__Lcd_Cmd38
L__Lcd_Cmd37:
0x0102	0x808A      	BSF         LCD_D4, BitPos(LCD_D4+0) 
L__Lcd_Cmd38:
;__Lib_Lcd.c,38 :: 		
0x0104	0xB02E      	BTFSC       __Lib_Lcd_cmd_status, BitPos(__Lib_Lcd_cmd_status+0) 
0x0106	0xD002      	BRA         L__Lcd_Cmd39
0x0108	0x888A      	BSF         LCD_RS, BitPos(LCD_RS+0) 
0x010A	0xD001      	BRA         L__Lcd_Cmd40
L__Lcd_Cmd39:
0x010C	0x988A      	BCF         LCD_RS, BitPos(LCD_RS+0) 
L__Lcd_Cmd40:
;__Lib_Lcd.c,40 :: 		
0x010E	0x8A8A      	BSF         LCD_EN, BitPos(LCD_EN+0) 
;__Lib_Lcd.c,41 :: 		
0x0110	0xDF9B      	RCALL       _Delay_1us
;__Lib_Lcd.c,42 :: 		
0x0112	0x9A8A      	BCF         LCD_EN, BitPos(LCD_EN+0) 
;__Lib_Lcd.c,44 :: 		
0x0114	0xA02E      	BTFSS       __Lib_Lcd_cmd_status, BitPos(__Lib_Lcd_cmd_status+0) 
0x0116	0xD002      	BRA         L_Lcd_Cmd0
;__Lib_Lcd.c,45 :: 		
0x0118	0xDF9A      	RCALL       _Delay_5500us
0x011A	0xD001      	BRA         L_Lcd_Cmd1
L_Lcd_Cmd0:
;__Lib_Lcd.c,47 :: 		
0x011C	0xDFA3      	RCALL       _Delay_50us
L_Lcd_Cmd1:
;__Lib_Lcd.c,48 :: 		
L_end_Lcd_Cmd:
0x011E	0x0012      	RETURN      0
; end of _Lcd_Cmd
_Lcd_Chr_CP:
;__Lib_Lcd.c,50 :: 		
;__Lib_Lcd.c,52 :: 		
0x0120	0x902E      	BCF         __Lib_Lcd_cmd_status, BitPos(__Lib_Lcd_cmd_status+0) 
;__Lib_Lcd.c,53 :: 		
0x0122	0xF058C051  	MOVFF       FARG_Lcd_Chr_CP_out_char, FARG_Lcd_Cmd_out_char
0x0126	0xDFBE      	RCALL       _Lcd_Cmd
;__Lib_Lcd.c,54 :: 		
0x0128	0x802E      	BSF         __Lib_Lcd_cmd_status, BitPos(__Lib_Lcd_cmd_status+0) 
;__Lib_Lcd.c,55 :: 		
L_end_Lcd_Chr_CP:
0x012A	0x0012      	RETURN      0
; end of _Lcd_Chr_CP
_WordToStr:
;__Lib_Conversions.c,98 :: 		
;__Lib_Conversions.c,103 :: 		
0x012C	0x6A55      	CLRF        WordToStr_len_L0 
L_WordToStr11:
0x012E	0x0E05      	MOVLW       5
0x0130	0x5C55      	SUBWF       WordToStr_len_L0, 0 
0x0132	0xE20A      	BC          L_WordToStr12
;__Lib_Conversions.c,104 :: 		
0x0134	0x5055      	MOVF        WordToStr_len_L0, 0 
0x0136	0x2453      	ADDWF       FARG_WordToStr_output, 0 
0x0138	0x6EE1      	MOVWF       FSR1L 
0x013A	0x0E00      	MOVLW       0
0x013C	0x2054      	ADDWFC      FARG_WordToStr_output+1, 0 
0x013E	0x6EE2      	MOVWF       FSR1L+1 
0x0140	0x0E20      	MOVLW       32
0x0142	0x6EE6      	MOVWF       POSTINC1 
;__Lib_Conversions.c,103 :: 		
0x0144	0x2A55      	INCF        WordToStr_len_L0, 1 
;__Lib_Conversions.c,104 :: 		
0x0146	0xD7F3      	BRA         L_WordToStr11
L_WordToStr12:
;__Lib_Conversions.c,105 :: 		
0x0148	0x5055      	MOVF        WordToStr_len_L0, 0 
0x014A	0x2453      	ADDWF       FARG_WordToStr_output, 0 
0x014C	0x6EE1      	MOVWF       FSR1L 
0x014E	0x0E00      	MOVLW       0
0x0150	0x2054      	ADDWFC      FARG_WordToStr_output+1, 0 
0x0152	0x6EE2      	MOVWF       FSR1L+1 
0x0154	0x6AE6      	CLRF        POSTINC1 
0x0156	0x0655      	DECF        WordToStr_len_L0, 1 
;__Lib_Conversions.c,107 :: 		
L_WordToStr14:
;__Lib_Conversions.c,108 :: 		
0x0158	0x5055      	MOVF        WordToStr_len_L0, 0 
0x015A	0x2453      	ADDWF       FARG_WordToStr_output, 0 
0x015C	0x6E56      	MOVWF       FLOC__WordToStr 
0x015E	0x0E00      	MOVLW       0
0x0160	0x2054      	ADDWFC      FARG_WordToStr_output+1, 0 
0x0162	0x6E57      	MOVWF       FLOC__WordToStr+1 
0x0164	0x0E0A      	MOVLW       10
0x0166	0x6E04      	MOVWF       R4 
0x0168	0x0E00      	MOVLW       0
0x016A	0x6E05      	MOVWF       R5 
0x016C	0xF000C051  	MOVFF       FARG_WordToStr_input, R0
0x0170	0xF001C052  	MOVFF       FARG_WordToStr_input+1, R1
0x0174	0xDF7C      	RCALL       _Div_16X16_U
0x0176	0xF000C008  	MOVFF       R8, R0
0x017A	0xF001C009  	MOVFF       R9, R1
0x017E	0x0E30      	MOVLW       48
0x0180	0x2600      	ADDWF       R0, 1 
0x0182	0xFFE1C056  	MOVFF       FLOC__WordToStr, FSR1L
0x0186	0xFFE2C057  	MOVFF       FLOC__WordToStr+1, FSR1H
0x018A	0xFFE6C000  	MOVFF       R0, POSTINC1
;__Lib_Conversions.c,109 :: 		
0x018E	0x0E0A      	MOVLW       10
0x0190	0x6E04      	MOVWF       R4 
0x0192	0x0E00      	MOVLW       0
0x0194	0x6E05      	MOVWF       R5 
0x0196	0xF000C051  	MOVFF       FARG_WordToStr_input, R0
0x019A	0xF001C052  	MOVFF       FARG_WordToStr_input+1, R1
0x019E	0xDF67      	RCALL       _Div_16X16_U
0x01A0	0xF051C000  	MOVFF       R0, FARG_WordToStr_input
0x01A4	0xF052C001  	MOVFF       R1, FARG_WordToStr_input+1
;__Lib_Conversions.c,110 :: 		
0x01A8	0x0E00      	MOVLW       0
0x01AA	0x1801      	XORWF       R1, 0 
0x01AC	0xE102      	BNZ         L__WordToStr379
0x01AE	0x0E00      	MOVLW       0
0x01B0	0x1800      	XORWF       R0, 0 
L__WordToStr379:
0x01B2	0xE101      	BNZ         L_WordToStr16
;__Lib_Conversions.c,111 :: 		
0x01B4	0xD002      	BRA         L_WordToStr15
L_WordToStr16:
;__Lib_Conversions.c,112 :: 		
0x01B6	0x0655      	DECF        WordToStr_len_L0, 1 
;__Lib_Conversions.c,113 :: 		
0x01B8	0xD7CF      	BRA         L_WordToStr14
L_WordToStr15:
;__Lib_Conversions.c,114 :: 		
L_end_WordToStr:
0x01BA	0x0012      	RETURN      0
; end of _WordToStr
_Lcd_Out:
;__Lib_Lcd.c,184 :: 		
;__Lib_Lcd.c,187 :: 		
0x01BC	0xD00F      	BRA         L_Lcd_Out11
;__Lib_Lcd.c,188 :: 		
L_Lcd_Out13:
0x01BE	0x0E80      	MOVLW       128
0x01C0	0x6E47      	MOVWF       FARG_Lcd_Out_row 
0x01C2	0xD019      	BRA         L_Lcd_Out12
;__Lib_Lcd.c,189 :: 		
L_Lcd_Out14:
0x01C4	0x0EC0      	MOVLW       192
0x01C6	0x6E47      	MOVWF       FARG_Lcd_Out_row 
0x01C8	0xD016      	BRA         L_Lcd_Out12
;__Lib_Lcd.c,190 :: 		
L_Lcd_Out15:
0x01CA	0x0E94      	MOVLW       148
0x01CC	0x6E47      	MOVWF       FARG_Lcd_Out_row 
0x01CE	0xD013      	BRA         L_Lcd_Out12
;__Lib_Lcd.c,191 :: 		
L_Lcd_Out16:
0x01D0	0x0ED4      	MOVLW       212
0x01D2	0x6E47      	MOVWF       FARG_Lcd_Out_row 
0x01D4	0xD010      	BRA         L_Lcd_Out12
;__Lib_Lcd.c,192 :: 		
L_Lcd_Out17:
0x01D6	0x0E80      	MOVLW       128
0x01D8	0x6E47      	MOVWF       FARG_Lcd_Out_row 
;__Lib_Lcd.c,193 :: 		
0x01DA	0xD00D      	BRA         L_Lcd_Out12
L_Lcd_Out11:
0x01DC	0x5047      	MOVF        FARG_Lcd_Out_row, 0 
0x01DE	0x0A01      	XORLW       1
0x01E0	0xE0EE      	BZ          L_Lcd_Out13
0x01E2	0x5047      	MOVF        FARG_Lcd_Out_row, 0 
0x01E4	0x0A02      	XORLW       2
0x01E6	0xE0EE      	BZ          L_Lcd_Out14
0x01E8	0x5047      	MOVF        FARG_Lcd_Out_row, 0 
0x01EA	0x0A03      	XORLW       3
0x01EC	0xE0EE      	BZ          L_Lcd_Out15
0x01EE	0x5047      	MOVF        FARG_Lcd_Out_row, 0 
0x01F0	0x0A04      	XORLW       4
0x01F2	0xE0EE      	BZ          L_Lcd_Out16
0x01F4	0xD7F0      	BRA         L_Lcd_Out17
L_Lcd_Out12:
;__Lib_Lcd.c,194 :: 		
0x01F6	0x0448      	DECF        FARG_Lcd_Out_column, 0 
0x01F8	0x6E00      	MOVWF       R0 
0x01FA	0x5047      	MOVF        FARG_Lcd_Out_row, 0 
0x01FC	0x2600      	ADDWF       R0, 1 
0x01FE	0xF047C000  	MOVFF       R0, FARG_Lcd_Out_row
;__Lib_Lcd.c,196 :: 		
0x0202	0xF058C000  	MOVFF       R0, FARG_Lcd_Cmd_out_char
0x0206	0xDF4E      	RCALL       _Lcd_Cmd
;__Lib_Lcd.c,197 :: 		
0x0208	0x902E      	BCF         __Lib_Lcd_cmd_status, BitPos(__Lib_Lcd_cmd_status+0) 
;__Lib_Lcd.c,198 :: 		
0x020A	0x6A4B      	CLRF        Lcd_Out_i_L0 
;__Lib_Lcd.c,199 :: 		
L_Lcd_Out18:
0x020C	0x504B      	MOVF        Lcd_Out_i_L0, 0 
0x020E	0x2449      	ADDWF       FARG_Lcd_Out_text, 0 
0x0210	0x6EE9      	MOVWF       FSR0L 
0x0212	0x0E00      	MOVLW       0
0x0214	0x204A      	ADDWFC      FARG_Lcd_Out_text+1, 0 
0x0216	0x6EEA      	MOVWF       FSR0L+1 
0x0218	0x52EE      	MOVF        POSTINC0, 1 
0x021A	0xE00B      	BZ          L_Lcd_Out19
;__Lib_Lcd.c,200 :: 		
0x021C	0x504B      	MOVF        Lcd_Out_i_L0, 0 
0x021E	0x2449      	ADDWF       FARG_Lcd_Out_text, 0 
0x0220	0x6EE9      	MOVWF       FSR0L 
0x0222	0x0E00      	MOVLW       0
0x0224	0x204A      	ADDWFC      FARG_Lcd_Out_text+1, 0 
0x0226	0x6EEA      	MOVWF       FSR0L+1 
0x0228	0xF051CFEE  	MOVFF       POSTINC0, FARG_Lcd_Chr_CP_out_char
0x022C	0xDF79      	RCALL       _Lcd_Chr_CP
0x022E	0x2A4B      	INCF        Lcd_Out_i_L0, 1 
0x0230	0xD7ED      	BRA         L_Lcd_Out18
L_Lcd_Out19:
;__Lib_Lcd.c,201 :: 		
0x0232	0x802E      	BSF         __Lib_Lcd_cmd_status, BitPos(__Lib_Lcd_cmd_status+0) 
;__Lib_Lcd.c,202 :: 		
L_end_Lcd_Out:
0x0234	0x0012      	RETURN      0
; end of _Lcd_Out
_strcpy:
;__Lib_CString.c,126 :: 		
;__Lib_CString.c,129 :: 		
0x0236	0xF004C047  	MOVFF       FARG_strcpy_to, R4
0x023A	0xF005C048  	MOVFF       FARG_strcpy_to+1, R5
;__Lib_CString.c,130 :: 		
L_strcpy34:
0x023E	0xF002C004  	MOVFF       R4, R2
0x0242	0xF003C005  	MOVFF       R5, R3
0x0246	0x4A04      	INFSNZ      R4, 1 
0x0248	0x2A05      	INCF        R5, 1 
0x024A	0xF000C049  	MOVFF       FARG_strcpy_from, R0
0x024E	0xF001C04A  	MOVFF       FARG_strcpy_from+1, R1
0x0252	0x4A49      	INFSNZ      FARG_strcpy_from, 1 
0x0254	0x2A4A      	INCF        FARG_strcpy_from+1, 1 
0x0256	0xFFE9C000  	MOVFF       R0, FSR0L
0x025A	0xFFEAC001  	MOVFF       R1, FSR0H
0x025E	0xFFE1C002  	MOVFF       R2, FSR1L
0x0262	0xFFE2C003  	MOVFF       R3, FSR1H
0x0266	0xFFE6CFEE  	MOVFF       POSTINC0, POSTINC1
0x026A	0xFFE9C002  	MOVFF       R2, FSR0L
0x026E	0xFFEAC003  	MOVFF       R3, FSR0H
0x0272	0x52EE      	MOVF        POSTINC0, 1 
0x0274	0xE001      	BZ          L_strcpy35
;__Lib_CString.c,131 :: 		
0x0276	0xD7E3      	BRA         L_strcpy34
L_strcpy35:
;__Lib_CString.c,132 :: 		
0x0278	0xF000C047  	MOVFF       FARG_strcpy_to, R0
0x027C	0xF001C048  	MOVFF       FARG_strcpy_to+1, R1
;__Lib_CString.c,133 :: 		
L_end_strcpy:
0x0280	0x0012      	RETURN      0
; end of _strcpy
___CC2DW:
;__Lib_System.c,21 :: 		
;__Lib_System.c,23 :: 		
_CC2DL_Loop1:
;__Lib_System.c,24 :: 		
0x0282	0x0009      	TBLRD*+
;__Lib_System.c,25 :: 		
0x0284	0xFFE6CFF5  	MOVFF       TABLAT, POSTINC1
;__Lib_System.c,26 :: 		
0x0288	0x0600      	DECF        R0, 1, 0
;__Lib_System.c,27 :: 		
0x028A	0xE1FB      	BNZ         _CC2DL_Loop1
;__Lib_System.c,28 :: 		
0x028C	0x0601      	DECF        R1, 1, 0
;__Lib_System.c,29 :: 		
0x028E	0xE1F9      	BNZ         _CC2DL_Loop1
;__Lib_System.c,31 :: 		
L_end___CC2DW:
0x0290	0x0012      	RETURN      0
; end of ___CC2DW
_Lcd_Init:
;__Lib_Lcd.c,84 :: 		
;__Lib_Lcd.c,86 :: 		
0x0292	0x9A93      	BCF         LCD_EN_Direction, BitPos(LCD_EN_Direction+0) 
;__Lib_Lcd.c,87 :: 		
0x0294	0x9893      	BCF         LCD_RS_Direction, BitPos(LCD_RS_Direction+0) 
;__Lib_Lcd.c,88 :: 		
0x0296	0x9093      	BCF         LCD_D4_Direction, BitPos(LCD_D4_Direction+0) 
;__Lib_Lcd.c,89 :: 		
0x0298	0x9293      	BCF         LCD_D5_Direction, BitPos(LCD_D5_Direction+0) 
;__Lib_Lcd.c,90 :: 		
0x029A	0x9493      	BCF         LCD_D6_Direction, BitPos(LCD_D6_Direction+0) 
;__Lib_Lcd.c,91 :: 		
0x029C	0x9693      	BCF         LCD_D7_Direction, BitPos(LCD_D7_Direction+0) 
;__Lib_Lcd.c,93 :: 		
0x029E	0x9A8A      	BCF         LCD_EN, BitPos(LCD_EN+0) 
;__Lib_Lcd.c,94 :: 		
0x02A0	0x988A      	BCF         LCD_RS, BitPos(LCD_RS+0) 
;__Lib_Lcd.c,95 :: 		
0x02A2	0x968A      	BCF         LCD_D7, BitPos(LCD_D7+0) 
;__Lib_Lcd.c,96 :: 		
0x02A4	0x948A      	BCF         LCD_D6, BitPos(LCD_D6+0) 
;__Lib_Lcd.c,97 :: 		
0x02A6	0x928A      	BCF         LCD_D5, BitPos(LCD_D5+0) 
;__Lib_Lcd.c,98 :: 		
0x02A8	0x908A      	BCF         LCD_D4, BitPos(LCD_D4+0) 
;__Lib_Lcd.c,100 :: 		
0x02AA	0xDED1      	RCALL       _Delay_5500us
;__Lib_Lcd.c,101 :: 		
0x02AC	0xDED0      	RCALL       _Delay_5500us
;__Lib_Lcd.c,102 :: 		
0x02AE	0xDECF      	RCALL       _Delay_5500us
;__Lib_Lcd.c,105 :: 		
0x02B0	0x828A      	BSF         LCD_D5, BitPos(LCD_D5+0) 
;__Lib_Lcd.c,106 :: 		
0x02B2	0x808A      	BSF         LCD_D4, BitPos(LCD_D4+0) 
;__Lib_Lcd.c,107 :: 		
0x02B4	0x8A8A      	BSF         LCD_EN, BitPos(LCD_EN+0) 
;__Lib_Lcd.c,108 :: 		
0x02B6	0xDEC8      	RCALL       _Delay_1us
;__Lib_Lcd.c,109 :: 		
0x02B8	0x9A8A      	BCF         LCD_EN, BitPos(LCD_EN+0) 
;__Lib_Lcd.c,110 :: 		
0x02BA	0xDEC9      	RCALL       _Delay_5500us
;__Lib_Lcd.c,112 :: 		
0x02BC	0x8A8A      	BSF         LCD_EN, BitPos(LCD_EN+0) 
;__Lib_Lcd.c,113 :: 		
0x02BE	0xDEC4      	RCALL       _Delay_1us
;__Lib_Lcd.c,114 :: 		
0x02C0	0x9A8A      	BCF         LCD_EN, BitPos(LCD_EN+0) 
;__Lib_Lcd.c,115 :: 		
0x02C2	0xDEC5      	RCALL       _Delay_5500us
;__Lib_Lcd.c,117 :: 		
0x02C4	0x8A8A      	BSF         LCD_EN, BitPos(LCD_EN+0) 
;__Lib_Lcd.c,118 :: 		
0x02C6	0xDEC0      	RCALL       _Delay_1us
;__Lib_Lcd.c,119 :: 		
0x02C8	0x9A8A      	BCF         LCD_EN, BitPos(LCD_EN+0) 
;__Lib_Lcd.c,120 :: 		
0x02CA	0xDEC1      	RCALL       _Delay_5500us
;__Lib_Lcd.c,123 :: 		
0x02CC	0x908A      	BCF         LCD_D4, BitPos(LCD_D4+0) 
;__Lib_Lcd.c,124 :: 		
0x02CE	0x8A8A      	BSF         LCD_EN, BitPos(LCD_EN+0) 
;__Lib_Lcd.c,125 :: 		
0x02D0	0xDEBB      	RCALL       _Delay_1us
;__Lib_Lcd.c,126 :: 		
0x02D2	0x9A8A      	BCF         LCD_EN, BitPos(LCD_EN+0) 
;__Lib_Lcd.c,127 :: 		
0x02D4	0xDEBC      	RCALL       _Delay_5500us
;__Lib_Lcd.c,130 :: 		
0x02D6	0x8A8A      	BSF         LCD_EN, BitPos(LCD_EN+0) 
;__Lib_Lcd.c,131 :: 		
0x02D8	0xDEB7      	RCALL       _Delay_1us
;__Lib_Lcd.c,132 :: 		
0x02DA	0x9A8A      	BCF         LCD_EN, BitPos(LCD_EN+0) 
;__Lib_Lcd.c,134 :: 		
0x02DC	0x928A      	BCF         LCD_D5, BitPos(LCD_D5+0) 
;__Lib_Lcd.c,135 :: 		
0x02DE	0x868A      	BSF         LCD_D7, BitPos(LCD_D7+0) 
;__Lib_Lcd.c,136 :: 		
0x02E0	0x8A8A      	BSF         LCD_EN, BitPos(LCD_EN+0) 
;__Lib_Lcd.c,137 :: 		
0x02E2	0xDEB2      	RCALL       _Delay_1us
;__Lib_Lcd.c,138 :: 		
0x02E4	0x9A8A      	BCF         LCD_EN, BitPos(LCD_EN+0) 
;__Lib_Lcd.c,139 :: 		
0x02E6	0xDEB3      	RCALL       _Delay_5500us
;__Lib_Lcd.c,142 :: 		
0x02E8	0x968A      	BCF         LCD_D7, BitPos(LCD_D7+0) 
;__Lib_Lcd.c,143 :: 		
0x02EA	0x808A      	BSF         LCD_D4, BitPos(LCD_D4+0) 
;__Lib_Lcd.c,144 :: 		
0x02EC	0x8A8A      	BSF         LCD_EN, BitPos(LCD_EN+0) 
;__Lib_Lcd.c,145 :: 		
0x02EE	0xDEAC      	RCALL       _Delay_1us
;__Lib_Lcd.c,146 :: 		
0x02F0	0x9A8A      	BCF         LCD_EN, BitPos(LCD_EN+0) 
;__Lib_Lcd.c,148 :: 		
0x02F2	0x908A      	BCF         LCD_D4, BitPos(LCD_D4+0) 
;__Lib_Lcd.c,149 :: 		
0x02F4	0x8A8A      	BSF         LCD_EN, BitPos(LCD_EN+0) 
;__Lib_Lcd.c,150 :: 		
0x02F6	0xDEA8      	RCALL       _Delay_1us
;__Lib_Lcd.c,151 :: 		
0x02F8	0x9A8A      	BCF         LCD_EN, BitPos(LCD_EN+0) 
;__Lib_Lcd.c,152 :: 		
0x02FA	0xDEA9      	RCALL       _Delay_5500us
;__Lib_Lcd.c,155 :: 		
0x02FC	0x8A8A      	BSF         LCD_EN, BitPos(LCD_EN+0) 
;__Lib_Lcd.c,156 :: 		
0x02FE	0xDEA4      	RCALL       _Delay_1us
;__Lib_Lcd.c,157 :: 		
0x0300	0x9A8A      	BCF         LCD_EN, BitPos(LCD_EN+0) 
;__Lib_Lcd.c,159 :: 		
0x0302	0x808A      	BSF         LCD_D4, BitPos(LCD_D4+0) 
;__Lib_Lcd.c,160 :: 		
0x0304	0x8A8A      	BSF         LCD_EN, BitPos(LCD_EN+0) 
;__Lib_Lcd.c,161 :: 		
0x0306	0xDEA0      	RCALL       _Delay_1us
;__Lib_Lcd.c,162 :: 		
0x0308	0x9A8A      	BCF         LCD_EN, BitPos(LCD_EN+0) 
;__Lib_Lcd.c,163 :: 		
0x030A	0xDEA1      	RCALL       _Delay_5500us
;__Lib_Lcd.c,166 :: 		
0x030C	0x908A      	BCF         LCD_D4, BitPos(LCD_D4+0) 
;__Lib_Lcd.c,167 :: 		
0x030E	0x8A8A      	BSF         LCD_EN, BitPos(LCD_EN+0) 
;__Lib_Lcd.c,168 :: 		
0x0310	0xDE9B      	RCALL       _Delay_1us
;__Lib_Lcd.c,169 :: 		
0x0312	0x9A8A      	BCF         LCD_EN, BitPos(LCD_EN+0) 
;__Lib_Lcd.c,171 :: 		
0x0314	0x868A      	BSF         LCD_D7, BitPos(LCD_D7+0) 
;__Lib_Lcd.c,172 :: 		
0x0316	0x848A      	BSF         LCD_D6, BitPos(LCD_D6+0) 
;__Lib_Lcd.c,173 :: 		
0x0318	0x828A      	BSF         LCD_D5, BitPos(LCD_D5+0) 
;__Lib_Lcd.c,174 :: 		
0x031A	0x808A      	BSF         LCD_D4, BitPos(LCD_D4+0) 
;__Lib_Lcd.c,175 :: 		
0x031C	0x8A8A      	BSF         LCD_EN, BitPos(LCD_EN+0) 
;__Lib_Lcd.c,176 :: 		
0x031E	0xDE94      	RCALL       _Delay_1us
;__Lib_Lcd.c,177 :: 		
0x0320	0x9A8A      	BCF         LCD_EN, BitPos(LCD_EN+0) 
;__Lib_Lcd.c,179 :: 		
0x0322	0xDE95      	RCALL       _Delay_5500us
;__Lib_Lcd.c,181 :: 		
0x0324	0x802E      	BSF         __Lib_Lcd_cmd_status, BitPos(__Lib_Lcd_cmd_status+0) 
;__Lib_Lcd.c,182 :: 		
L_end_Lcd_Init:
0x0326	0x0012      	RETURN      0
; end of _Lcd_Init
_strcat:
;__Lib_CString.c,87 :: 		
;__Lib_CString.c,90 :: 		
0x0328	0xF004C047  	MOVFF       FARG_strcat_to, R4
0x032C	0xF005C048  	MOVFF       FARG_strcat_to+1, R5
;__Lib_CString.c,91 :: 		
L_strcat22:
0x0330	0xFFE9C004  	MOVFF       R4, FSR0L
0x0334	0xFFEAC005  	MOVFF       R5, FSR0H
0x0338	0x52EE      	MOVF        POSTINC0, 1 
0x033A	0xE003      	BZ          L_strcat23
;__Lib_CString.c,92 :: 		
0x033C	0x4A04      	INFSNZ      R4, 1 
0x033E	0x2A05      	INCF        R5, 1 
0x0340	0xD7F7      	BRA         L_strcat22
L_strcat23:
;__Lib_CString.c,93 :: 		
L_strcat24:
0x0342	0xF002C004  	MOVFF       R4, R2
0x0346	0xF003C005  	MOVFF       R5, R3
0x034A	0x4A04      	INFSNZ      R4, 1 
0x034C	0x2A05      	INCF        R5, 1 
0x034E	0xF000C049  	MOVFF       FARG_strcat_from, R0
0x0352	0xF001C04A  	MOVFF       FARG_strcat_from+1, R1
0x0356	0x4A49      	INFSNZ      FARG_strcat_from, 1 
0x0358	0x2A4A      	INCF        FARG_strcat_from+1, 1 
0x035A	0xFFE9C000  	MOVFF       R0, FSR0L
0x035E	0xFFEAC001  	MOVFF       R1, FSR0H
0x0362	0xFFE1C002  	MOVFF       R2, FSR1L
0x0366	0xFFE2C003  	MOVFF       R3, FSR1H
0x036A	0xFFE6CFEE  	MOVFF       POSTINC0, POSTINC1
0x036E	0xFFE9C002  	MOVFF       R2, FSR0L
0x0372	0xFFEAC003  	MOVFF       R3, FSR0H
0x0376	0x52EE      	MOVF        POSTINC0, 1 
0x0378	0xE001      	BZ          L_strcat25
;__Lib_CString.c,94 :: 		
0x037A	0xD7E3      	BRA         L_strcat24
L_strcat25:
;__Lib_CString.c,95 :: 		
0x037C	0xF000C047  	MOVFF       FARG_strcat_to, R0
0x0380	0xF001C048  	MOVFF       FARG_strcat_to+1, R1
;__Lib_CString.c,96 :: 		
L_end_strcat:
0x0384	0x0012      	RETURN      0
; end of _strcat
_IntToStr:
;__Lib_Conversions.c,195 :: 		
;__Lib_Conversions.c,201 :: 		
0x0386	0x6A4D      	CLRF        IntToStr_negative_L0 
0x0388	0x6A4E      	CLRF        IntToStr_negative_L0+1 
;__Lib_Conversions.c,202 :: 		
0x038A	0xF04FC047  	MOVFF       FARG_IntToStr_input, IntToStr_inword_L0
0x038E	0xF050C048  	MOVFF       FARG_IntToStr_input+1, IntToStr_inword_L0+1
;__Lib_Conversions.c,203 :: 		
0x0392	0x0E80      	MOVLW       128
0x0394	0x1848      	XORWF       FARG_IntToStr_input+1, 0 
0x0396	0x6E00      	MOVWF       R0 
0x0398	0x0E80      	MOVLW       128
0x039A	0x5C00      	SUBWF       R0, 0 
0x039C	0xE102      	BNZ         L__IntToStr387
0x039E	0x0E00      	MOVLW       0
0x03A0	0x5C47      	SUBWF       FARG_IntToStr_input, 0 
L__IntToStr387:
0x03A2	0xE20B      	BC          L_IntToStr37
;__Lib_Conversions.c,204 :: 		
0x03A4	0x0E01      	MOVLW       1
0x03A6	0x6E4D      	MOVWF       IntToStr_negative_L0 
0x03A8	0x0E00      	MOVLW       0
0x03AA	0x6E4E      	MOVWF       IntToStr_negative_L0+1 
;__Lib_Conversions.c,205 :: 		
0x03AC	0x5047      	MOVF        FARG_IntToStr_input, 0 
0x03AE	0x0800      	SUBLW       0
0x03B0	0x6E4F      	MOVWF       IntToStr_inword_L0 
0x03B2	0xF050C048  	MOVFF       FARG_IntToStr_input+1, IntToStr_inword_L0+1
0x03B6	0x0E00      	MOVLW       0
0x03B8	0x5650      	SUBFWB      IntToStr_inword_L0+1, 1 
;__Lib_Conversions.c,206 :: 		
L_IntToStr37:
;__Lib_Conversions.c,207 :: 		
0x03BA	0xF051C04F  	MOVFF       IntToStr_inword_L0, FARG_WordToStr_input
0x03BE	0xF052C050  	MOVFF       IntToStr_inword_L0+1, FARG_WordToStr_input+1
0x03C2	0xF053C049  	MOVFF       FARG_IntToStr_output, FARG_WordToStr_output
0x03C6	0xF054C04A  	MOVFF       FARG_IntToStr_output+1, FARG_WordToStr_output+1
0x03CA	0xDEB0      	RCALL       _WordToStr
;__Lib_Conversions.c,209 :: 		
0x03CC	0x0E06      	MOVLW       6
0x03CE	0x6E4B      	MOVWF       IntToStr_i_L0 
0x03D0	0x0E00      	MOVLW       0
0x03D2	0x6E4C      	MOVWF       IntToStr_i_L0+1 
;__Lib_Conversions.c,210 :: 		
L_IntToStr38:
0x03D4	0x0E00      	MOVLW       0
0x03D6	0x6E00      	MOVWF       R0 
0x03D8	0x504C      	MOVF        IntToStr_i_L0+1, 0 
0x03DA	0x5C00      	SUBWF       R0, 0 
0x03DC	0xE102      	BNZ         L__IntToStr388
0x03DE	0x504B      	MOVF        IntToStr_i_L0, 0 
0x03E0	0x0800      	SUBLW       0
L__IntToStr388:
0x03E2	0xE219      	BC          L_IntToStr39
;__Lib_Conversions.c,211 :: 		
0x03E4	0x504B      	MOVF        IntToStr_i_L0, 0 
0x03E6	0x2449      	ADDWF       FARG_IntToStr_output, 0 
0x03E8	0x6EE1      	MOVWF       FSR1L 
0x03EA	0x504C      	MOVF        IntToStr_i_L0+1, 0 
0x03EC	0x204A      	ADDWFC      FARG_IntToStr_output+1, 0 
0x03EE	0x6EE2      	MOVWF       FSR1L+1 
0x03F0	0x0E01      	MOVLW       1
0x03F2	0x5C4B      	SUBWF       IntToStr_i_L0, 0 
0x03F4	0x6E00      	MOVWF       R0 
0x03F6	0x0E00      	MOVLW       0
0x03F8	0x584C      	SUBWFB      IntToStr_i_L0+1, 0 
0x03FA	0x6E01      	MOVWF       R1 
0x03FC	0x5000      	MOVF        R0, 0 
0x03FE	0x2449      	ADDWF       FARG_IntToStr_output, 0 
0x0400	0x6EE9      	MOVWF       FSR0L 
0x0402	0x5001      	MOVF        R1, 0 
0x0404	0x204A      	ADDWFC      FARG_IntToStr_output+1, 0 
0x0406	0x6EEA      	MOVWF       FSR0L+1 
0x0408	0xFFE6CFEE  	MOVFF       POSTINC0, POSTINC1
;__Lib_Conversions.c,212 :: 		
0x040C	0x0E01      	MOVLW       1
0x040E	0x5E4B      	SUBWF       IntToStr_i_L0, 1 
0x0410	0x0E00      	MOVLW       0
0x0412	0x5A4C      	SUBWFB      IntToStr_i_L0+1, 1 
;__Lib_Conversions.c,213 :: 		
0x0414	0xD7DF      	BRA         L_IntToStr38
L_IntToStr39:
;__Lib_Conversions.c,214 :: 		
0x0416	0xFFE1C049  	MOVFF       FARG_IntToStr_output, FSR1L
0x041A	0xFFE2C04A  	MOVFF       FARG_IntToStr_output+1, FSR1H
0x041E	0x0E20      	MOVLW       32
0x0420	0x6EE6      	MOVWF       POSTINC1 
;__Lib_Conversions.c,215 :: 		
0x0422	0x504D      	MOVF        IntToStr_negative_L0, 0 
0x0424	0x104E      	IORWF       IntToStr_negative_L0+1, 0 
0x0426	0xE01A      	BZ          L_IntToStr40
;__Lib_Conversions.c,216 :: 		
0x0428	0x6A4B      	CLRF        IntToStr_i_L0 
0x042A	0x6A4C      	CLRF        IntToStr_i_L0+1 
;__Lib_Conversions.c,217 :: 		
L_IntToStr41:
0x042C	0x504B      	MOVF        IntToStr_i_L0, 0 
0x042E	0x2449      	ADDWF       FARG_IntToStr_output, 0 
0x0430	0x6EE9      	MOVWF       FSR0L 
0x0432	0x504C      	MOVF        IntToStr_i_L0+1, 0 
0x0434	0x204A      	ADDWFC      FARG_IntToStr_output+1, 0 
0x0436	0x6EEA      	MOVWF       FSR0L+1 
0x0438	0x50EE      	MOVF        POSTINC0, 0 
0x043A	0x0A20      	XORLW       32
0x043C	0xE103      	BNZ         L_IntToStr42
0x043E	0x4A4B      	INFSNZ      IntToStr_i_L0, 1 
0x0440	0x2A4C      	INCF        IntToStr_i_L0+1, 1 
0x0442	0xD7F4      	BRA         L_IntToStr41
L_IntToStr42:
;__Lib_Conversions.c,218 :: 		
0x0444	0x0E01      	MOVLW       1
0x0446	0x5E4B      	SUBWF       IntToStr_i_L0, 1 
0x0448	0x0E00      	MOVLW       0
0x044A	0x5A4C      	SUBWFB      IntToStr_i_L0+1, 1 
;__Lib_Conversions.c,219 :: 		
0x044C	0x504B      	MOVF        IntToStr_i_L0, 0 
0x044E	0x2449      	ADDWF       FARG_IntToStr_output, 0 
0x0450	0x6EE1      	MOVWF       FSR1L 
0x0452	0x504C      	MOVF        IntToStr_i_L0+1, 0 
0x0454	0x204A      	ADDWFC      FARG_IntToStr_output+1, 0 
0x0456	0x6EE2      	MOVWF       FSR1L+1 
0x0458	0x0E2D      	MOVLW       45
0x045A	0x6EE6      	MOVWF       POSTINC1 
L_IntToStr40:
;__Lib_Conversions.c,220 :: 		
L_end_IntToStr:
0x045C	0x0012      	RETURN      0
; end of _IntToStr
_Mul_16X16_U:
;__Lib_Math.c,440 :: 		
;__Lib_Math.c,447 :: 		
0x045E	0x6A0B      	CLRF        R11, 0
;__Lib_Math.c,448 :: 		
0x0460	0x6A0A      	CLRF        R10, 0
;__Lib_Math.c,449 :: 		
0x0462	0x6A09      	CLRF        R9, 0
;__Lib_Math.c,450 :: 		
0x0464	0x5000      	MOVF        R0, 0, 0
;__Lib_Math.c,451 :: 		
0x0466	0x0204      	MULWF       R4, 0
;__Lib_Math.c,453 :: 		
0x0468	0xF009CFF4  	MOVFF       PRODH, R9
;__Lib_Math.c,454 :: 		
0x046C	0xF008CFF3  	MOVFF       PRODL, R8
;__Lib_Math.c,455 :: 		
0x0470	0x5001      	MOVF        R1, 0, 0
;__Lib_Math.c,456 :: 		
0x0472	0x0205      	MULWF       R5, 0
;__Lib_Math.c,458 :: 		
0x0474	0xF00BCFF4  	MOVFF       PRODH, R11
;__Lib_Math.c,459 :: 		
0x0478	0xF00ACFF3  	MOVFF       PRODL, R10
;__Lib_Math.c,460 :: 		
0x047C	0x5000      	MOVF        R0, 0, 0
;__Lib_Math.c,461 :: 		
0x047E	0x0205      	MULWF       R5, 0
;__Lib_Math.c,463 :: 		
0x0480	0x50F3      	MOVF        PRODL, 0, 0
;__Lib_Math.c,464 :: 		
0x0482	0x2609      	ADDWF       R9, 1, 0
;__Lib_Math.c,465 :: 		
0x0484	0x50F4      	MOVF        PRODH, 0, 0
;__Lib_Math.c,466 :: 		
0x0486	0x220A      	ADDWFC      R10, 1, 0
;__Lib_Math.c,467 :: 		
0x0488	0x6AE8      	CLRF        WREG, 0
;__Lib_Math.c,468 :: 		
0x048A	0x220B      	ADDWFC      R11, 1, 0
;__Lib_Math.c,469 :: 		
0x048C	0x5001      	MOVF        R1, 0, 0
;__Lib_Math.c,470 :: 		
0x048E	0x0204      	MULWF       R4, 0
;__Lib_Math.c,472 :: 		
0x0490	0x50F3      	MOVF        PRODL, 0, 0
;__Lib_Math.c,473 :: 		
0x0492	0x2609      	ADDWF       R9, 1, 0
;__Lib_Math.c,474 :: 		
0x0494	0x50F4      	MOVF        PRODH, 0, 0
;__Lib_Math.c,475 :: 		
0x0496	0x220A      	ADDWFC      R10, 1, 0
;__Lib_Math.c,476 :: 		
0x0498	0x6AE8      	CLRF        WREG, 0
;__Lib_Math.c,477 :: 		
0x049A	0x220B      	ADDWFC      R11, 1, 0
;__Lib_Math.c,479 :: 		
0x049C	0xF000C008  	MOVFF       R8, R0
;__Lib_Math.c,480 :: 		
0x04A0	0xF001C009  	MOVFF       R9, R1
;__Lib_Math.c,481 :: 		
0x04A4	0xF002C00A  	MOVFF       R10, R2
;__Lib_Math.c,482 :: 		
0x04A8	0xF003C00B  	MOVFF       R11, R3
;__Lib_Math.c,485 :: 		
L_end_Mul_16X16_U:
0x04AC	0x0012      	RETURN      0
; end of _Mul_16X16_U
_main:
0x04AE	0xF002ECCE  	CALL        1436, 0
;LAB5_ADC.c,20 :: 		void main() {
;LAB5_ADC.c,23 :: 		Lcd_Init();               // Initialize Lcd
0x04B2	0xDEEF      	RCALL       _Lcd_Init
;LAB5_ADC.c,24 :: 		Lcd_Cmd(_LCD_CLEAR);      // Clear display
0x04B4	0x0E01      	MOVLW       1
0x04B6	0x6E58      	MOVWF       FARG_Lcd_Cmd_out_char 
0x04B8	0xDDF5      	RCALL       _Lcd_Cmd
;LAB5_ADC.c,25 :: 		Lcd_Cmd(_LCD_CURSOR_OFF); // Cursor off
0x04BA	0x0E0C      	MOVLW       12
0x04BC	0x6E58      	MOVWF       FARG_Lcd_Cmd_out_char 
0x04BE	0xDDF2      	RCALL       _Lcd_Cmd
;LAB5_ADC.c,28 :: 		ANSELA.RA0 = 1;
0x04C0	0x010F      	MOVLB       15
0x04C2	0x8138      	BSF         ANSELA, 0, 1
;LAB5_ADC.c,29 :: 		TRISA.RA0 = 1;
0x04C4	0x8092      	BSF         TRISA, 0 
;LAB5_ADC.c,32 :: 		ANSELD.RD0 = 1;
0x04C6	0x813B      	BSF         ANSELD, 0, 1
;LAB5_ADC.c,33 :: 		TRISD.RD0 = 1;
0x04C8	0x8095      	BSF         TRISD, 0 
;LAB5_ADC.c,63 :: 		ADCON2 = 0b01000001;
0x04CA	0x0E41      	MOVLW       65
0x04CC	0x6EC0      	MOVWF       ADCON2 
;LAB5_ADC.c,64 :: 		ADCON0 = 0b00000001;
0x04CE	0x0E01      	MOVLW       1
0x04D0	0x6EC2      	MOVWF       ADCON0 
;LAB5_ADC.c,71 :: 		PIE1.ADIE = 1;
0x04D2	0x8C9D      	BSF         PIE1, 6 
;LAB5_ADC.c,72 :: 		PIR1.ADIF = 0;
0x04D4	0x9C9E      	BCF         PIR1, 6 
;LAB5_ADC.c,73 :: 		INTCON.PEIE = 1;
0x04D6	0x8CF2      	BSF         INTCON, 6 
;LAB5_ADC.c,78 :: 		INTCON.GIE = 1;
0x04D8	0x8EF2      	BSF         INTCON, 7 
;LAB5_ADC.c,79 :: 		ADCON0.GO_NOT_DONE = 1;
0x04DA	0x82C2      	BSF         ADCON0, 1 
;LAB5_ADC.c,82 :: 		while(1){
L_main0:
;LAB5_ADC.c,83 :: 		strcpy(row, "RA0 [mV]: ");
0x04DC	0x0E2F      	MOVLW       main_row_L0
0x04DE	0x6E47      	MOVWF       FARG_strcpy_to 
0x04E0	0x0E00      	MOVLW       hi_addr(main_row_L0)
0x04E2	0x6E48      	MOVWF       FARG_strcpy_to+1 
0x04E4	0x0E20      	MOVLW       ?lstr1_LAB5_ADC
0x04E6	0x6E49      	MOVWF       FARG_strcpy_from 
0x04E8	0x0E00      	MOVLW       hi_addr(?lstr1_LAB5_ADC)
0x04EA	0x6E4A      	MOVWF       FARG_strcpy_from+1 
0x04EC	0xDEA4      	RCALL       _strcpy
;LAB5_ADC.c,84 :: 		IntToStr(adc_10bit_RA0*5, number);
0x04EE	0xF000C02B  	MOVFF       _adc_10bit_RA0, R0
0x04F2	0xF001C02C  	MOVFF       _adc_10bit_RA0+1, R1
0x04F6	0x0E05      	MOVLW       5
0x04F8	0x6E04      	MOVWF       R4 
0x04FA	0x0E00      	MOVLW       0
0x04FC	0x6E05      	MOVWF       R5 
0x04FE	0xDFAF      	RCALL       _Mul_16X16_U
0x0500	0xF047C000  	MOVFF       R0, FARG_IntToStr_input
0x0504	0xF048C001  	MOVFF       R1, FARG_IntToStr_input+1
0x0508	0x0E3F      	MOVLW       main_number_L0
0x050A	0x6E49      	MOVWF       FARG_IntToStr_output 
0x050C	0x0E00      	MOVLW       hi_addr(main_number_L0)
0x050E	0x6E4A      	MOVWF       FARG_IntToStr_output+1 
0x0510	0xDF3A      	RCALL       _IntToStr
;LAB5_ADC.c,85 :: 		strcat(row, number);
0x0512	0x0E2F      	MOVLW       main_row_L0
0x0514	0x6E47      	MOVWF       FARG_strcat_to 
0x0516	0x0E00      	MOVLW       hi_addr(main_row_L0)
0x0518	0x6E48      	MOVWF       FARG_strcat_to+1 
0x051A	0x0E3F      	MOVLW       main_number_L0
0x051C	0x6E49      	MOVWF       FARG_strcat_from 
0x051E	0x0E00      	MOVLW       hi_addr(main_number_L0)
0x0520	0x6E4A      	MOVWF       FARG_strcat_from+1 
0x0522	0xDF02      	RCALL       _strcat
;LAB5_ADC.c,86 :: 		Lcd_Out(1, 1, row);
0x0524	0x0E01      	MOVLW       1
0x0526	0x6E47      	MOVWF       FARG_Lcd_Out_row 
0x0528	0x0E01      	MOVLW       1
0x052A	0x6E48      	MOVWF       FARG_Lcd_Out_column 
0x052C	0x0E2F      	MOVLW       main_row_L0
0x052E	0x6E49      	MOVWF       FARG_Lcd_Out_text 
0x0530	0x0E00      	MOVLW       hi_addr(main_row_L0)
0x0532	0x6E4A      	MOVWF       FARG_Lcd_Out_text+1 
0x0534	0xDE43      	RCALL       _Lcd_Out
;LAB5_ADC.c,87 :: 		strcpy(row, "RD0 [mV]:");
0x0536	0x0E2F      	MOVLW       main_row_L0
0x0538	0x6E47      	MOVWF       FARG_strcpy_to 
0x053A	0x0E00      	MOVLW       hi_addr(main_row_L0)
0x053C	0x6E48      	MOVWF       FARG_strcpy_to+1 
0x053E	0x0E16      	MOVLW       ?lstr2_LAB5_ADC
0x0540	0x6E49      	MOVWF       FARG_strcpy_from 
0x0542	0x0E00      	MOVLW       hi_addr(?lstr2_LAB5_ADC)
0x0544	0x6E4A      	MOVWF       FARG_strcpy_from+1 
0x0546	0xDE77      	RCALL       _strcpy
;LAB5_ADC.c,88 :: 		IntToStr(adc_8bit_RD0*20, number);
0x0548	0x0E14      	MOVLW       20
0x054A	0x022D      	MULWF       _adc_8bit_RD0 
0x054C	0xF047CFF3  	MOVFF       PRODL, FARG_IntToStr_input
0x0550	0xF048CFF4  	MOVFF       PRODH, FARG_IntToStr_input+1
0x0554	0x0E3F      	MOVLW       main_number_L0
0x0556	0x6E49      	MOVWF       FARG_IntToStr_output 
0x0558	0x0E00      	MOVLW       hi_addr(main_number_L0)
0x055A	0x6E4A      	MOVWF       FARG_IntToStr_output+1 
0x055C	0xDF14      	RCALL       _IntToStr
;LAB5_ADC.c,89 :: 		strcat(row, number);
0x055E	0x0E2F      	MOVLW       main_row_L0
0x0560	0x6E47      	MOVWF       FARG_strcat_to 
0x0562	0x0E00      	MOVLW       hi_addr(main_row_L0)
0x0564	0x6E48      	MOVWF       FARG_strcat_to+1 
0x0566	0x0E3F      	MOVLW       main_number_L0
0x0568	0x6E49      	MOVWF       FARG_strcat_from 
0x056A	0x0E00      	MOVLW       hi_addr(main_number_L0)
0x056C	0x6E4A      	MOVWF       FARG_strcat_from+1 
0x056E	0xDEDC      	RCALL       _strcat
;LAB5_ADC.c,90 :: 		Lcd_Out(2, 1, row);
0x0570	0x0E02      	MOVLW       2
0x0572	0x6E47      	MOVWF       FARG_Lcd_Out_row 
0x0574	0x0E01      	MOVLW       1
0x0576	0x6E48      	MOVWF       FARG_Lcd_Out_column 
0x0578	0x0E2F      	MOVLW       main_row_L0
0x057A	0x6E49      	MOVWF       FARG_Lcd_Out_text 
0x057C	0x0E00      	MOVLW       hi_addr(main_row_L0)
0x057E	0x6E4A      	MOVWF       FARG_Lcd_Out_text+1 
0x0580	0xDE1D      	RCALL       _Lcd_Out
;LAB5_ADC.c,91 :: 		}
0x0582	0xD7AC      	BRA         L_main0
;LAB5_ADC.c,93 :: 		}
L_end_main:
0x0584	0xD7FF      	BRA         $+0
; end of _main
0x059C	0xF016EE10  	LFSR        1, 22
0x05A0	0x0E15      	MOVLW       21
0x05A2	0x6E00      	MOVWF       R0 
0x05A4	0x0E01      	MOVLW       1
0x05A6	0x6E01      	MOVWF       R1 
0x05A8	0x0E86      	MOVLW       134
0x05AA	0x6EF6      	MOVWF       TBLPTR 
0x05AC	0x0E05      	MOVLW       5
0x05AE	0x6EF7      	MOVWF       TBLPTRH 
0x05B0	0x0E00      	MOVLW       0
0x05B2	0x6EF8      	MOVWF       TBLPTRU 
0x05B4	0xF001EC41  	CALL        642, 0
0x05B8	0x0012      	RETURN      0
;LAB5_ADC.c,0 :: ?ICS?lstr2_LAB5_ADC
0x0586	0x4452 ;?ICS?lstr2_LAB5_ADC+0
0x0588	0x2030 ;?ICS?lstr2_LAB5_ADC+2
0x058A	0x6D5B ;?ICS?lstr2_LAB5_ADC+4
0x058C	0x5D56 ;?ICS?lstr2_LAB5_ADC+6
0x058E	0x003A ;?ICS?lstr2_LAB5_ADC+8
; end of ?ICS?lstr2_LAB5_ADC
;LAB5_ADC.c,0 :: ?ICS?lstr1_LAB5_ADC
0x0590	0x4152 ;?ICS?lstr1_LAB5_ADC+0
0x0592	0x2030 ;?ICS?lstr1_LAB5_ADC+2
0x0594	0x6D5B ;?ICS?lstr1_LAB5_ADC+4
0x0596	0x5D56 ;?ICS?lstr1_LAB5_ADC+6
0x0598	0x203A ;?ICS?lstr1_LAB5_ADC+8
0x059A	0x00 ;?ICS?lstr1_LAB5_ADC+10
; end of ?ICS?lstr1_LAB5_ADC
Symbol List:
//** Routines locations **
//ADDRESS    SIZE    PROCEDURE
//----------------------------------------------
0x0008      [64]    _interrupt
0x0048       [6]    _Delay_1us
0x004E      [22]    _Delay_5500us
0x0064      [10]    _Delay_50us
0x006E      [54]    _Div_16X16_U
0x00A4     [124]    _Lcd_Cmd
0x0120      [12]    _Lcd_Chr_CP
0x012C     [144]    _WordToStr
0x01BC     [122]    _Lcd_Out
0x0236      [76]    _strcpy
0x0282      [16]    ___CC2DW
0x0292     [150]    _Lcd_Init
0x0328      [94]    _strcat
0x0386     [216]    _IntToStr
0x045E      [80]    _Mul_16X16_U
0x04AE     [216]    _main
//** Variables locations ** 
//ADDRESS    SIZE    VARIABLE
//----------------------------------------------
0x0000       [1]    R0
0x0001       [1]    __Lib_Conversions_Adjust_Hex_tmp_L0
0x0001       [1]    R1
0x0002       [2]    memchr_s_L0
0x0002       [2]    memcpy_dd_L0
0x0002       [2]    strlen_cp_L0
0x0002       [2]    memset_pp_L0
0x0002       [1]    R2
0x0003       [1]    R3
0x0003       [2]    memmove_tt_L0
0x0003       [2]    Ltrim_original_L0
0x0004       [2]    strcat_cp_L0
0x0004       [2]    strncat_cp_L0
0x0004       [2]    strncpy_cp_L0
0x0004       [2]    strcpy_cp_L0
0x0004       [2]    memcpy_ss_L0
0x0004       [1]    R4
0x0005       [2]    LongWordToHex_input_half_L0
0x0005       [2]    Ltrim_p_L0
0x0005       [1]    R5
0x0005       [2]    LongIntToHex_input_half_L0
0x0005       [2]    memmove_ff_L0
0x0006       [1]    R6
0x0007       [1]    R7
0x0008       [1]    R8
0x0009       [1]    R9
0x000A       [1]    R10
0x000B       [1]    R11
0x000C       [1]    R12
0x000D       [1]    R13
0x000E       [1]    R14
0x000F       [1]    R15
0x0010       [1]    R16
0x0011       [1]    R17
0x0012       [1]    R18
0x0013       [1]    R19
0x0014       [1]    R20
0x0016      [10]    ?lstr2_LAB5_ADC
0x0020      [11]    ?lstr1_LAB5_ADC
0x002B       [2]    _adc_10bit_RA0
0x002D       [1]    _adc_8bit_RD0
0x002E       [0]    __Lib_Lcd_cmd_status
0x002F      [16]    main_row_L0
0x003F       [8]    main_number_L0
0x0047       [1]    FARG_Lcd_Out_row
0x0047       [2]    FARG_IntToStr_input
0x0047       [2]    FARG_strcpy_to
0x0047       [2]    FARG_strcat_to
0x0048       [1]    FARG_Lcd_Out_column
0x0049       [2]    FARG_strcat_from
0x0049       [2]    FARG_IntToStr_output
0x0049       [2]    FARG_Lcd_Out_text
0x0049       [2]    FARG_strcpy_from
0x004B       [1]    Lcd_Out_i_L0
0x004B       [2]    IntToStr_i_L0
0x004D       [2]    IntToStr_negative_L0
0x004F       [2]    IntToStr_inword_L0
0x0051       [2]    FARG_WordToStr_input
0x0051       [1]    FARG_Lcd_Chr_CP_out_char
0x0053       [2]    FARG_WordToStr_output
0x0055       [1]    WordToStr_len_L0
0x0056       [2]    FLOC__WordToStr
0x0058       [1]    FARG_Lcd_Cmd_out_char
0x0F38       [1]    ANSELA
0x0F3B       [1]    ANSELD
0x0F8A       [0]    LATB0_bit
0x0F8A       [0]    LCD_EN
0x0F8A       [0]    LCD_RS
0x0F8A       [0]    LCD_D7
0x0F8A       [0]    LCD_D4
0x0F8A       [0]    LCD_D5
0x0F8A       [0]    LCD_D6
0x0F8A       [0]    LATB3_bit
0x0F8A       [0]    LATB2_bit
0x0F8A       [0]    LATB1_bit
0x0F8A       [0]    LATB5_bit
0x0F8A       [0]    LATB4_bit
0x0F92       [1]    TRISA
0x0F93       [0]    LCD_D6_Direction
0x0F93       [0]    LCD_D7_Direction
0x0F93       [0]    TRISB4_bit
0x0F93       [0]    TRISB3_bit
0x0F93       [0]    TRISB2_bit
0x0F93       [0]    TRISB5_bit
0x0F93       [0]    LCD_EN_Direction
0x0F93       [0]    LCD_D4_Direction
0x0F93       [0]    LCD_D5_Direction
0x0F93       [0]    TRISB1_bit
0x0F93       [0]    TRISB0_bit
0x0F93       [0]    LCD_RS_Direction
0x0F95       [1]    TRISD
0x0F9D       [1]    PIE1
0x0F9E       [1]    PIR1
0x0FC0       [1]    ADCON2
0x0FC2       [1]    ADCON0
0x0FC3       [1]    ADRESL
0x0FC4       [1]    ADRESH
0x0FD8       [1]    STATUS
0x0FD9       [1]    FSR2L
0x0FDA       [1]    FSR2H
0x0FDE       [1]    POSTINC2
0x0FE0       [1]    BSR
0x0FE1       [1]    FSR1L
0x0FE2       [1]    FSR1H
0x0FE4       [1]    PREINC1
0x0FE6       [1]    POSTINC1
0x0FE7       [1]    INDF1
0x0FE8       [1]    WREG
0x0FE9       [1]    FSR0L
0x0FEA       [1]    FSR0H
0x0FEE       [1]    POSTINC0
0x0FF2       [1]    INTCON
0x0FF3       [1]    PRODL
0x0FF4       [1]    PRODH
0x0FF5       [1]    TABLAT
0x0FF6       [1]    TBLPTRL
0x0FF6       [3]    TBLPTR
0x0FF7       [1]    TBLPTRH
0x0FF8       [1]    TBLPTRU
//** Constants locations ** 
//ADDRESS    SIZE    CONSTANT
//----------------------------------------------
0x0586      [10]    ?ICS?lstr2_LAB5_ADC
0x0590      [11]    ?ICS?lstr1_LAB5_ADC
