;  LST file generated by mikroListExporter - v.2.0 
; Date/Time: 17/05/2021 18:40:49
;----------------------------------------------

;Address Opcode 	ASM
0x0000	0xF000EF0B  	GOTO        22
_interrupt:
;LAB6_PWM.c,41 :: 		void interrupt(){
;LAB6_PWM.c,42 :: 		if (PIR1.ADIF)
0x0008	0xAC9E      	BTFSS       PIR1, 6 
0x000A	0xD004      	BRA         L_interrupt2
;LAB6_PWM.c,44 :: 		PIR1.ADIF = 0;
0x000C	0x9C9E      	BCF         PIR1, 6 
;LAB6_PWM.c,49 :: 		CCPR5L = ADRESH;
0x000E	0xFF55CFC4  	MOVFF       ADRESH, CCPR5L
;LAB6_PWM.c,50 :: 		ADCON0.GO_NOT_DONE = 1;
0x0012	0x82C2      	BSF         ADCON0, 1 
;LAB6_PWM.c,51 :: 		}
L_interrupt2:
;LAB6_PWM.c,52 :: 		}
L_end_interrupt:
L__interrupt5:
0x0014	0x0011      	RETFIE      1
; end of _interrupt
_main:
;LAB6_PWM.c,1 :: 		void main() {
;LAB6_PWM.c,3 :: 		ANSELA.RA0 = 1; //RA0 analog in
0x0016	0x010F      	MOVLB       15
0x0018	0x8138      	BSF         ANSELA, 0, 1
;LAB6_PWM.c,4 :: 		TRISA.RA0 = 1; //RA0 Input
0x001A	0x8092      	BSF         TRISA, 0 
;LAB6_PWM.c,5 :: 		ADCON0 = 0b00000001;
0x001C	0x0E01      	MOVLW       1
0x001E	0x6EC2      	MOVWF       ADCON0 
;LAB6_PWM.c,6 :: 		ADCON2 = 0b00000001;
0x0020	0x0E01      	MOVLW       1
0x0022	0x6EC0      	MOVWF       ADCON2 
;LAB6_PWM.c,9 :: 		PIE1.ADIE = 1;
0x0024	0x8C9D      	BSF         PIE1, 6 
;LAB6_PWM.c,10 :: 		PIR1.ADIF = 0;
0x0026	0x9C9E      	BCF         PIR1, 6 
;LAB6_PWM.c,11 :: 		INTCON.PEIE = 1;
0x0028	0x8CF2      	BSF         INTCON, 6 
;LAB6_PWM.c,12 :: 		INTCON.GIE = 1;
0x002A	0x8EF2      	BSF         INTCON, 7 
;LAB6_PWM.c,13 :: 		ADCON0.GO_NOT_DONE = 1;
0x002C	0x82C2      	BSF         ADCON0, 1 
;LAB6_PWM.c,20 :: 		TRISE.RE2 = 1;
0x002E	0x8496      	BSF         TRISE, 2 
;LAB6_PWM.c,22 :: 		CCPTMRS1.C5TSEL0 = 1;
0x0030	0x8548      	BSF         CCPTMRS1, 2, 1
;LAB6_PWM.c,23 :: 		CCPTMRS1.C5TSEL1 = 0;
0x0032	0x9748      	BCF         CCPTMRS1, 3, 1
;LAB6_PWM.c,25 :: 		CCP5CON.CCP5M3=1;
0x0034	0x8754      	BSF         CCP5CON, 3, 1
;LAB6_PWM.c,26 :: 		CCP5CON.CCP5M2=1;
0x0036	0x8554      	BSF         CCP5CON, 2, 1
;LAB6_PWM.c,28 :: 		CCPR5L = 0;
0x0038	0x6B55      	CLRF        CCPR5L, 1
;LAB6_PWM.c,30 :: 		PR4 = 255;
0x003A	0x0EFF      	MOVLW       255
0x003C	0x6F52      	MOVWF       PR4, 1
;LAB6_PWM.c,32 :: 		T4CON = 0b00000111;
0x003E	0x0E07      	MOVLW       7
0x0040	0x6F51      	MOVWF       T4CON, 1
;LAB6_PWM.c,34 :: 		TRISE.RE2 = 0;
0x0042	0x9496      	BCF         TRISE, 2 
;LAB6_PWM.c,35 :: 		while(1){
L_main0:
;LAB6_PWM.c,36 :: 		}
0x0044	0xD7FF      	BRA         L_main0
;LAB6_PWM.c,39 :: 		}
L_end_main:
0x0046	0xD7FF      	BRA         $+0
; end of _main
Symbol List:
//** Routines locations **
//ADDRESS    SIZE    PROCEDURE
//----------------------------------------------
0x0008      [14]    _interrupt
0x0016      [50]    _main
//** Variables locations ** 
//ADDRESS    SIZE    VARIABLE
//----------------------------------------------
0x0000       [1]    R0
0x0001       [1]    R1
0x0002       [1]    R2
0x0003       [1]    R3
0x0004       [1]    R4
0x0005       [1]    R5
0x0006       [1]    R6
0x0007       [1]    R7
0x0008       [1]    R8
0x0009       [1]    R9
0x000A       [1]    R10
0x000B       [1]    R11
0x000C       [1]    R12
0x000D       [1]    R13
0x000E       [1]    R14
0x000F       [1]    R15
0x0010       [1]    R16
0x0011       [1]    R17
0x0012       [1]    R18
0x0013       [1]    R19
0x0014       [1]    R20
0x0F38       [1]    ANSELA
0x0F48       [1]    CCPTMRS1
0x0F51       [1]    T4CON
0x0F52       [1]    PR4
0x0F54       [1]    CCP5CON
0x0F55       [1]    CCPR5L
0x0F92       [1]    TRISA
0x0F96       [1]    TRISE
0x0F9D       [1]    PIE1
0x0F9E       [1]    PIR1
0x0FC0       [1]    ADCON2
0x0FC2       [1]    ADCON0
0x0FC4       [1]    ADRESH
0x0FD8       [1]    STATUS
0x0FD9       [1]    FSR2L
0x0FDA       [1]    FSR2H
0x0FDE       [1]    POSTINC2
0x0FE0       [1]    BSR
0x0FE1       [1]    FSR1L
0x0FE2       [1]    FSR1H
0x0FE4       [1]    PREINC1
0x0FE6       [1]    POSTINC1
0x0FE7       [1]    INDF1
0x0FE8       [1]    WREG
0x0FE9       [1]    FSR0L
0x0FEA       [1]    FSR0H
0x0FEE       [1]    POSTINC0
0x0FF2       [1]    INTCON
0x0FF3       [1]    PRODL
0x0FF4       [1]    PRODH
0x0FF5       [1]    TABLAT
0x0FF6       [1]    TBLPTRL
0x0FF7       [1]    TBLPTRH
0x0FF8       [1]    TBLPTRU
