;  LST file generated by mikroListExporter - v.2.0 
; Date/Time: 12/04/2021 19:16:47
;----------------------------------------------

;Address Opcode 	ASM
0x0000	0xF000EF67  	GOTO        206
_interrupt:
;LAB4_Step0.c,69 :: 		void interrupt(){
;LAB4_Step0.c,70 :: 		if(INTCON.TMR0IF){
0x0008	0xA4F2      	BTFSS       INTCON, 2 
0x000A	0xD007      	BRA         L_interrupt7
;LAB4_Step0.c,71 :: 		INTCON.TMR0IF=0;
0x000C	0x94F2      	BCF         INTCON, 2 
;LAB4_Step0.c,72 :: 		TMR0L = 248;
0x000E	0x0EF8      	MOVLW       248
0x0010	0x6ED6      	MOVWF       TMR0L 
;LAB4_Step0.c,73 :: 		counter_ms++;
0x0012	0x4A15      	INFSNZ      _counter_ms, 1 
0x0014	0x2A16      	INCF        _counter_ms+1, 1 
;LAB4_Step0.c,74 :: 		counter_kitt++;
0x0016	0x4A17      	INFSNZ      _counter_kitt, 1 
0x0018	0x2A18      	INCF        _counter_kitt+1, 1 
;LAB4_Step0.c,75 :: 		}
L_interrupt7:
;LAB4_Step0.c,76 :: 		}
L_end_interrupt:
L__interrupt11:
0x001A	0x0011      	RETFIE      1
; end of _interrupt
_Delay_1us:
;__Lib_Delays.c,7 :: 		void Delay_1us() {
;__Lib_Delays.c,8 :: 		Delay_us(1);
0x001C	0x0000      	NOP
0x001E	0x0000      	NOP
;__Lib_Delays.c,9 :: 		}
L_end_Delay_1us:
0x0020	0x0012      	RETURN      0
; end of _Delay_1us
_Delay_5500us:
;__Lib_Delays.c,31 :: 		void Delay_5500us() {
;__Lib_Delays.c,32 :: 		Delay_us(5500);
0x0022	0x0E0F      	MOVLW       15
0x0024	0x6E0C      	MOVWF       R12, 0
0x0026	0x0E47      	MOVLW       71
0x0028	0x6E0D      	MOVWF       R13, 0
L_Delay_5500us5:
0x002A	0x2E0D      	DECFSZ      R13, 1, 0
0x002C	0xD7FE      	BRA         L_Delay_5500us5
0x002E	0x2E0C      	DECFSZ      R12, 1, 0
0x0030	0xD7FC      	BRA         L_Delay_5500us5
0x0032	0x0000      	NOP
0x0034	0x0000      	NOP
;__Lib_Delays.c,33 :: 		}
L_end_Delay_5500us:
0x0036	0x0012      	RETURN      0
; end of _Delay_5500us
_Delay_50us:
;__Lib_Delays.c,19 :: 		void Delay_50us() {
;__Lib_Delays.c,20 :: 		Delay_us(50);
0x0038	0x0E21      	MOVLW       33
0x003A	0x6E0D      	MOVWF       R13, 0
L_Delay_50us2:
0x003C	0x2E0D      	DECFSZ      R13, 1, 0
0x003E	0xD7FE      	BRA         L_Delay_50us2
;__Lib_Delays.c,21 :: 		}
L_end_Delay_50us:
0x0040	0x0012      	RETURN      0
; end of _Delay_50us
___CC2DW:
;__Lib_System.c,21 :: 		
;__Lib_System.c,23 :: 		
_CC2DL_Loop1:
;__Lib_System.c,24 :: 		
0x0042	0x0009      	TBLRD*+
;__Lib_System.c,25 :: 		
0x0044	0xFFE6CFF5  	MOVFF       TABLAT, POSTINC1
;__Lib_System.c,26 :: 		
0x0048	0x0600      	DECF        R0, 1, 0
;__Lib_System.c,27 :: 		
0x004A	0xE1FB      	BNZ         _CC2DL_Loop1
;__Lib_System.c,28 :: 		
0x004C	0x0601      	DECF        R1, 1, 0
;__Lib_System.c,29 :: 		
0x004E	0xE1F9      	BNZ         _CC2DL_Loop1
;__Lib_System.c,31 :: 		
L_end___CC2DW:
0x0050	0x0012      	RETURN      0
; end of ___CC2DW
_Lcd_Cmd:
;__Lib_Lcd.c,18 :: 		
;__Lib_Lcd.c,20 :: 		
0x0052	0xBE21      	BTFSC       FARG_Lcd_Cmd_out_char, 7 
0x0054	0xD002      	BRA         L__Lcd_Cmd21
0x0056	0x968A      	BCF         LCD_D7, BitPos(LCD_D7+0) 
0x0058	0xD001      	BRA         L__Lcd_Cmd22
L__Lcd_Cmd21:
0x005A	0x868A      	BSF         LCD_D7, BitPos(LCD_D7+0) 
L__Lcd_Cmd22:
;__Lib_Lcd.c,21 :: 		
0x005C	0xBC21      	BTFSC       FARG_Lcd_Cmd_out_char, 6 
0x005E	0xD002      	BRA         L__Lcd_Cmd23
0x0060	0x948A      	BCF         LCD_D6, BitPos(LCD_D6+0) 
0x0062	0xD001      	BRA         L__Lcd_Cmd24
L__Lcd_Cmd23:
0x0064	0x848A      	BSF         LCD_D6, BitPos(LCD_D6+0) 
L__Lcd_Cmd24:
;__Lib_Lcd.c,22 :: 		
0x0066	0xBA21      	BTFSC       FARG_Lcd_Cmd_out_char, 5 
0x0068	0xD002      	BRA         L__Lcd_Cmd25
0x006A	0x928A      	BCF         LCD_D5, BitPos(LCD_D5+0) 
0x006C	0xD001      	BRA         L__Lcd_Cmd26
L__Lcd_Cmd25:
0x006E	0x828A      	BSF         LCD_D5, BitPos(LCD_D5+0) 
L__Lcd_Cmd26:
;__Lib_Lcd.c,23 :: 		
0x0070	0xB821      	BTFSC       FARG_Lcd_Cmd_out_char, 4 
0x0072	0xD002      	BRA         L__Lcd_Cmd27
0x0074	0x908A      	BCF         LCD_D4, BitPos(LCD_D4+0) 
0x0076	0xD001      	BRA         L__Lcd_Cmd28
L__Lcd_Cmd27:
0x0078	0x808A      	BSF         LCD_D4, BitPos(LCD_D4+0) 
L__Lcd_Cmd28:
;__Lib_Lcd.c,25 :: 		
0x007A	0xB019      	BTFSC       __Lib_Lcd_cmd_status, BitPos(__Lib_Lcd_cmd_status+0) 
0x007C	0xD002      	BRA         L__Lcd_Cmd29
0x007E	0x888A      	BSF         LCD_RS, BitPos(LCD_RS+0) 
0x0080	0xD001      	BRA         L__Lcd_Cmd30
L__Lcd_Cmd29:
0x0082	0x988A      	BCF         LCD_RS, BitPos(LCD_RS+0) 
L__Lcd_Cmd30:
;__Lib_Lcd.c,28 :: 		
0x0084	0x8A8A      	BSF         LCD_EN, BitPos(LCD_EN+0) 
;__Lib_Lcd.c,29 :: 		
0x0086	0xDFCA      	RCALL       _Delay_1us
;__Lib_Lcd.c,30 :: 		
0x0088	0x9A8A      	BCF         LCD_EN, BitPos(LCD_EN+0) 
;__Lib_Lcd.c,33 :: 		
0x008A	0xB621      	BTFSC       FARG_Lcd_Cmd_out_char, 3 
0x008C	0xD002      	BRA         L__Lcd_Cmd31
0x008E	0x968A      	BCF         LCD_D7, BitPos(LCD_D7+0) 
0x0090	0xD001      	BRA         L__Lcd_Cmd32
L__Lcd_Cmd31:
0x0092	0x868A      	BSF         LCD_D7, BitPos(LCD_D7+0) 
L__Lcd_Cmd32:
;__Lib_Lcd.c,34 :: 		
0x0094	0xB421      	BTFSC       FARG_Lcd_Cmd_out_char, 2 
0x0096	0xD002      	BRA         L__Lcd_Cmd33
0x0098	0x948A      	BCF         LCD_D6, BitPos(LCD_D6+0) 
0x009A	0xD001      	BRA         L__Lcd_Cmd34
L__Lcd_Cmd33:
0x009C	0x848A      	BSF         LCD_D6, BitPos(LCD_D6+0) 
L__Lcd_Cmd34:
;__Lib_Lcd.c,35 :: 		
0x009E	0xB221      	BTFSC       FARG_Lcd_Cmd_out_char, 1 
0x00A0	0xD002      	BRA         L__Lcd_Cmd35
0x00A2	0x928A      	BCF         LCD_D5, BitPos(LCD_D5+0) 
0x00A4	0xD001      	BRA         L__Lcd_Cmd36
L__Lcd_Cmd35:
0x00A6	0x828A      	BSF         LCD_D5, BitPos(LCD_D5+0) 
L__Lcd_Cmd36:
;__Lib_Lcd.c,36 :: 		
0x00A8	0xB021      	BTFSC       FARG_Lcd_Cmd_out_char, 0 
0x00AA	0xD002      	BRA         L__Lcd_Cmd37
0x00AC	0x908A      	BCF         LCD_D4, BitPos(LCD_D4+0) 
0x00AE	0xD001      	BRA         L__Lcd_Cmd38
L__Lcd_Cmd37:
0x00B0	0x808A      	BSF         LCD_D4, BitPos(LCD_D4+0) 
L__Lcd_Cmd38:
;__Lib_Lcd.c,38 :: 		
0x00B2	0xB019      	BTFSC       __Lib_Lcd_cmd_status, BitPos(__Lib_Lcd_cmd_status+0) 
0x00B4	0xD002      	BRA         L__Lcd_Cmd39
0x00B6	0x888A      	BSF         LCD_RS, BitPos(LCD_RS+0) 
0x00B8	0xD001      	BRA         L__Lcd_Cmd40
L__Lcd_Cmd39:
0x00BA	0x988A      	BCF         LCD_RS, BitPos(LCD_RS+0) 
L__Lcd_Cmd40:
;__Lib_Lcd.c,40 :: 		
0x00BC	0x8A8A      	BSF         LCD_EN, BitPos(LCD_EN+0) 
;__Lib_Lcd.c,41 :: 		
0x00BE	0xDFAE      	RCALL       _Delay_1us
;__Lib_Lcd.c,42 :: 		
0x00C0	0x9A8A      	BCF         LCD_EN, BitPos(LCD_EN+0) 
;__Lib_Lcd.c,44 :: 		
0x00C2	0xA019      	BTFSS       __Lib_Lcd_cmd_status, BitPos(__Lib_Lcd_cmd_status+0) 
0x00C4	0xD002      	BRA         L_Lcd_Cmd0
;__Lib_Lcd.c,45 :: 		
0x00C6	0xDFAD      	RCALL       _Delay_5500us
0x00C8	0xD001      	BRA         L_Lcd_Cmd1
L_Lcd_Cmd0:
;__Lib_Lcd.c,47 :: 		
0x00CA	0xDFB6      	RCALL       _Delay_50us
L_Lcd_Cmd1:
;__Lib_Lcd.c,48 :: 		
L_end_Lcd_Cmd:
0x00CC	0x0012      	RETURN      0
; end of _Lcd_Cmd
_main:
0x00CE	0x6A15      	CLRF        _counter_ms 
0x00D0	0x6A16      	CLRF        22 
0x00D2	0x6A17      	CLRF        _counter_kitt 
0x00D4	0x6A18      	CLRF        24 
;LAB4_Step0.c,20 :: 		void main() {
;LAB4_Step0.c,21 :: 		char pattern[5]={0b11111111, 0b01111110, 0b00111100, 0b00011000, 0b00000000};
0x00D6	0x0EFF      	MOVLW       255
0x00D8	0x6E1A      	MOVWF       main_pattern_L0 
0x00DA	0x0E7E      	MOVLW       126
0x00DC	0x6E1B      	MOVWF       main_pattern_L0+1 
0x00DE	0x0E3C      	MOVLW       60
0x00E0	0x6E1C      	MOVWF       main_pattern_L0+2 
0x00E2	0x0E18      	MOVLW       24
0x00E4	0x6E1D      	MOVWF       main_pattern_L0+3 
0x00E6	0x6A1E      	CLRF        main_pattern_L0+4 
0x00E8	0x0E01      	MOVLW       1
0x00EA	0x6E1F      	MOVWF       main_dir_L0 
0x00EC	0x6A20      	CLRF        main_cycle_L0 
;LAB4_Step0.c,26 :: 		T0CON = 0b11000111;
0x00EE	0x0EC7      	MOVLW       199
0x00F0	0x6ED5      	MOVWF       T0CON 
;LAB4_Step0.c,27 :: 		TMR0L = 248;
0x00F2	0x0EF8      	MOVLW       248
0x00F4	0x6ED6      	MOVWF       TMR0L 
;LAB4_Step0.c,28 :: 		TRISD = 0b00000000;
0x00F6	0x6A95      	CLRF        TRISD 
;LAB4_Step0.c,31 :: 		INTCON.TMR0IE = 1;
0x00F8	0x8AF2      	BSF         INTCON, 5 
;LAB4_Step0.c,32 :: 		INTCON.GIE = 1;
0x00FA	0x8EF2      	BSF         INTCON, 7 
;LAB4_Step0.c,35 :: 		Lcd_Cmd(_LCD_CLEAR);               // Clear display
0x00FC	0x0E01      	MOVLW       1
0x00FE	0x6E21      	MOVWF       FARG_Lcd_Cmd_out_char 
0x0100	0xDFA8      	RCALL       _Lcd_Cmd
;LAB4_Step0.c,36 :: 		Lcd_Cmd(_LCD_CURSOR_OFF);          // Cursor off
0x0102	0x0E0C      	MOVLW       12
0x0104	0x6E21      	MOVWF       FARG_Lcd_Cmd_out_char 
0x0106	0xDFA5      	RCALL       _Lcd_Cmd
;LAB4_Step0.c,38 :: 		while(1){
L_main0:
;LAB4_Step0.c,40 :: 		if(counter_kitt > 1000){
0x0108	0x5018      	MOVF        _counter_kitt+1, 0 
0x010A	0x0803      	SUBLW       3
0x010C	0xE102      	BNZ         L__main9
0x010E	0x5017      	MOVF        _counter_kitt, 0 
0x0110	0x08E8      	SUBLW       232
L__main9:
0x0112	0xE21B      	BC          L_main2
;LAB4_Step0.c,41 :: 		counter_kitt = 0;
0x0114	0x6A17      	CLRF        _counter_kitt 
0x0116	0x6A18      	CLRF        _counter_kitt+1 
;LAB4_Step0.c,42 :: 		LATD = pattern[cycle];
0x0118	0x0E1A      	MOVLW       main_pattern_L0
0x011A	0x6EE9      	MOVWF       FSR0L 
0x011C	0x0E00      	MOVLW       hi_addr(main_pattern_L0)
0x011E	0x6EEA      	MOVWF       FSR0L+1 
0x0120	0x5020      	MOVF        main_cycle_L0, 0 
0x0122	0x26E9      	ADDWF       FSR0L, 1 
0x0124	0xB0D8      	BTFSC       STATUS, 0 
0x0126	0x2AEA      	INCF        FSR0L+1, 1 
0x0128	0xFF8CCFEE  	MOVFF       POSTINC0, LATD
;LAB4_Step0.c,43 :: 		if (cycle == 4){
0x012C	0x5020      	MOVF        main_cycle_L0, 0 
0x012E	0x0A04      	XORLW       4
0x0130	0xB4D8      	BTFSC       STATUS, 2 
;LAB4_Step0.c,44 :: 		dir = 0;
0x0132	0x6A1F      	CLRF        main_dir_L0 
;LAB4_Step0.c,45 :: 		}
L_main3:
;LAB4_Step0.c,46 :: 		if (cycle == 0){
0x0134	0x5020      	MOVF        main_cycle_L0, 0 
0x0136	0x0A00      	XORLW       0
0x0138	0xE102      	BNZ         L_main4
;LAB4_Step0.c,47 :: 		dir = 1;
0x013A	0x0E01      	MOVLW       1
0x013C	0x6E1F      	MOVWF       main_dir_L0 
;LAB4_Step0.c,48 :: 		}
L_main4:
;LAB4_Step0.c,49 :: 		if (dir == 1){
0x013E	0x501F      	MOVF        main_dir_L0, 0 
0x0140	0x0A01      	XORLW       1
0x0142	0xE102      	BNZ         L_main5
;LAB4_Step0.c,50 :: 		cycle ++;
0x0144	0x2A20      	INCF        main_cycle_L0, 1 
;LAB4_Step0.c,51 :: 		}
0x0146	0xD001      	BRA         L_main6
L_main5:
;LAB4_Step0.c,53 :: 		cycle --;
0x0148	0x0620      	DECF        main_cycle_L0, 1 
;LAB4_Step0.c,54 :: 		}
L_main6:
;LAB4_Step0.c,55 :: 		}
L_main2:
;LAB4_Step0.c,66 :: 		}
0x014A	0xD7DE      	BRA         L_main0
;LAB4_Step0.c,67 :: 		}
L_end_main:
0x014C	0xD7FF      	BRA         $+0
; end of _main
Symbol List:
//** Routines locations **
//ADDRESS    SIZE    PROCEDURE
//----------------------------------------------
0x0008      [20]    _interrupt
0x001C       [6]    _Delay_1us
0x0022      [22]    _Delay_5500us
0x0038      [10]    _Delay_50us
0x0042      [16]    ___CC2DW
0x0052     [124]    _Lcd_Cmd
0x00CE     [128]    _main
//** Variables locations ** 
//ADDRESS    SIZE    VARIABLE
//----------------------------------------------
0x0000       [1]    R0
0x0001       [1]    __Lib_Conversions_Adjust_Hex_tmp_L0
0x0001       [1]    R1
0x0002       [2]    memcpy_dd_L0
0x0002       [1]    R2
0x0002       [2]    memchr_s_L0
0x0002       [2]    memset_pp_L0
0x0002       [2]    strlen_cp_L0
0x0003       [2]    memmove_tt_L0
0x0003       [2]    Ltrim_original_L0
0x0003       [1]    R3
0x0004       [2]    strncpy_cp_L0
0x0004       [2]    strncat_cp_L0
0x0004       [2]    strcat_cp_L0
0x0004       [1]    R4
0x0004       [2]    strcpy_cp_L0
0x0004       [2]    memcpy_ss_L0
0x0005       [2]    LongWordToHex_input_half_L0
0x0005       [2]    memmove_ff_L0
0x0005       [2]    LongIntToHex_input_half_L0
0x0005       [2]    Ltrim_p_L0
0x0005       [1]    R5
0x0006       [1]    R6
0x0007       [1]    R7
0x0008       [1]    R8
0x0009       [1]    R9
0x000A       [1]    R10
0x000B       [1]    R11
0x000C       [1]    R12
0x000D       [1]    R13
0x000E       [1]    R14
0x000F       [1]    R15
0x0010       [1]    R16
0x0011       [1]    R17
0x0012       [1]    R18
0x0013       [1]    R19
0x0014       [1]    R20
0x0015       [2]    _counter_ms
0x0017       [2]    _counter_kitt
0x0019       [0]    __Lib_Lcd_cmd_status
0x001A       [5]    main_pattern_L0
0x001F       [1]    main_dir_L0
0x0020       [1]    main_cycle_L0
0x0021       [1]    FARG_Lcd_Cmd_out_char
0x0F8A       [0]    LCD_D5
0x0F8A       [0]    LCD_D4
0x0F8A       [0]    LCD_D7
0x0F8A       [0]    LCD_D6
0x0F8A       [0]    LCD_EN
0x0F8A       [0]    LATB3_bit
0x0F8A       [0]    LATB4_bit
0x0F8A       [0]    LATB2_bit
0x0F8A       [0]    LATB0_bit
0x0F8A       [0]    LATB1_bit
0x0F8A       [0]    LCD_RS
0x0F8A       [0]    LATB5_bit
0x0F8C       [1]    LATD
0x0F93       [0]    TRISB4_bit
0x0F93       [0]    TRISB3_bit
0x0F93       [0]    TRISB0_bit
0x0F93       [0]    TRISB1_bit
0x0F93       [0]    TRISB2_bit
0x0F93       [0]    TRISB5_bit
0x0F95       [1]    TRISD
0x0FD5       [1]    T0CON
0x0FD6       [1]    TMR0L
0x0FD8       [1]    STATUS
0x0FD9       [1]    FSR2L
0x0FDA       [1]    FSR2H
0x0FDE       [1]    POSTINC2
0x0FE0       [1]    BSR
0x0FE1       [1]    FSR1L
0x0FE2       [1]    FSR1H
0x0FE4       [1]    PREINC1
0x0FE6       [1]    POSTINC1
0x0FE7       [1]    INDF1
0x0FE8       [1]    WREG
0x0FE9       [1]    FSR0L
0x0FEA       [1]    FSR0H
0x0FEE       [1]    POSTINC0
0x0FF2       [1]    INTCON
0x0FF3       [1]    PRODL
0x0FF4       [1]    PRODH
0x0FF5       [1]    TABLAT
0x0FF6       [1]    TBLPTRL
0x0FF7       [1]    TBLPTRH
0x0FF8       [1]    TBLPTRU
