;  LST file generated by mikroListExporter - v.2.0 
; Date/Time: 29/03/2021 18:14:42
;----------------------------------------------

;Address Opcode 	ASM
0x0000	0xF000EF14  	GOTO        40
_interrupt:
;led_timer_preciso.c,54 :: 		void interrupt(){
;led_timer_preciso.c,57 :: 		if(INTCON.TMR0IF){
0x0008	0xA4F2      	BTFSS       INTCON, 2 
0x000A	0xD005      	BRA         L_interrupt3
;led_timer_preciso.c,58 :: 		INTCON.TMR0IF = 0;
0x000C	0x94F2      	BCF         INTCON, 2 
;led_timer_preciso.c,59 :: 		led_ms += 15;
0x000E	0x0E0F      	MOVLW       15
0x0010	0x2615      	ADDWF       _led_ms, 1 
0x0012	0x0E00      	MOVLW       0
0x0014	0x2216      	ADDWFC      _led_ms+1, 1 
;led_timer_preciso.c,62 :: 		}
L_interrupt3:
;led_timer_preciso.c,67 :: 		}
L_end_interrupt:
L__interrupt7:
0x0016	0x0011      	RETFIE      1
; end of _interrupt
___CC2DW:
;__Lib_System.c,21 :: 		
;__Lib_System.c,23 :: 		
_CC2DL_Loop1:
;__Lib_System.c,24 :: 		
0x0018	0x0009      	TBLRD*+
;__Lib_System.c,25 :: 		
0x001A	0xFFE6CFF5  	MOVFF       TABLAT, POSTINC1
;__Lib_System.c,26 :: 		
0x001E	0x0600      	DECF        R0, 1, 0
;__Lib_System.c,27 :: 		
0x0020	0xE1FB      	BNZ         _CC2DL_Loop1
;__Lib_System.c,28 :: 		
0x0022	0x0601      	DECF        R1, 1, 0
;__Lib_System.c,29 :: 		
0x0024	0xE1F9      	BNZ         _CC2DL_Loop1
;__Lib_System.c,31 :: 		
L_end___CC2DW:
0x0026	0x0012      	RETURN      0
; end of ___CC2DW
_main:
0x0028	0x6A15      	CLRF        _led_ms 
0x002A	0x6A16      	CLRF        22 
;led_timer_preciso.c,3 :: 		void main() {
;led_timer_preciso.c,6 :: 		TRISC.RC0 = 0;
0x002C	0x9094      	BCF         TRISC, 0 
;led_timer_preciso.c,7 :: 		LATC.RC0 = 1;
0x002E	0x808B      	BSF         LATC, 0 
;led_timer_preciso.c,9 :: 		TRISC.RC7 = 0;
0x0030	0x9E94      	BCF         TRISC, 7 
;led_timer_preciso.c,10 :: 		LATC.RC7 = 1;
0x0032	0x8E8B      	BSF         LATC, 7 
;led_timer_preciso.c,12 :: 		T0CON = 0b11000111;
0x0034	0x0EC7      	MOVLW       199
0x0036	0x6ED5      	MOVWF       T0CON 
;led_timer_preciso.c,13 :: 		TMR0L = 0b10001011;
0x0038	0x0E8B      	MOVLW       139
0x003A	0x6ED6      	MOVWF       TMR0L 
;led_timer_preciso.c,25 :: 		INTCON.TMR0IE = 1;
0x003C	0x8AF2      	BSF         INTCON, 5 
;led_timer_preciso.c,26 :: 		INTCON.TMR0IF = 0;
0x003E	0x94F2      	BCF         INTCON, 2 
;led_timer_preciso.c,35 :: 		INTCON.GIE = 1;
0x0040	0x8EF2      	BSF         INTCON, 7 
;led_timer_preciso.c,37 :: 		while(1){
L_main0:
;led_timer_preciso.c,43 :: 		if(led_ms>=300){
0x0042	0x0E01      	MOVLW       1
0x0044	0x5C16      	SUBWF       _led_ms+1, 0 
0x0046	0xE102      	BNZ         L__main5
0x0048	0x0E2C      	MOVLW       44
0x004A	0x5C15      	SUBWF       _led_ms, 0 
L__main5:
0x004C	0xE303      	BNC         L_main2
;led_timer_preciso.c,44 :: 		led_ms = 0;
0x004E	0x6A15      	CLRF        _led_ms 
0x0050	0x6A16      	CLRF        _led_ms+1 
;led_timer_preciso.c,45 :: 		LATC.RC0 = !LATC.RC0;
0x0052	0x708B      	BTG         LATC, 0 
;led_timer_preciso.c,46 :: 		}
L_main2:
;led_timer_preciso.c,49 :: 		}
0x0054	0xD7F6      	BRA         L_main0
;led_timer_preciso.c,51 :: 		}
L_end_main:
0x0056	0xD7FF      	BRA         $+0
; end of _main
Symbol List:
//** Routines locations **
//ADDRESS    SIZE    PROCEDURE
//----------------------------------------------
0x0008      [16]    _interrupt
0x0018      [16]    ___CC2DW
0x0028      [48]    _main
//** Variables locations ** 
//ADDRESS    SIZE    VARIABLE
//----------------------------------------------
0x0000       [1]    R0
0x0001       [1]    R1
0x0002       [1]    R2
0x0003       [1]    R3
0x0004       [1]    R4
0x0005       [1]    R5
0x0006       [1]    R6
0x0007       [1]    R7
0x0008       [1]    R8
0x0009       [1]    R9
0x000A       [1]    R10
0x000B       [1]    R11
0x000C       [1]    R12
0x000D       [1]    R13
0x000E       [1]    R14
0x000F       [1]    R15
0x0010       [1]    R16
0x0011       [1]    R17
0x0012       [1]    R18
0x0013       [1]    R19
0x0014       [1]    R20
0x0015       [2]    _led_ms
0x0F8B       [1]    LATC
0x0F94       [1]    TRISC
0x0FD5       [1]    T0CON
0x0FD6       [1]    TMR0L
0x0FD8       [1]    STATUS
0x0FD9       [1]    FSR2L
0x0FDA       [1]    FSR2H
0x0FDE       [1]    POSTINC2
0x0FE0       [1]    BSR
0x0FE1       [1]    FSR1L
0x0FE2       [1]    FSR1H
0x0FE4       [1]    PREINC1
0x0FE6       [1]    POSTINC1
0x0FE7       [1]    INDF1
0x0FE8       [1]    WREG
0x0FE9       [1]    FSR0L
0x0FEA       [1]    FSR0H
0x0FEE       [1]    POSTINC0
0x0FF2       [1]    INTCON
0x0FF3       [1]    PRODL
0x0FF4       [1]    PRODH
0x0FF5       [1]    TABLAT
0x0FF6       [1]    TBLPTRL
0x0FF7       [1]    TBLPTRH
0x0FF8       [1]    TBLPTRU
